03:57:45.448 [main                     ] DEBUG Logger               - Configured Logger
03:57:45.461 [main                     ] DEBUG GameApplication      - Logging settings
Title: Simulador Restaurante
Version: 0.1
Width: 1300
Height: 600
Fullscreen: false
Intro: false
Profiling: false
Single step:false
App Mode: DEVELOPER
Menu Key: ESCAPE
Stage Style: DECORATED
Scene Factory: class com.Restaurant.Main$1

03:57:46.048 [JavaFX Application Thread] DEBUG FXGLApplication      - Initializing FXGL
03:57:46.056 [JavaFX Application Thread] INFO  Engine               - FXGL-17.3 (30.03.2023 11.49) on WINDOWS (J:17.0.13 FX:17.0.6)
03:57:46.056 [JavaFX Application Thread] DEBUG Engine               - JRE Vendor Name: Oracle Corporation
03:57:46.056 [JavaFX Application Thread] DEBUG Engine               - Running on OS: Windows 11 version 10.0
03:57:46.057 [JavaFX Application Thread] DEBUG Engine               - Architecture: amd64
03:57:46.057 [JavaFX Application Thread] INFO  Engine               - Source code and latest versions at: https://github.com/AlmasB/FXGL
03:57:46.057 [JavaFX Application Thread] INFO  Engine               -       Ask questions and discuss at: https://github.com/AlmasB/FXGL/discussions
03:57:46.057 [JavaFX Application Thread] INFO  Engine               -              Join the FXGL chat at: https://gitter.im/AlmasB/FXGL
03:57:46.195 [JavaFX Application Thread] DEBUG PrimaryStageWindow   - Creating a JavaFX scene
03:57:46.249 [JavaFX Application Thread] DEBUG PrimaryStageWindow   - Target settings size: 1300.0 x 600.0
03:57:46.249 [JavaFX Application Thread] DEBUG PrimaryStageWindow   - Scaled scene size:    1300.0 x 600.0
03:57:46.249 [JavaFX Application Thread] DEBUG PrimaryStageWindow   - Scaled ratio: (1.0, 1.0)
03:57:46.250 [JavaFX Application Thread] DEBUG PrimaryStageWindow   - Set initial scene to FXGLStartupScene
03:57:46.257 [JavaFX Application Thread] DEBUG PrimaryStageWindow   - Opening main window
03:57:46.348 [JavaFX Application Thread] DEBUG PrimaryStageWindow   - Window border size: (16.0, 39.0)
03:57:46.349 [JavaFX Application Thread] DEBUG PrimaryStageWindow   - Scaled size: 1300.0 x 600.0
03:57:46.349 [JavaFX Application Thread] DEBUG PrimaryStageWindow   - Scaled ratio: (1.0, 1.0)
03:57:46.350 [JavaFX Application Thread] DEBUG PrimaryStageWindow   - Scene size: 1300.0 x 600.0
03:57:46.350 [JavaFX Application Thread] DEBUG PrimaryStageWindow   - Stage size: 1316.0 x 639.0
03:57:46.357 [FXGL Background Thread 1 ] DEBUG Engine               - Initializing environment variables
03:57:46.394 [FXGL Background Thread 1 ] DEBUG FXGLAssetLoaderServi - User app class for loading assets: class com.Restaurant.Main
03:57:46.395 [FXGL Background Thread 1 ] DEBUG GameApplicationServi - Applying CSS: fxgl_dark.css
03:57:46.396 [FXGL Background Thread 1 ] DEBUG FXGLAssetLoaderServi - Loading from file system: jar:file:/C:/Users/gabor/.m2/repository/com/github/almasb/fxgl/17.3/fxgl-17.3.jar!/fxglassets/ui/css/fxgl_dark.css
03:57:46.447 [FXGL Background Thread 1 ] DEBUG GameApplicationServi - Initializing application scenes
03:57:46.493 [FXGL Background Thread 1 ] DEBUG GameWorld            - Game world initialized
03:57:46.558 [FXGL Background Thread 1 ] DEBUG PhysicsWorld         - Physics world initialized: appHeight=600, physics.ppm=50.0
03:57:46.559 [FXGL Background Thread 1 ] DEBUG PhysicsWorld         - Using strategy: BRUTE_FORCE
03:57:46.563 [FXGL Background Thread 1 ] DEBUG GameScene            - Game scene initialized: 1300x600
03:57:46.765 [FXGL Background Thread 1 ] DEBUG FXGL.DefaultMenu     - createMenuBodyGameMenu()
03:57:46.775 [FXGL Background Thread 1 ] DEBUG FXGL.DefaultMenu     - createOptionsMenu()
03:57:46.783 [FXGL Background Thread 1 ] DEBUG FXGLAssetLoaderServi - Loading from file system: jar:file:/C:/Users/gabor/.m2/repository/com/github/almasb/fxgl/17.3/fxgl-17.3.jar!/fxglassets/textures/particles/smoke.png
03:57:47.076 [FXGL Background Thread 1 ] DEBUG FXGLAssetLoaderServi - Loading from file system: jar:file:/C:/Users/gabor/.m2/repository/com/github/almasb/fxgl/17.3/fxgl-17.3.jar!/fxglassets/textures/particles/trace_horizontal.png
03:57:47.096 [FXGL Background Thread 1 ] DEBUG GameApplicationServi - Application scenes initialized
03:57:47.107 [FXGL Background Thread 1 ] DEBUG SystemBundleService  - Loading FXGL system data
03:57:47.113 [FXGL Background Thread 1 ] DEBUG FileSystemAccess     - Reading from: C:\Users\gabor\IdeaProjects\Restaurant_Simulador\system\fxgl.bundle
03:57:47.116 [FXGL Background Thread 1 ] DEBUG SystemBundleService  - Bundle FXGL: {}
03:57:47.116 [FXGL Background Thread 1 ] DEBUG UpdaterService       - Checking for updates
03:57:47.121 [FXGL Background Thread 4 ] DEBUG FXGLApplication      - Loading fonts
03:57:47.122 [FXGL Background Thread 4 ] DEBUG FXGLAssetLoaderServi - Loading from file system: jar:file:/C:/Users/gabor/.m2/repository/com/github/almasb/fxgl/17.3/fxgl-17.3.jar!/fxglassets/ui/fonts/VarelaRound-Regular.ttf
03:57:47.122 [FXGL Background Thread 1 ] DEBUG FXGLApplication      - Loading default localization
03:57:47.123 [FXGL Background Thread 1 ] DEBUG FXGLAssetLoaderServi - Loading from file system: jar:file:/C:/Users/gabor/.m2/repository/com/github/almasb/fxgl/17.3/fxgl-17.3.jar!/fxglassets/languages/english.lang
03:57:47.137 [FXGL Background Thread 4 ] DEBUG FXGLAssetLoaderServi - Loading from file system: jar:file:/C:/Users/gabor/.m2/repository/com/github/almasb/fxgl/17.3/fxgl-17.3.jar!/fxglassets/ui/fonts/Abel-Regular.ttf
03:57:47.141 [FXGL Background Thread 4 ] DEBUG FXGLAssetLoaderServi - Loading from file system: jar:file:/C:/Users/gabor/.m2/repository/com/github/almasb/fxgl/17.3/fxgl-17.3.jar!/fxglassets/ui/fonts/TerminalLandMono-Regular.otf
03:57:47.144 [FXGL Background Thread 1 ] INFO  FXGLApplication      - FXGL initialization took: 0.785 sec
03:57:47.144 [FXGL Background Thread 4 ] DEBUG FXGLAssetLoaderServi - Loading from file system: jar:file:/C:/Users/gabor/.m2/repository/com/github/almasb/fxgl/17.3/fxgl-17.3.jar!/fxglassets/ui/fonts/Courier-Prime.ttf
03:57:47.145 [JavaFX Application Thread] DEBUG FXGLAssetLoaderServi - Loading from file system: jar:file:/C:/Users/gabor/.m2/repository/com/github/almasb/fxgl/17.3/fxgl-17.3.jar!/fxglassets/textures/fxgl_icon.png
03:57:47.153 [JavaFX Application Thread] DEBUG FXGLAssetLoaderServi - Loading from file system: jar:file:/C:/Users/gabor/.m2/repository/com/github/almasb/fxgl/17.3/fxgl-17.3.jar!/fxglassets/textures/fxgl_default_cursor.png
03:57:47.161 [JavaFX Application Thread] DEBUG Input                - Registered new binding: Screenshot - CTRL+8
03:57:47.162 [JavaFX Application Thread] DEBUG Input                - Registered new binding: System info dump - CTRL+9
03:57:47.162 [JavaFX Application Thread] DEBUG Input                - Registered new binding: Restart - CTRL+R
03:57:47.163 [JavaFX Application Thread] DEBUG Input                - Registered new binding: Toggle Debug Camera - CTRL+7
03:57:47.165 [JavaFX Application Thread] DEBUG LoopRunner           - Starting loop
03:57:47.165 [JavaFX Application Thread] DEBUG LoopRunner           - Initializing JavaFX AnimationTimerLoop
03:57:47.167 [JavaFX Application Thread] DEBUG Input                - Clearing active input actions
03:57:47.170 [JavaFX Application Thread] DEBUG GameApplicationServi - Removing overlay from FXGLStartupScene and adding to FXGLMainMenuDummyScene
03:57:47.170 [JavaFX Application Thread] DEBUG PrimaryStageWindow   - FXGLStartupScene -> FXGLMainMenuDummyScene
03:57:47.170 [JavaFX Application Thread] DEBUG PrimaryStageWindow   - Push state: RestaurantView
03:57:47.170 [JavaFX Application Thread] DEBUG Input                - Clearing active input actions
03:57:47.175 [JavaFX Application Thread] DEBUG GameApplicationServi - Removing overlay from FXGLMainMenuDummyScene and adding to RestaurantView
03:57:47.175 [JavaFX Application Thread] DEBUG PrimaryStageWindow   - FXGLMainMenuDummyScene -> RestaurantView
03:57:47.175 [JavaFX Application Thread] DEBUG FXGLApplication      - Registering font factories with UI factory
03:57:47.606 [FXGL Background Thread 2 ] INFO  UpdaterService       - Your current version:  17.3
03:57:47.607 [FXGL Background Thread 2 ] INFO  UpdaterService       - Latest stable version: 21.1
03:57:48.977 [JavaFX Application Thread] DEBUG Menu                 - fireExit()
03:57:48.979 [JavaFX Application Thread] DEBUG PrimaryStageWindow   - Push state: DialogSubScene
03:57:48.979 [JavaFX Application Thread] DEBUG Input                - Clearing active input actions
03:57:48.980 [JavaFX Application Thread] DEBUG GameApplicationServi - Removing overlay from RestaurantView and adding to DialogSubScene
03:57:48.980 [JavaFX Application Thread] DEBUG PrimaryStageWindow   - RestaurantView -> DialogSubScene
03:57:50.120 [FXGL Background Thread 3 ] DEBUG Engine               - Logging environment variables
03:57:50.123 [FXGL Background Thread 3 ] DEBUG Engine               - achievements: []
03:57:50.124 [FXGL Background Thread 3 ] DEBUG Engine               - actualHeight: 600.0
03:57:50.124 [FXGL Background Thread 3 ] DEBUG Engine               - actualHeightProperty: ReadOnlyDoubleProperty [value: 600.0]
03:57:50.124 [FXGL Background Thread 3 ] DEBUG Engine               - actualWidth: 1300.0
03:57:50.124 [FXGL Background Thread 3 ] DEBUG Engine               - actualWidthProperty: ReadOnlyDoubleProperty [value: 1300.0]
03:57:50.124 [FXGL Background Thread 3 ] DEBUG Engine               - appIcon: fxgl_icon.png
03:57:50.124 [FXGL Background Thread 3 ] DEBUG Engine               - applicationMode: DEVELOPER
03:57:50.124 [FXGL Background Thread 3 ] DEBUG Engine               - cSSList: [fxgl_dark.css]
03:57:50.124 [FXGL Background Thread 3 ] DEBUG Engine               - collisionDetectionStrategy: BRUTE_FORCE
03:57:50.124 [FXGL Background Thread 3 ] DEBUG Engine               - configClass: Optional.empty
03:57:50.126 [FXGL Background Thread 3 ] DEBUG Engine               - credits: []
03:57:50.126 [FXGL Background Thread 3 ] DEBUG Engine               - defaultCursor: CursorInfo(imageName=fxgl_default_cursor.png, hotspotX=7.0, hotspotY=6.0)
03:57:50.126 [FXGL Background Thread 3 ] DEBUG Engine               - devBBoxColorProperty: ObjectProperty [value: 0xff0000ff]
03:57:50.126 [FXGL Background Thread 3 ] DEBUG Engine               - devEnableDebugCameraProperty: BooleanProperty [value: false]
03:57:50.127 [FXGL Background Thread 3 ] DEBUG Engine               - devSensorColorProperty: ObjectProperty [value: 0xffff00ff]
03:57:50.128 [FXGL Background Thread 3 ] DEBUG Engine               - devShowBBoxProperty: BooleanProperty [value: false]
03:57:50.128 [FXGL Background Thread 3 ] DEBUG Engine               - devShowPositionProperty: BooleanProperty [value: false]
03:57:50.128 [FXGL Background Thread 3 ] DEBUG Engine               - enabledMenuItems: []
03:57:50.129 [FXGL Background Thread 3 ] DEBUG Engine               - engineServices: [class com.almasb.fxgl.app.services.FXGLAssetLoaderService, class com.almasb.fxgl.app.FXGLApplication$GameApplicationService, class com.almasb.fxgl.app.services.FXGLDialogService, class com.almasb.fxgl.app.services.IOTaskExecutorService, class com.almasb.fxgl.io.FileSystemService, class com.almasb.fxgl.localization.LocalizationService, class com.almasb.fxgl.app.services.SystemBundleService, class com.almasb.fxgl.profile.SaveLoadService, class com.almasb.fxgl.ui.FXGLUIFactoryServiceProvider, class com.almasb.fxgl.ui.FXGLDialogFactoryServiceProvider, class com.almasb.fxgl.audio.AudioPlayer, class com.almasb.fxgl.notification.impl.NotificationServiceProvider, class com.almasb.fxgl.achievement.AchievementService, class com.almasb.fxgl.cutscene.CutsceneService, class com.almasb.fxgl.minigames.MiniGameService, class com.almasb.fxgl.net.NetService, class com.almasb.fxgl.app.services.UpdaterService, class com.almasb.fxgl.dev.DevService]
03:57:50.129 [FXGL Background Thread 3 ] DEBUG Engine               - fontGame: Abel-Regular.ttf
03:57:50.129 [FXGL Background Thread 3 ] DEBUG Engine               - fontMono: TerminalLandMono-Regular.otf
03:57:50.129 [FXGL Background Thread 3 ] DEBUG Engine               - fontSizeScaleUI: 1.0
03:57:50.129 [FXGL Background Thread 3 ] DEBUG Engine               - fontText: Courier-Prime.ttf
03:57:50.130 [FXGL Background Thread 3 ] DEBUG Engine               - fontUI: VarelaRound-Regular.ttf
03:57:50.130 [FXGL Background Thread 3 ] DEBUG Engine               - fullScreen: BooleanProperty [value: false]
03:57:50.130 [FXGL Background Thread 3 ] DEBUG Engine               - gameDifficulty: MEDIUM
03:57:50.130 [FXGL Background Thread 3 ] DEBUG Engine               - gameDifficultyProperty: ObjectProperty [value: MEDIUM]
03:57:50.130 [FXGL Background Thread 3 ] DEBUG Engine               - globalMusicVolume: 0.5
03:57:50.130 [FXGL Background Thread 3 ] DEBUG Engine               - globalMusicVolumeProperty: DoubleProperty [value: 0.5]
03:57:50.130 [FXGL Background Thread 3 ] DEBUG Engine               - globalSoundVolume: 0.5
03:57:50.130 [FXGL Background Thread 3 ] DEBUG Engine               - globalSoundVolumeProperty: DoubleProperty [value: 0.5]
03:57:50.130 [FXGL Background Thread 3 ] DEBUG Engine               - height: 600
03:57:50.131 [FXGL Background Thread 3 ] DEBUG Engine               - is3D: false
03:57:50.131 [FXGL Background Thread 3 ] DEBUG Engine               - isAndroid: false
03:57:50.131 [FXGL Background Thread 3 ] DEBUG Engine               - isBrowser: false
03:57:50.131 [FXGL Background Thread 3 ] DEBUG Engine               - isClickFeedbackEnabled: false
03:57:50.131 [FXGL Background Thread 3 ] DEBUG Engine               - isCloseConfirmation: false
03:57:50.131 [FXGL Background Thread 3 ] DEBUG Engine               - isDesktop: true
03:57:50.131 [FXGL Background Thread 3 ] DEBUG Engine               - isDeveloperMenuEnabled: false
03:57:50.131 [FXGL Background Thread 3 ] DEBUG Engine               - isEmbedded: false
03:57:50.131 [FXGL Background Thread 3 ] DEBUG Engine               - isEntityPreloadEnabled: true
03:57:50.131 [FXGL Background Thread 3 ] DEBUG Engine               - isExperimentalTiledLargeMap: false
03:57:50.131 [FXGL Background Thread 3 ] DEBUG Engine               - isFileSystemWriteAllowed: true
03:57:50.131 [FXGL Background Thread 3 ] DEBUG Engine               - isFullScreenAllowed: false
03:57:50.131 [FXGL Background Thread 3 ] DEBUG Engine               - isFullScreenFromStart: false
03:57:50.131 [FXGL Background Thread 3 ] DEBUG Engine               - isGameMenuEnabled: true
03:57:50.133 [FXGL Background Thread 3 ] DEBUG Engine               - isIOS: false
03:57:50.133 [FXGL Background Thread 3 ] DEBUG Engine               - isIntroEnabled: false
03:57:50.133 [FXGL Background Thread 3 ] DEBUG Engine               - isLinux: false
03:57:50.134 [FXGL Background Thread 3 ] DEBUG Engine               - isMac: false
03:57:50.134 [FXGL Background Thread 3 ] DEBUG Engine               - isMainMenuEnabled: true
03:57:50.134 [FXGL Background Thread 3 ] DEBUG Engine               - isManualResizeEnabled: false
03:57:50.134 [FXGL Background Thread 3 ] DEBUG Engine               - isMobile: false
03:57:50.134 [FXGL Background Thread 3 ] DEBUG Engine               - isNative: false
03:57:50.134 [FXGL Background Thread 3 ] DEBUG Engine               - isPauseMusicWhenMinimized: true
03:57:50.134 [FXGL Background Thread 3 ] DEBUG Engine               - isPreserveResizeRatio: false
03:57:50.134 [FXGL Background Thread 3 ] DEBUG Engine               - isProfilingEnabled: false
03:57:50.134 [FXGL Background Thread 3 ] DEBUG Engine               - isScaleAffectedOnResize: true
03:57:50.134 [FXGL Background Thread 3 ] DEBUG Engine               - isSingleStep: false
03:57:50.134 [FXGL Background Thread 3 ] DEBUG Engine               - isUserProfileEnabled: false
03:57:50.134 [FXGL Background Thread 3 ] DEBUG Engine               - isWindows: true
03:57:50.134 [FXGL Background Thread 3 ] DEBUG Engine               - language: ObjectProperty [value: ENGLISH]
03:57:50.134 [FXGL Background Thread 3 ] DEBUG Engine               - menuKey: ESCAPE
03:57:50.134 [FXGL Background Thread 3 ] DEBUG Engine               - mouseSensitivity: 0.2
03:57:50.134 [FXGL Background Thread 3 ] DEBUG Engine               - notificationViewClass: class com.almasb.fxgl.notification.view.XboxNotificationView
03:57:50.134 [FXGL Background Thread 3 ] DEBUG Engine               - pixelsPerMeter: 50.0
03:57:50.134 [FXGL Background Thread 3 ] DEBUG Engine               - platform: WINDOWS
03:57:50.134 [FXGL Background Thread 3 ] DEBUG Engine               - prefHeightProperty: ReadOnlyDoubleProperty [value: 600.0]
03:57:50.134 [FXGL Background Thread 3 ] DEBUG Engine               - prefWidthProperty: ReadOnlyDoubleProperty [value: 1300.0]
03:57:50.134 [FXGL Background Thread 3 ] DEBUG Engine               - profileDir: profiles/
03:57:50.134 [FXGL Background Thread 3 ] DEBUG Engine               - profileName: StringProperty [value: DEFAULT]
03:57:50.134 [FXGL Background Thread 3 ] DEBUG Engine               - randomSeed: -1
03:57:50.135 [FXGL Background Thread 3 ] DEBUG Engine               - runtimeInfo: RuntimeInfo(platform=WINDOWS, version=17.3, build=30.03.2023 11.49)
03:57:50.135 [FXGL Background Thread 3 ] DEBUG Engine               - saveFileExt: sav
03:57:50.135 [FXGL Background Thread 3 ] DEBUG Engine               - scaledHeightProp$fxgl: DoubleProperty [bound, value: 600.0]
03:57:50.135 [FXGL Background Thread 3 ] DEBUG Engine               - scaledWidthProp$fxgl: DoubleProperty [bound, value: 1300.0]
03:57:50.135 [FXGL Background Thread 3 ] DEBUG Engine               - sceneFactory: com.Restaurant.Main$1@1fb107a0
03:57:50.135 [FXGL Background Thread 3 ] DEBUG Engine               - secondsIn24h: 60
03:57:50.135 [FXGL Background Thread 3 ] DEBUG Engine               - soundMenuBack: menu/back.wav
03:57:50.135 [FXGL Background Thread 3 ] DEBUG Engine               - soundMenuPress: menu/press.wav
03:57:50.135 [FXGL Background Thread 3 ] DEBUG Engine               - soundMenuSelect: menu/select.wav
03:57:50.135 [FXGL Background Thread 3 ] DEBUG Engine               - soundNotification: core/notification.wav
03:57:50.135 [FXGL Background Thread 3 ] DEBUG Engine               - stageStyle: DECORATED
03:57:50.135 [FXGL Background Thread 3 ] DEBUG Engine               - supportedLanguages: [ENGLISH, FRENCH, GERMAN, HUNGARIAN, RUSSIAN]
03:57:50.135 [FXGL Background Thread 3 ] DEBUG Engine               - ticksPerSecond: -1
03:57:50.135 [FXGL Background Thread 3 ] DEBUG Engine               - title: Simulador Restaurante
03:57:50.135 [FXGL Background Thread 3 ] DEBUG Engine               - urlGithub: https://github.com/AlmasB/FXGL
03:57:50.135 [FXGL Background Thread 3 ] DEBUG Engine               - urlLeaderboard: http://fxgl-top.herokuapp.com/
03:57:50.135 [FXGL Background Thread 3 ] DEBUG Engine               - urlPOM: https://raw.githubusercontent.com/AlmasB/FXGL/release/README.md
03:57:50.135 [FXGL Background Thread 3 ] DEBUG Engine               - userAppClass: class com.Restaurant.Main
03:57:50.135 [FXGL Background Thread 3 ] DEBUG Engine               - version: 0.1
03:57:50.135 [FXGL Background Thread 3 ] DEBUG Engine               - versionCheckDays: 7
03:57:50.135 [FXGL Background Thread 3 ] DEBUG Engine               - width: 1300
03:57:50.135 [FXGL Background Thread 3 ] DEBUG Engine               - Logging services
03:57:50.135 [FXGL Background Thread 3 ] DEBUG Engine               - class com.almasb.fxgl.app.services.FXGLAssetLoaderService
03:57:50.135 [FXGL Background Thread 3 ] DEBUG Engine               - class com.almasb.fxgl.app.FXGLApplication$GameApplicationService
03:57:50.135 [FXGL Background Thread 3 ] DEBUG Engine               - class com.almasb.fxgl.app.services.FXGLDialogService
03:57:50.135 [FXGL Background Thread 3 ] DEBUG Engine               - class com.almasb.fxgl.app.services.IOTaskExecutorService
03:57:50.135 [FXGL Background Thread 3 ] DEBUG Engine               - class com.almasb.fxgl.io.FileSystemService
03:57:50.135 [FXGL Background Thread 3 ] DEBUG Engine               - class com.almasb.fxgl.localization.LocalizationService
03:57:50.135 [FXGL Background Thread 3 ] DEBUG Engine               - class com.almasb.fxgl.app.services.SystemBundleService
03:57:50.135 [FXGL Background Thread 3 ] DEBUG Engine               - class com.almasb.fxgl.profile.SaveLoadService
03:57:50.135 [FXGL Background Thread 3 ] DEBUG Engine               - class com.almasb.fxgl.ui.FXGLUIFactoryServiceProvider
03:57:50.135 [FXGL Background Thread 3 ] DEBUG Engine               - class com.almasb.fxgl.ui.FXGLDialogFactoryServiceProvider
03:57:50.135 [FXGL Background Thread 3 ] DEBUG Engine               - class com.almasb.fxgl.audio.AudioPlayer
03:57:50.135 [FXGL Background Thread 3 ] DEBUG Engine               - class com.almasb.fxgl.notification.impl.NotificationServiceProvider
03:57:50.135 [FXGL Background Thread 3 ] DEBUG Engine               - class com.almasb.fxgl.achievement.AchievementService
03:57:50.135 [FXGL Background Thread 3 ] DEBUG Engine               - class com.almasb.fxgl.cutscene.CutsceneService
03:57:50.135 [FXGL Background Thread 3 ] DEBUG Engine               - class com.almasb.fxgl.minigames.MiniGameService
03:57:50.135 [FXGL Background Thread 3 ] DEBUG Engine               - class com.almasb.fxgl.net.NetService
03:57:50.135 [FXGL Background Thread 3 ] DEBUG Engine               - class com.almasb.fxgl.app.services.UpdaterService
03:57:50.135 [FXGL Background Thread 3 ] DEBUG Engine               - class com.almasb.fxgl.dev.DevService
03:57:50.641 [JavaFX Application Thread] DEBUG PrimaryStageWindow   - Pop state: DialogSubScene
03:57:50.641 [JavaFX Application Thread] DEBUG Input                - Clearing active input actions
03:57:50.642 [JavaFX Application Thread] DEBUG GameApplicationServi - Removing overlay from DialogSubScene and adding to RestaurantView
03:57:50.642 [JavaFX Application Thread] DEBUG PrimaryStageWindow   - RestaurantView <- DialogSubScene
03:57:50.642 [JavaFX Application Thread] DEBUG FXGLApplication      - Exiting FXGL
03:57:50.642 [JavaFX Application Thread] DEBUG LoopRunner           - Stopping loop
03:57:50.642 [JavaFX Application Thread] DEBUG SystemBundleService  - Saving FXGL system data
03:57:50.645 [JavaFX Application Thread] DEBUG FileSystemAccess     - Writing to: C:\Users\gabor\IdeaProjects\Restaurant_Simulador\system\fxgl.bundle
03:57:50.647 [JavaFX Application Thread] DEBUG Async                - Shutting down background threads
03:57:50.647 [JavaFX Application Thread] DEBUG PrimaryStageWindow   - Closing main window
03:57:50.671 [JavaFX Application Thread] DEBUG Logger               - Closing Logger
