11:47:16.261 [main                     ] DEBUG Logger               - Configured Logger
11:47:16.320 [main                     ] DEBUG GameApplication      - Logging settings
Title: Simulador Restaurante
Version: 0.1
Width: 1300
Height: 600
Fullscreen: false
Intro: false
Profiling: false
Single step:false
App Mode: DEVELOPER
Menu Key: ESCAPE
Stage Style: DECORATED
Scene Factory: class com.Restaurant.Main$1

11:47:17.410 [JavaFX Application Thread] DEBUG FXGLApplication      - Initializing FXGL
11:47:17.418 [JavaFX Application Thread] INFO  Engine               - FXGL-17.3 (30.03.2023 11.49) on WINDOWS (J:17.0.13 FX:17.0.6)
11:47:17.418 [JavaFX Application Thread] DEBUG Engine               - JRE Vendor Name: Oracle Corporation
11:47:17.419 [JavaFX Application Thread] DEBUG Engine               - Running on OS: Windows 11 version 10.0
11:47:17.419 [JavaFX Application Thread] DEBUG Engine               - Architecture: amd64
11:47:17.419 [JavaFX Application Thread] INFO  Engine               - Source code and latest versions at: https://github.com/AlmasB/FXGL
11:47:17.419 [JavaFX Application Thread] INFO  Engine               -       Ask questions and discuss at: https://github.com/AlmasB/FXGL/discussions
11:47:17.419 [JavaFX Application Thread] INFO  Engine               -              Join the FXGL chat at: https://gitter.im/AlmasB/FXGL
11:47:17.704 [JavaFX Application Thread] DEBUG PrimaryStageWindow   - Creating a JavaFX scene
11:47:17.811 [JavaFX Application Thread] DEBUG PrimaryStageWindow   - Target settings size: 1300.0 x 600.0
11:47:17.811 [JavaFX Application Thread] DEBUG PrimaryStageWindow   - Scaled scene size:    1300.0 x 600.0
11:47:17.812 [JavaFX Application Thread] DEBUG PrimaryStageWindow   - Scaled ratio: (1.0, 1.0)
11:47:17.814 [JavaFX Application Thread] DEBUG PrimaryStageWindow   - Set initial scene to FXGLStartupScene
11:47:17.834 [JavaFX Application Thread] DEBUG PrimaryStageWindow   - Opening main window
11:47:18.038 [JavaFX Application Thread] DEBUG PrimaryStageWindow   - Window border size: (16.0, 39.0)
11:47:18.039 [JavaFX Application Thread] DEBUG PrimaryStageWindow   - Scaled size: 1300.0 x 600.0
11:47:18.039 [JavaFX Application Thread] DEBUG PrimaryStageWindow   - Scaled ratio: (1.0, 1.0)
11:47:18.040 [JavaFX Application Thread] DEBUG PrimaryStageWindow   - Scene size: 1300.0 x 600.0
11:47:18.040 [JavaFX Application Thread] DEBUG PrimaryStageWindow   - Stage size: 1316.0 x 639.0
11:47:18.055 [FXGL Background Thread 1 ] DEBUG Engine               - Initializing environment variables
11:47:18.101 [FXGL Background Thread 1 ] DEBUG FXGLAssetLoaderServi - User app class for loading assets: class com.Restaurant.Main
11:47:18.101 [FXGL Background Thread 1 ] DEBUG GameApplicationServi - Applying CSS: fxgl_dark.css
11:47:18.102 [FXGL Background Thread 1 ] DEBUG FXGLAssetLoaderServi - Loading from file system: jar:file:/C:/Users/gabor/.m2/repository/com/github/almasb/fxgl/17.3/fxgl-17.3.jar!/fxglassets/ui/css/fxgl_dark.css
11:47:18.171 [FXGL Background Thread 1 ] DEBUG GameApplicationServi - Initializing application scenes
11:47:18.230 [FXGL Background Thread 1 ] DEBUG GameWorld            - Game world initialized
11:47:18.317 [FXGL Background Thread 1 ] DEBUG PhysicsWorld         - Physics world initialized: appHeight=600, physics.ppm=50.0
11:47:18.318 [FXGL Background Thread 1 ] DEBUG PhysicsWorld         - Using strategy: BRUTE_FORCE
11:47:18.333 [FXGL Background Thread 1 ] DEBUG GameScene            - Game scene initialized: 1300x600
11:47:18.476 [FXGL Background Thread 1 ] DEBUG FXGL.DefaultMenu     - createMenuBodyGameMenu()
11:47:18.490 [FXGL Background Thread 1 ] DEBUG FXGL.DefaultMenu     - createOptionsMenu()
11:47:18.505 [FXGL Background Thread 1 ] DEBUG FXGLAssetLoaderServi - Loading from file system: jar:file:/C:/Users/gabor/.m2/repository/com/github/almasb/fxgl/17.3/fxgl-17.3.jar!/fxglassets/textures/particles/smoke.png
11:47:18.644 [FXGL Background Thread 1 ] DEBUG FXGLAssetLoaderServi - Loading from file system: jar:file:/C:/Users/gabor/.m2/repository/com/github/almasb/fxgl/17.3/fxgl-17.3.jar!/fxglassets/textures/particles/trace_horizontal.png
11:47:18.682 [FXGL Background Thread 1 ] DEBUG GameApplicationServi - Application scenes initialized
11:47:18.714 [FXGL Background Thread 1 ] DEBUG SystemBundleService  - Loading default FXGL system data
11:47:18.715 [FXGL Background Thread 1 ] DEBUG UpdaterService       - Checking for updates
11:47:18.722 [FXGL Background Thread 4 ] DEBUG FXGLApplication      - Loading fonts
11:47:18.723 [FXGL Background Thread 4 ] DEBUG FXGLAssetLoaderServi - Loading from file system: jar:file:/C:/Users/gabor/.m2/repository/com/github/almasb/fxgl/17.3/fxgl-17.3.jar!/fxglassets/ui/fonts/VarelaRound-Regular.ttf
11:47:18.724 [FXGL Background Thread 1 ] DEBUG FXGLApplication      - Loading default localization
11:47:18.725 [FXGL Background Thread 1 ] DEBUG FXGLAssetLoaderServi - Loading from file system: jar:file:/C:/Users/gabor/.m2/repository/com/github/almasb/fxgl/17.3/fxgl-17.3.jar!/fxglassets/languages/english.lang
11:47:18.740 [FXGL Background Thread 4 ] DEBUG FXGLAssetLoaderServi - Loading from file system: jar:file:/C:/Users/gabor/.m2/repository/com/github/almasb/fxgl/17.3/fxgl-17.3.jar!/fxglassets/ui/fonts/Abel-Regular.ttf
11:47:18.746 [FXGL Background Thread 4 ] DEBUG FXGLAssetLoaderServi - Loading from file system: jar:file:/C:/Users/gabor/.m2/repository/com/github/almasb/fxgl/17.3/fxgl-17.3.jar!/fxglassets/ui/fonts/TerminalLandMono-Regular.otf
11:47:18.753 [FXGL Background Thread 4 ] DEBUG FXGLAssetLoaderServi - Loading from file system: jar:file:/C:/Users/gabor/.m2/repository/com/github/almasb/fxgl/17.3/fxgl-17.3.jar!/fxglassets/ui/fonts/Courier-Prime.ttf
11:47:18.758 [FXGL Background Thread 1 ] INFO  FXGLApplication      - FXGL initialization took: 0.702 sec
11:47:18.760 [JavaFX Application Thread] DEBUG FXGLAssetLoaderServi - Loading from file system: jar:file:/C:/Users/gabor/.m2/repository/com/github/almasb/fxgl/17.3/fxgl-17.3.jar!/fxglassets/textures/fxgl_icon.png
11:47:18.787 [JavaFX Application Thread] DEBUG FXGLAssetLoaderServi - Loading from file system: jar:file:/C:/Users/gabor/.m2/repository/com/github/almasb/fxgl/17.3/fxgl-17.3.jar!/fxglassets/textures/fxgl_default_cursor.png
11:47:18.805 [JavaFX Application Thread] DEBUG Input                - Registered new binding: Screenshot - CTRL+8
11:47:18.806 [JavaFX Application Thread] DEBUG Input                - Registered new binding: System info dump - CTRL+9
11:47:18.807 [JavaFX Application Thread] DEBUG Input                - Registered new binding: Restart - CTRL+R
11:47:18.808 [JavaFX Application Thread] DEBUG Input                - Registered new binding: Toggle Debug Camera - CTRL+7
11:47:18.812 [JavaFX Application Thread] DEBUG LoopRunner           - Starting loop
11:47:18.812 [JavaFX Application Thread] DEBUG LoopRunner           - Initializing JavaFX AnimationTimerLoop
11:47:18.818 [JavaFX Application Thread] DEBUG Input                - Clearing active input actions
11:47:18.826 [JavaFX Application Thread] DEBUG GameApplicationServi - Removing overlay from FXGLStartupScene and adding to FXGLMainMenuDummyScene
11:47:18.827 [JavaFX Application Thread] DEBUG PrimaryStageWindow   - FXGLStartupScene -> FXGLMainMenuDummyScene
11:47:18.827 [JavaFX Application Thread] DEBUG PrimaryStageWindow   - Push state: RestaurantView
11:47:18.827 [JavaFX Application Thread] DEBUG Input                - Clearing active input actions
11:47:18.842 [JavaFX Application Thread] DEBUG GameApplicationServi - Removing overlay from FXGLMainMenuDummyScene and adding to RestaurantView
11:47:18.843 [JavaFX Application Thread] DEBUG PrimaryStageWindow   - FXGLMainMenuDummyScene -> RestaurantView
11:47:18.843 [JavaFX Application Thread] DEBUG FXGLApplication      - Registering font factories with UI factory
11:47:19.898 [FXGL Background Thread 2 ] INFO  UpdaterService       - Your current version:  17.3
11:47:19.898 [FXGL Background Thread 2 ] INFO  UpdaterService       - Latest stable version: 21.1
11:47:20.277 [JavaFX Application Thread] DEBUG FXGLApplication      - Exiting FXGL
11:47:20.278 [JavaFX Application Thread] DEBUG LoopRunner           - Stopping loop
11:47:20.278 [JavaFX Application Thread] DEBUG SystemBundleService  - Saving FXGL system data
11:47:20.280 [JavaFX Application Thread] DEBUG FileSystemAccess     - Writing to: C:\Users\gabor\IdeaProjects\Restaurant_Simulador\system\fxgl.bundle
11:47:20.283 [JavaFX Application Thread] DEBUG Async                - Shutting down background threads
11:47:20.284 [JavaFX Application Thread] DEBUG PrimaryStageWindow   - Closing main window
11:47:20.299 [JavaFX Application Thread] DEBUG Logger               - Closing Logger
