09:40:55.463 [main                     ] DEBUG Logger               - Configured Logger
09:40:55.475 [main                     ] DEBUG GameApplication      - Logging settings
Title: Restaurante
Version: 0.0
Width: 1000
Height: 700
Fullscreen: false
Intro: false
Profiling: false
Single step:false
App Mode: DEVELOPER
Menu Key: ESCAPE
Stage Style: DECORATED
Scene Factory: class com.almasb.fxgl.app.scene.SceneFactory

09:40:55.993 [JavaFX Application Thread] DEBUG FXGLApplication      - Initializing FXGL
09:40:55.997 [JavaFX Application Thread] INFO  Engine               - FXGL-17.3 (30.03.2023 11.49) on WINDOWS (J:21.0.5 FX:21)
09:40:55.998 [JavaFX Application Thread] DEBUG Engine               - JRE Vendor Name: Amazon.com Inc.
09:40:55.998 [JavaFX Application Thread] DEBUG Engine               - Running on OS: Windows 11 version 10.0
09:40:55.998 [JavaFX Application Thread] DEBUG Engine               - Architecture: amd64
09:40:55.998 [JavaFX Application Thread] INFO  Engine               - Source code and latest versions at: https://github.com/AlmasB/FXGL
09:40:55.998 [JavaFX Application Thread] INFO  Engine               -       Ask questions and discuss at: https://github.com/AlmasB/FXGL/discussions
09:40:55.998 [JavaFX Application Thread] INFO  Engine               -              Join the FXGL chat at: https://gitter.im/AlmasB/FXGL
09:40:56.138 [JavaFX Application Thread] DEBUG PrimaryStageWindow   - Creating a JavaFX scene
09:40:56.204 [JavaFX Application Thread] DEBUG PrimaryStageWindow   - Target settings size: 1000.0 x 700.0
09:40:56.204 [JavaFX Application Thread] DEBUG PrimaryStageWindow   - Scaled scene size:    1000.0 x 700.0
09:40:56.205 [JavaFX Application Thread] DEBUG PrimaryStageWindow   - Scaled ratio: (1.0, 1.0)
09:40:56.206 [JavaFX Application Thread] DEBUG PrimaryStageWindow   - Set initial scene to FXGLStartupScene
09:40:56.210 [JavaFX Application Thread] DEBUG PrimaryStageWindow   - Opening main window
09:40:56.349 [JavaFX Application Thread] DEBUG PrimaryStageWindow   - Window border size: (14.4000244140625, 37.5999755859375)
09:40:56.349 [JavaFX Application Thread] DEBUG PrimaryStageWindow   - Scaled size: 1000.0 x 700.0
09:40:56.349 [JavaFX Application Thread] DEBUG PrimaryStageWindow   - Scaled ratio: (1.0, 1.0)
09:40:56.349 [JavaFX Application Thread] DEBUG PrimaryStageWindow   - Scene size: 1000.0 x 700.0
09:40:56.349 [JavaFX Application Thread] DEBUG PrimaryStageWindow   - Stage size: 1014.4000244140625 x 737.5999755859375
09:40:56.358 [FXGL Background Thread 1 ] DEBUG Engine               - Initializing environment variables
09:40:56.420 [FXGL Background Thread 1 ] DEBUG FXGLAssetLoaderServi - User app class for loading assets: class com.simulador.app.Main
09:40:56.420 [FXGL Background Thread 1 ] DEBUG GameApplicationServi - Applying CSS: fxgl_dark.css
09:40:56.421 [FXGL Background Thread 1 ] DEBUG FXGLAssetLoaderServi - Loading from file system: jar:file:/C:/Users/shing/.m2/repository/com/github/almasb/fxgl/17.3/fxgl-17.3.jar!/fxglassets/ui/css/fxgl_dark.css
09:40:56.482 [FXGL Background Thread 1 ] DEBUG GameApplicationServi - Initializing application scenes
09:40:56.576 [FXGL Background Thread 1 ] DEBUG GameWorld            - Game world initialized
09:40:56.672 [FXGL Background Thread 1 ] DEBUG PhysicsWorld         - Physics world initialized: appHeight=700, physics.ppm=50.0
09:40:56.672 [FXGL Background Thread 1 ] DEBUG PhysicsWorld         - Using strategy: BRUTE_FORCE
09:40:56.676 [FXGL Background Thread 1 ] DEBUG GameScene            - Game scene initialized: 1000x700
09:40:56.694 [FXGL Background Thread 1 ] DEBUG FXGL.DefaultMenu     - createMenuBodyGameMenu()
09:40:56.714 [FXGL Background Thread 1 ] DEBUG FXGL.DefaultMenu     - createOptionsMenu()
09:40:56.724 [FXGL Background Thread 1 ] DEBUG FXGLAssetLoaderServi - Loading from file system: jar:file:/C:/Users/shing/.m2/repository/com/github/almasb/fxgl/17.3/fxgl-17.3.jar!/fxglassets/textures/particles/smoke.png
09:40:56.825 [FXGL Background Thread 1 ] DEBUG FXGLAssetLoaderServi - Loading from file system: jar:file:/C:/Users/shing/.m2/repository/com/github/almasb/fxgl/17.3/fxgl-17.3.jar!/fxglassets/textures/particles/trace_horizontal.png
09:40:56.852 [FXGL Background Thread 1 ] DEBUG GameApplicationServi - Application scenes initialized
09:40:56.867 [FXGL Background Thread 1 ] DEBUG SystemBundleService  - Loading FXGL system data
09:40:56.868 [FXGL Background Thread 1 ] DEBUG FileSystemAccess     - Reading from: C:\Users\shing\OneDrive\Escritorio\7 CUATRIMESTRE\CONCURRENTE\SIMULADOR-GABO\system\fxgl.bundle
09:40:56.871 [FXGL Background Thread 1 ] DEBUG SystemBundleService  - Bundle FXGL: {}
09:40:56.871 [FXGL Background Thread 1 ] DEBUG UpdaterService       - Checking for updates
09:40:56.875 [FXGL Background Thread 4 ] DEBUG FXGLApplication      - Loading fonts
09:40:56.875 [FXGL Background Thread 4 ] DEBUG FXGLAssetLoaderServi - Loading from file system: jar:file:/C:/Users/shing/.m2/repository/com/github/almasb/fxgl/17.3/fxgl-17.3.jar!/fxglassets/ui/fonts/VarelaRound-Regular.ttf
09:40:56.875 [FXGL Background Thread 1 ] DEBUG FXGLApplication      - Loading default localization
09:40:56.876 [FXGL Background Thread 1 ] DEBUG FXGLAssetLoaderServi - Loading from file system: jar:file:/C:/Users/shing/.m2/repository/com/github/almasb/fxgl/17.3/fxgl-17.3.jar!/fxglassets/languages/english.lang
09:40:56.908 [FXGL Background Thread 1 ] INFO  FXGLApplication      - FXGL initialization took: 0.551 sec
09:40:56.910 [JavaFX Application Thread] DEBUG FXGLAssetLoaderServi - Loading from file system: jar:file:/C:/Users/shing/.m2/repository/com/github/almasb/fxgl/17.3/fxgl-17.3.jar!/fxglassets/textures/fxgl_icon.png
09:40:56.910 [FXGL Background Thread 4 ] DEBUG FXGLAssetLoaderServi - Loading from file system: jar:file:/C:/Users/shing/.m2/repository/com/github/almasb/fxgl/17.3/fxgl-17.3.jar!/fxglassets/ui/fonts/Abel-Regular.ttf
09:40:56.930 [FXGL Background Thread 4 ] DEBUG FXGLAssetLoaderServi - Loading from file system: jar:file:/C:/Users/shing/.m2/repository/com/github/almasb/fxgl/17.3/fxgl-17.3.jar!/fxglassets/ui/fonts/TerminalLandMono-Regular.otf
09:40:56.931 [JavaFX Application Thread] DEBUG FXGLAssetLoaderServi - Loading from file system: jar:file:/C:/Users/shing/.m2/repository/com/github/almasb/fxgl/17.3/fxgl-17.3.jar!/fxglassets/textures/fxgl_default_cursor.png
09:40:56.946 [JavaFX Application Thread] DEBUG Input                - Registered new binding: Screenshot - CTRL+8
09:40:56.947 [JavaFX Application Thread] DEBUG Input                - Registered new binding: System info dump - CTRL+9
09:40:56.948 [JavaFX Application Thread] DEBUG Input                - Registered new binding: Restart - CTRL+R
09:40:56.949 [JavaFX Application Thread] DEBUG Input                - Registered new binding: Toggle Debug Camera - CTRL+7
09:40:56.953 [JavaFX Application Thread] DEBUG LoopRunner           - Starting loop
09:40:56.954 [JavaFX Application Thread] DEBUG LoopRunner           - Initializing JavaFX AnimationTimerLoop
09:40:56.955 [FXGL Background Thread 4 ] DEBUG FXGLAssetLoaderServi - Loading from file system: jar:file:/C:/Users/shing/.m2/repository/com/github/almasb/fxgl/17.3/fxgl-17.3.jar!/fxglassets/ui/fonts/Courier-Prime.ttf
09:40:56.956 [JavaFX Application Thread] DEBUG GameApplicationServi - Starting new game
09:40:56.956 [JavaFX Application Thread] DEBUG Input                - Clearing active input actions
09:40:56.969 [JavaFX Application Thread] DEBUG GameApplicationServi - Removing overlay from FXGLStartupScene and adding to FXGLLoadingScene
09:40:56.970 [JavaFX Application Thread] DEBUG PrimaryStageWindow   - FXGLStartupScene -> FXGLLoadingScene
09:40:56.970 [JavaFX Application Thread] DEBUG GameApplicationServi - Clearing previous game
09:40:56.970 [JavaFX Application Thread] DEBUG GameScene            - Clearing game scene
09:40:56.970 [JavaFX Application Thread] DEBUG GameWorld            - Clearing game world
09:40:56.970 [JavaFX Application Thread] DEBUG PhysicsWorld         - Clearing physics world
09:40:56.972 [FXGL Background Thread 1 ] DEBUG FXGLApplication      - Initializing game
09:40:57.028 [JavaFX Application Thread] DEBUG FXGLApplication      - Registering font factories with UI factory
09:40:57.138 [FXGL Background Thread 1 ] INFO  FXGLApplication      - Game initialization took: 0.165 sec
09:40:57.148 [JavaFX Application Thread] DEBUG Input                - Clearing active input actions
09:40:57.162 [JavaFX Application Thread] DEBUG GameApplicationServi - Removing overlay from FXGLLoadingScene and adding to GameScene
09:40:57.162 [JavaFX Application Thread] DEBUG PrimaryStageWindow   - FXGLLoadingScene -> GameScene
09:40:57.814 [FXGL Background Thread 2 ] INFO  UpdaterService       - Your current version:  17.3
09:40:57.815 [FXGL Background Thread 2 ] INFO  UpdaterService       - Latest stable version: 21.1
09:40:59.875 [FXGL Background Thread 3 ] DEBUG Engine               - Logging environment variables
09:40:59.875 [FXGL Background Thread 3 ] DEBUG Engine               - achievements: []
09:40:59.876 [FXGL Background Thread 3 ] DEBUG Engine               - actualHeight: 700.0
09:40:59.876 [FXGL Background Thread 3 ] DEBUG Engine               - actualHeightProperty: ReadOnlyDoubleProperty [value: 700.0]
09:40:59.876 [FXGL Background Thread 3 ] DEBUG Engine               - actualWidth: 1000.0
09:40:59.876 [FXGL Background Thread 3 ] DEBUG Engine               - actualWidthProperty: ReadOnlyDoubleProperty [value: 1000.0]
09:40:59.876 [FXGL Background Thread 3 ] DEBUG Engine               - appIcon: fxgl_icon.png
09:40:59.876 [FXGL Background Thread 3 ] DEBUG Engine               - applicationMode: DEVELOPER
09:40:59.876 [FXGL Background Thread 3 ] DEBUG Engine               - cSSList: [fxgl_dark.css]
09:40:59.876 [FXGL Background Thread 3 ] DEBUG Engine               - collisionDetectionStrategy: BRUTE_FORCE
09:40:59.876 [FXGL Background Thread 3 ] DEBUG Engine               - configClass: Optional.empty
09:40:59.876 [FXGL Background Thread 3 ] DEBUG Engine               - credits: []
09:40:59.876 [FXGL Background Thread 3 ] DEBUG Engine               - defaultCursor: CursorInfo(imageName=fxgl_default_cursor.png, hotspotX=7.0, hotspotY=6.0)
09:40:59.876 [FXGL Background Thread 3 ] DEBUG Engine               - devBBoxColorProperty: ObjectProperty [value: 0xff0000ff]
09:40:59.876 [FXGL Background Thread 3 ] DEBUG Engine               - devEnableDebugCameraProperty: BooleanProperty [value: false]
09:40:59.877 [FXGL Background Thread 3 ] DEBUG Engine               - devSensorColorProperty: ObjectProperty [value: 0xffff00ff]
09:40:59.877 [FXGL Background Thread 3 ] DEBUG Engine               - devShowBBoxProperty: BooleanProperty [value: false]
09:40:59.877 [FXGL Background Thread 3 ] DEBUG Engine               - devShowPositionProperty: BooleanProperty [value: false]
09:40:59.877 [FXGL Background Thread 3 ] DEBUG Engine               - enabledMenuItems: []
09:40:59.877 [FXGL Background Thread 3 ] DEBUG Engine               - engineServices: [class com.almasb.fxgl.app.services.FXGLAssetLoaderService, class com.almasb.fxgl.app.FXGLApplication$GameApplicationService, class com.almasb.fxgl.app.services.FXGLDialogService, class com.almasb.fxgl.app.services.IOTaskExecutorService, class com.almasb.fxgl.io.FileSystemService, class com.almasb.fxgl.localization.LocalizationService, class com.almasb.fxgl.app.services.SystemBundleService, class com.almasb.fxgl.profile.SaveLoadService, class com.almasb.fxgl.ui.FXGLUIFactoryServiceProvider, class com.almasb.fxgl.ui.FXGLDialogFactoryServiceProvider, class com.almasb.fxgl.audio.AudioPlayer, class com.almasb.fxgl.notification.impl.NotificationServiceProvider, class com.almasb.fxgl.achievement.AchievementService, class com.almasb.fxgl.cutscene.CutsceneService, class com.almasb.fxgl.minigames.MiniGameService, class com.almasb.fxgl.net.NetService, class com.almasb.fxgl.app.services.UpdaterService, class com.almasb.fxgl.dev.DevService]
09:40:59.877 [FXGL Background Thread 3 ] DEBUG Engine               - fontGame: Abel-Regular.ttf
09:40:59.877 [FXGL Background Thread 3 ] DEBUG Engine               - fontMono: TerminalLandMono-Regular.otf
09:40:59.877 [FXGL Background Thread 3 ] DEBUG Engine               - fontSizeScaleUI: 1.0
09:40:59.877 [FXGL Background Thread 3 ] DEBUG Engine               - fontText: Courier-Prime.ttf
09:40:59.877 [FXGL Background Thread 3 ] DEBUG Engine               - fontUI: VarelaRound-Regular.ttf
09:40:59.877 [FXGL Background Thread 3 ] DEBUG Engine               - fullScreen: BooleanProperty [value: false]
09:40:59.877 [FXGL Background Thread 3 ] DEBUG Engine               - gameDifficulty: MEDIUM
09:40:59.877 [FXGL Background Thread 3 ] DEBUG Engine               - gameDifficultyProperty: ObjectProperty [value: MEDIUM]
09:40:59.877 [FXGL Background Thread 3 ] DEBUG Engine               - globalMusicVolume: 0.5
09:40:59.877 [FXGL Background Thread 3 ] DEBUG Engine               - globalMusicVolumeProperty: DoubleProperty [value: 0.5]
09:40:59.877 [FXGL Background Thread 3 ] DEBUG Engine               - globalSoundVolume: 0.5
09:40:59.877 [FXGL Background Thread 3 ] DEBUG Engine               - globalSoundVolumeProperty: DoubleProperty [value: 0.5]
09:40:59.877 [FXGL Background Thread 3 ] DEBUG Engine               - height: 700
09:40:59.877 [FXGL Background Thread 3 ] DEBUG Engine               - is3D: false
09:40:59.877 [FXGL Background Thread 3 ] DEBUG Engine               - isAndroid: false
09:40:59.877 [FXGL Background Thread 3 ] DEBUG Engine               - isBrowser: false
09:40:59.877 [FXGL Background Thread 3 ] DEBUG Engine               - isClickFeedbackEnabled: false
09:40:59.877 [FXGL Background Thread 3 ] DEBUG Engine               - isCloseConfirmation: false
09:40:59.877 [FXGL Background Thread 3 ] DEBUG Engine               - isDesktop: true
09:40:59.877 [FXGL Background Thread 3 ] DEBUG Engine               - isDeveloperMenuEnabled: false
09:40:59.877 [FXGL Background Thread 3 ] DEBUG Engine               - isEmbedded: false
09:40:59.877 [FXGL Background Thread 3 ] DEBUG Engine               - isEntityPreloadEnabled: true
09:40:59.877 [FXGL Background Thread 3 ] DEBUG Engine               - isExperimentalTiledLargeMap: false
09:40:59.877 [FXGL Background Thread 3 ] DEBUG Engine               - isFileSystemWriteAllowed: true
09:40:59.878 [FXGL Background Thread 3 ] DEBUG Engine               - isFullScreenAllowed: false
09:40:59.878 [FXGL Background Thread 3 ] DEBUG Engine               - isFullScreenFromStart: false
09:40:59.878 [FXGL Background Thread 3 ] DEBUG Engine               - isGameMenuEnabled: true
09:40:59.878 [FXGL Background Thread 3 ] DEBUG Engine               - isIOS: false
09:40:59.878 [FXGL Background Thread 3 ] DEBUG Engine               - isIntroEnabled: false
09:40:59.878 [FXGL Background Thread 3 ] DEBUG Engine               - isLinux: false
09:40:59.878 [FXGL Background Thread 3 ] DEBUG Engine               - isMac: false
09:40:59.878 [FXGL Background Thread 3 ] DEBUG Engine               - isMainMenuEnabled: false
09:40:59.878 [FXGL Background Thread 3 ] DEBUG Engine               - isManualResizeEnabled: false
09:40:59.878 [FXGL Background Thread 3 ] DEBUG Engine               - isMobile: false
09:40:59.878 [FXGL Background Thread 3 ] DEBUG Engine               - isNative: false
09:40:59.878 [FXGL Background Thread 3 ] DEBUG Engine               - isPauseMusicWhenMinimized: true
09:40:59.878 [FXGL Background Thread 3 ] DEBUG Engine               - isPreserveResizeRatio: false
09:40:59.878 [FXGL Background Thread 3 ] DEBUG Engine               - isProfilingEnabled: false
09:40:59.878 [FXGL Background Thread 3 ] DEBUG Engine               - isScaleAffectedOnResize: true
09:40:59.878 [FXGL Background Thread 3 ] DEBUG Engine               - isSingleStep: false
09:40:59.878 [FXGL Background Thread 3 ] DEBUG Engine               - isUserProfileEnabled: false
09:40:59.878 [FXGL Background Thread 3 ] DEBUG Engine               - isWindows: true
09:40:59.878 [FXGL Background Thread 3 ] DEBUG Engine               - language: ObjectProperty [value: ENGLISH]
09:40:59.878 [FXGL Background Thread 3 ] DEBUG Engine               - menuKey: ESCAPE
09:40:59.878 [FXGL Background Thread 3 ] DEBUG Engine               - mouseSensitivity: 0.2
09:40:59.878 [FXGL Background Thread 3 ] DEBUG Engine               - notificationViewClass: class com.almasb.fxgl.notification.view.XboxNotificationView
09:40:59.878 [FXGL Background Thread 3 ] DEBUG Engine               - pixelsPerMeter: 50.0
09:40:59.878 [FXGL Background Thread 3 ] DEBUG Engine               - platform: WINDOWS
09:40:59.878 [FXGL Background Thread 3 ] DEBUG Engine               - prefHeightProperty: ReadOnlyDoubleProperty [value: 700.0]
09:40:59.878 [FXGL Background Thread 3 ] DEBUG Engine               - prefWidthProperty: ReadOnlyDoubleProperty [value: 1000.0]
09:40:59.878 [FXGL Background Thread 3 ] DEBUG Engine               - profileDir: profiles/
09:40:59.878 [FXGL Background Thread 3 ] DEBUG Engine               - profileName: StringProperty [value: DEFAULT]
09:40:59.878 [FXGL Background Thread 3 ] DEBUG Engine               - randomSeed: -1
09:40:59.879 [FXGL Background Thread 3 ] DEBUG Engine               - runtimeInfo: RuntimeInfo(platform=WINDOWS, version=17.3, build=30.03.2023 11.49)
09:40:59.879 [FXGL Background Thread 3 ] DEBUG Engine               - saveFileExt: sav
09:40:59.879 [FXGL Background Thread 3 ] DEBUG Engine               - scaledHeightProp$fxgl: DoubleProperty [bound, value: 700.0]
09:40:59.879 [FXGL Background Thread 3 ] DEBUG Engine               - scaledWidthProp$fxgl: DoubleProperty [bound, value: 1000.0]
09:40:59.879 [FXGL Background Thread 3 ] DEBUG Engine               - sceneFactory: com.almasb.fxgl.app.scene.SceneFactory@6323af61
09:40:59.879 [FXGL Background Thread 3 ] DEBUG Engine               - secondsIn24h: 60
09:40:59.879 [FXGL Background Thread 3 ] DEBUG Engine               - soundMenuBack: menu/back.wav
09:40:59.879 [FXGL Background Thread 3 ] DEBUG Engine               - soundMenuPress: menu/press.wav
09:40:59.879 [FXGL Background Thread 3 ] DEBUG Engine               - soundMenuSelect: menu/select.wav
09:40:59.879 [FXGL Background Thread 3 ] DEBUG Engine               - soundNotification: core/notification.wav
09:40:59.879 [FXGL Background Thread 3 ] DEBUG Engine               - stageStyle: DECORATED
09:40:59.879 [FXGL Background Thread 3 ] DEBUG Engine               - supportedLanguages: [ENGLISH, FRENCH, GERMAN, HUNGARIAN, RUSSIAN]
09:40:59.879 [FXGL Background Thread 3 ] DEBUG Engine               - ticksPerSecond: -1
09:40:59.879 [FXGL Background Thread 3 ] DEBUG Engine               - title: Restaurante
09:40:59.879 [FXGL Background Thread 3 ] DEBUG Engine               - urlGithub: https://github.com/AlmasB/FXGL
09:40:59.879 [FXGL Background Thread 3 ] DEBUG Engine               - urlLeaderboard: http://fxgl-top.herokuapp.com/
09:40:59.879 [FXGL Background Thread 3 ] DEBUG Engine               - urlPOM: https://raw.githubusercontent.com/AlmasB/FXGL/release/README.md
09:40:59.879 [FXGL Background Thread 3 ] DEBUG Engine               - userAppClass: class com.simulador.app.Main
09:40:59.879 [FXGL Background Thread 3 ] DEBUG Engine               - version: 0.0
09:40:59.879 [FXGL Background Thread 3 ] DEBUG Engine               - versionCheckDays: 7
09:40:59.880 [FXGL Background Thread 3 ] DEBUG Engine               - width: 1000
09:40:59.880 [FXGL Background Thread 3 ] DEBUG Engine               - Logging services
09:40:59.880 [FXGL Background Thread 3 ] DEBUG Engine               - class com.almasb.fxgl.app.services.FXGLAssetLoaderService
09:40:59.880 [FXGL Background Thread 3 ] DEBUG Engine               - class com.almasb.fxgl.app.FXGLApplication$GameApplicationService
09:40:59.880 [FXGL Background Thread 3 ] DEBUG Engine               - class com.almasb.fxgl.app.services.FXGLDialogService
09:40:59.880 [FXGL Background Thread 3 ] DEBUG Engine               - class com.almasb.fxgl.app.services.IOTaskExecutorService
09:40:59.880 [FXGL Background Thread 3 ] DEBUG Engine               - class com.almasb.fxgl.io.FileSystemService
09:40:59.880 [FXGL Background Thread 3 ] DEBUG Engine               - class com.almasb.fxgl.localization.LocalizationService
09:40:59.880 [FXGL Background Thread 3 ] DEBUG Engine               - class com.almasb.fxgl.app.services.SystemBundleService
09:40:59.880 [FXGL Background Thread 3 ] DEBUG Engine               - class com.almasb.fxgl.profile.SaveLoadService
09:40:59.880 [FXGL Background Thread 3 ] DEBUG Engine               - class com.almasb.fxgl.ui.FXGLUIFactoryServiceProvider
09:40:59.880 [FXGL Background Thread 3 ] DEBUG Engine               - class com.almasb.fxgl.ui.FXGLDialogFactoryServiceProvider
09:40:59.880 [FXGL Background Thread 3 ] DEBUG Engine               - class com.almasb.fxgl.audio.AudioPlayer
09:40:59.880 [FXGL Background Thread 3 ] DEBUG Engine               - class com.almasb.fxgl.notification.impl.NotificationServiceProvider
09:40:59.880 [FXGL Background Thread 3 ] DEBUG Engine               - class com.almasb.fxgl.achievement.AchievementService
09:40:59.880 [FXGL Background Thread 3 ] DEBUG Engine               - class com.almasb.fxgl.cutscene.CutsceneService
09:40:59.880 [FXGL Background Thread 3 ] DEBUG Engine               - class com.almasb.fxgl.minigames.MiniGameService
09:40:59.880 [FXGL Background Thread 3 ] DEBUG Engine               - class com.almasb.fxgl.net.NetService
09:40:59.880 [FXGL Background Thread 3 ] DEBUG Engine               - class com.almasb.fxgl.app.services.UpdaterService
09:40:59.880 [FXGL Background Thread 3 ] DEBUG Engine               - class com.almasb.fxgl.dev.DevService
09:42:07.465 [JavaFX Application Thread] DEBUG FXGLApplication      - Exiting FXGL
09:42:07.466 [JavaFX Application Thread] DEBUG LoopRunner           - Stopping loop
09:42:07.466 [JavaFX Application Thread] DEBUG SystemBundleService  - Saving FXGL system data
09:42:07.468 [JavaFX Application Thread] DEBUG FileSystemAccess     - Writing to: C:\Users\shing\OneDrive\Escritorio\7 CUATRIMESTRE\CONCURRENTE\SIMULADOR-GABO\system\fxgl.bundle
09:42:07.469 [JavaFX Application Thread] DEBUG Async                - Shutting down background threads
09:42:07.470 [JavaFX Application Thread] DEBUG PrimaryStageWindow   - Closing main window
09:42:07.483 [JavaFX Application Thread] DEBUG Logger               - Closing Logger
