01:09:23.839 [main                     ] DEBUG Logger               - Configured Logger
01:09:23.849 [main                     ] DEBUG GameApplication      - Logging settings
Title: Fonda MX
Version: 1.0
Width: 1101
Height: 690
Fullscreen: false
Intro: false
Profiling: false
Single step:false
App Mode: DEVELOPER
Menu Key: ESCAPE
Stage Style: DECORATED
Scene Factory: class com.almasb.fxgl.app.scene.SceneFactory

01:09:23.997 [JavaFX Application Thread] DEBUG FXGLApplication      - Initializing FXGL
01:09:24.003 [JavaFX Application Thread] INFO  Engine               - FXGL-17.3 (30.03.2023 11.49) on WINDOWS (J:17.0.13 FX:17.0.6)
01:09:24.004 [JavaFX Application Thread] DEBUG Engine               - JRE Vendor Name: Oracle Corporation
01:09:24.004 [JavaFX Application Thread] DEBUG Engine               - Running on OS: Windows 11 version 10.0
01:09:24.004 [JavaFX Application Thread] DEBUG Engine               - Architecture: amd64
01:09:24.004 [JavaFX Application Thread] INFO  Engine               - Source code and latest versions at: https://github.com/AlmasB/FXGL
01:09:24.004 [JavaFX Application Thread] INFO  Engine               -       Ask questions and discuss at: https://github.com/AlmasB/FXGL/discussions
01:09:24.004 [JavaFX Application Thread] INFO  Engine               -              Join the FXGL chat at: https://gitter.im/AlmasB/FXGL
01:09:24.146 [JavaFX Application Thread] DEBUG PrimaryStageWindow   - Creating a JavaFX scene
01:09:24.192 [JavaFX Application Thread] DEBUG PrimaryStageWindow   - Target settings size: 1101.0 x 690.0
01:09:24.193 [JavaFX Application Thread] DEBUG PrimaryStageWindow   - Scaled scene size:    1101.0 x 690.0
01:09:24.193 [JavaFX Application Thread] DEBUG PrimaryStageWindow   - Scaled ratio: (1.0, 1.0)
01:09:24.194 [JavaFX Application Thread] DEBUG PrimaryStageWindow   - Set initial scene to FXGLStartupScene
01:09:24.203 [JavaFX Application Thread] DEBUG PrimaryStageWindow   - Opening main window
01:09:24.367 [JavaFX Application Thread] DEBUG PrimaryStageWindow   - Window border size: (16.0, 39.0)
01:09:24.367 [JavaFX Application Thread] DEBUG PrimaryStageWindow   - Scaled size: 1101.0 x 690.0
01:09:24.368 [JavaFX Application Thread] DEBUG PrimaryStageWindow   - Scaled ratio: (1.0, 1.0)
01:09:24.368 [JavaFX Application Thread] DEBUG PrimaryStageWindow   - Scene size: 1101.0 x 690.0
01:09:24.368 [JavaFX Application Thread] DEBUG PrimaryStageWindow   - Stage size: 1117.0 x 729.0
01:09:24.377 [FXGL Background Thread 1 ] DEBUG Engine               - Initializing environment variables
01:09:24.425 [FXGL Background Thread 1 ] DEBUG FXGLAssetLoaderServi - User app class for loading assets: class com.Restaurant.Main
01:09:24.425 [FXGL Background Thread 1 ] DEBUG GameApplicationServi - Applying CSS: fxgl_dark.css
01:09:24.426 [FXGL Background Thread 1 ] DEBUG FXGLAssetLoaderServi - Loading from file system: jar:file:/C:/Users/gabor/.m2/repository/com/github/almasb/fxgl/17.3/fxgl-17.3.jar!/fxglassets/ui/css/fxgl_dark.css
01:09:24.477 [FXGL Background Thread 1 ] DEBUG GameApplicationServi - Initializing application scenes
01:09:24.545 [FXGL Background Thread 1 ] DEBUG GameWorld            - Game world initialized
01:09:24.606 [FXGL Background Thread 1 ] DEBUG PhysicsWorld         - Physics world initialized: appHeight=690, physics.ppm=50.0
01:09:24.606 [FXGL Background Thread 1 ] DEBUG PhysicsWorld         - Using strategy: BRUTE_FORCE
01:09:24.611 [FXGL Background Thread 1 ] DEBUG GameScene            - Game scene initialized: 1101x690
01:09:24.634 [FXGL Background Thread 1 ] DEBUG FXGL.DefaultMenu     - createMenuBodyGameMenu()
01:09:24.652 [FXGL Background Thread 1 ] DEBUG FXGL.DefaultMenu     - createOptionsMenu()
01:09:24.664 [FXGL Background Thread 1 ] DEBUG FXGLAssetLoaderServi - Loading from file system: jar:file:/C:/Users/gabor/.m2/repository/com/github/almasb/fxgl/17.3/fxgl-17.3.jar!/fxglassets/textures/particles/smoke.png
01:09:24.736 [FXGL Background Thread 1 ] DEBUG FXGLAssetLoaderServi - Loading from file system: jar:file:/C:/Users/gabor/.m2/repository/com/github/almasb/fxgl/17.3/fxgl-17.3.jar!/fxglassets/textures/particles/trace_horizontal.png
01:09:24.747 [FXGL Background Thread 1 ] DEBUG GameApplicationServi - Application scenes initialized
01:09:24.760 [FXGL Background Thread 1 ] DEBUG SystemBundleService  - Loading FXGL system data
01:09:24.763 [FXGL Background Thread 1 ] DEBUG FileSystemAccess     - Reading from: C:\Users\gabor\IdeaProjects\Restaurant_Simulador\system\fxgl.bundle
01:09:24.766 [FXGL Background Thread 1 ] DEBUG SystemBundleService  - Bundle FXGL: {}
01:09:24.766 [FXGL Background Thread 1 ] DEBUG UpdaterService       - Checking for updates
01:09:24.771 [FXGL Background Thread 4 ] DEBUG FXGLApplication      - Loading fonts
01:09:24.772 [FXGL Background Thread 4 ] DEBUG FXGLAssetLoaderServi - Loading from file system: jar:file:/C:/Users/gabor/.m2/repository/com/github/almasb/fxgl/17.3/fxgl-17.3.jar!/fxglassets/ui/fonts/VarelaRound-Regular.ttf
01:09:24.772 [FXGL Background Thread 1 ] DEBUG FXGLApplication      - Loading default localization
01:09:24.773 [FXGL Background Thread 1 ] DEBUG FXGLAssetLoaderServi - Loading from file system: jar:file:/C:/Users/gabor/.m2/repository/com/github/almasb/fxgl/17.3/fxgl-17.3.jar!/fxglassets/languages/english.lang
01:09:24.787 [FXGL Background Thread 4 ] DEBUG FXGLAssetLoaderServi - Loading from file system: jar:file:/C:/Users/gabor/.m2/repository/com/github/almasb/fxgl/17.3/fxgl-17.3.jar!/fxglassets/ui/fonts/Abel-Regular.ttf
01:09:24.793 [FXGL Background Thread 4 ] DEBUG FXGLAssetLoaderServi - Loading from file system: jar:file:/C:/Users/gabor/.m2/repository/com/github/almasb/fxgl/17.3/fxgl-17.3.jar!/fxglassets/ui/fonts/TerminalLandMono-Regular.otf
01:09:24.799 [FXGL Background Thread 4 ] DEBUG FXGLAssetLoaderServi - Loading from file system: jar:file:/C:/Users/gabor/.m2/repository/com/github/almasb/fxgl/17.3/fxgl-17.3.jar!/fxglassets/ui/fonts/Courier-Prime.ttf
01:09:24.801 [FXGL Background Thread 1 ] INFO  FXGLApplication      - FXGL initialization took: 0.423 sec
01:09:24.802 [JavaFX Application Thread] DEBUG FXGLAssetLoaderServi - Loading from file system: jar:file:/C:/Users/gabor/.m2/repository/com/github/almasb/fxgl/17.3/fxgl-17.3.jar!/fxglassets/textures/fxgl_icon.png
01:09:24.815 [JavaFX Application Thread] DEBUG FXGLAssetLoaderServi - Loading from file system: jar:file:/C:/Users/gabor/.m2/repository/com/github/almasb/fxgl/17.3/fxgl-17.3.jar!/fxglassets/textures/fxgl_default_cursor.png
01:09:24.827 [JavaFX Application Thread] DEBUG Input                - Registered new binding: Screenshot - CTRL+8
01:09:24.827 [JavaFX Application Thread] DEBUG Input                - Registered new binding: System info dump - CTRL+9
01:09:24.827 [JavaFX Application Thread] DEBUG Input                - Registered new binding: Restart - CTRL+R
01:09:24.828 [JavaFX Application Thread] DEBUG Input                - Registered new binding: Toggle Debug Camera - CTRL+7
01:09:24.831 [JavaFX Application Thread] DEBUG LoopRunner           - Starting loop
01:09:24.831 [JavaFX Application Thread] DEBUG LoopRunner           - Initializing JavaFX AnimationTimerLoop
01:09:24.832 [JavaFX Application Thread] DEBUG GameApplicationServi - Starting new game
01:09:24.833 [JavaFX Application Thread] DEBUG Input                - Clearing active input actions
01:09:24.840 [JavaFX Application Thread] DEBUG GameApplicationServi - Removing overlay from FXGLStartupScene and adding to FXGLLoadingScene
01:09:24.840 [JavaFX Application Thread] DEBUG PrimaryStageWindow   - FXGLStartupScene -> FXGLLoadingScene
01:09:24.840 [JavaFX Application Thread] DEBUG GameApplicationServi - Clearing previous game
01:09:24.840 [JavaFX Application Thread] DEBUG GameScene            - Clearing game scene
01:09:24.840 [JavaFX Application Thread] DEBUG GameWorld            - Clearing game world
01:09:24.840 [JavaFX Application Thread] DEBUG PhysicsWorld         - Clearing physics world
01:09:24.842 [FXGL Background Thread 4 ] DEBUG FXGLApplication      - Initializing game
01:09:24.843 [JavaFX Application Thread] DEBUG FXGLApplication      - Registering font factories with UI factory
01:09:24.847 [FXGL Background Thread 4 ] DEBUG FXGLAssetLoaderServi - Loading from file system: file:/C:/Users/gabor/IdeaProjects/Restaurant_Simulador/target/classes/assets/textures/background.png
01:09:24.888 [FXGL Background Thread 4 ] DEBUG FXGLAssetLoaderServi - Loading from file system: file:/C:/Users/gabor/IdeaProjects/Restaurant_Simulador/target/classes/assets/textures/table.png
01:09:24.904 [FXGL Background Thread 4 ] INFO  FXGLApplication      - Game initialization took: 0.062 sec
01:09:24.906 [JavaFX Application Thread] DEBUG Input                - Clearing active input actions
01:09:24.913 [JavaFX Application Thread] DEBUG GameApplicationServi - Removing overlay from FXGLLoadingScene and adding to GameScene
01:09:24.913 [JavaFX Application Thread] DEBUG PrimaryStageWindow   - FXGLLoadingScene -> GameScene
01:09:25.622 [FXGL Background Thread 2 ] INFO  UpdaterService       - Your current version:  17.3
01:09:25.622 [FXGL Background Thread 2 ] INFO  UpdaterService       - Latest stable version: 21.1
01:09:26.145 [JavaFX Application Thread] DEBUG FXGLAssetLoaderServi - Loading from file system: file:/C:/Users/gabor/IdeaProjects/Restaurant_Simulador/target/classes/assets/textures/chef.png
01:09:26.912 [JavaFX Application Thread] DEBUG FXGLAssetLoaderServi - Loading from file system: file:/C:/Users/gabor/IdeaProjects/Restaurant_Simulador/target/classes/assets/textures/receptionist.png
01:09:27.771 [FXGL Background Thread 3 ] DEBUG Engine               - Logging environment variables
01:09:27.771 [FXGL Background Thread 3 ] DEBUG Engine               - achievements: []
01:09:27.772 [FXGL Background Thread 3 ] DEBUG Engine               - actualHeight: 690.0
01:09:27.772 [FXGL Background Thread 3 ] DEBUG Engine               - actualHeightProperty: ReadOnlyDoubleProperty [value: 690.0]
01:09:27.772 [FXGL Background Thread 3 ] DEBUG Engine               - actualWidth: 1101.0
01:09:27.772 [FXGL Background Thread 3 ] DEBUG Engine               - actualWidthProperty: ReadOnlyDoubleProperty [value: 1101.0]
01:09:27.772 [FXGL Background Thread 3 ] DEBUG Engine               - appIcon: fxgl_icon.png
01:09:27.772 [FXGL Background Thread 3 ] DEBUG Engine               - applicationMode: DEVELOPER
01:09:27.772 [FXGL Background Thread 3 ] DEBUG Engine               - cSSList: [fxgl_dark.css]
01:09:27.772 [FXGL Background Thread 3 ] DEBUG Engine               - collisionDetectionStrategy: BRUTE_FORCE
01:09:27.772 [FXGL Background Thread 3 ] DEBUG Engine               - configClass: Optional.empty
01:09:27.772 [FXGL Background Thread 3 ] DEBUG Engine               - credits: []
01:09:27.774 [FXGL Background Thread 3 ] DEBUG Engine               - defaultCursor: CursorInfo(imageName=fxgl_default_cursor.png, hotspotX=7.0, hotspotY=6.0)
01:09:27.774 [FXGL Background Thread 3 ] DEBUG Engine               - devBBoxColorProperty: ObjectProperty [value: 0xff0000ff]
01:09:27.774 [FXGL Background Thread 3 ] DEBUG Engine               - devEnableDebugCameraProperty: BooleanProperty [value: false]
01:09:27.774 [FXGL Background Thread 3 ] DEBUG Engine               - devSensorColorProperty: ObjectProperty [value: 0xffff00ff]
01:09:27.774 [FXGL Background Thread 3 ] DEBUG Engine               - devShowBBoxProperty: BooleanProperty [value: false]
01:09:27.774 [FXGL Background Thread 3 ] DEBUG Engine               - devShowPositionProperty: BooleanProperty [value: false]
01:09:27.774 [FXGL Background Thread 3 ] DEBUG Engine               - enabledMenuItems: []
01:09:27.774 [FXGL Background Thread 3 ] DEBUG Engine               - engineServices: [class com.almasb.fxgl.app.services.FXGLAssetLoaderService, class com.almasb.fxgl.app.FXGLApplication$GameApplicationService, class com.almasb.fxgl.app.services.FXGLDialogService, class com.almasb.fxgl.app.services.IOTaskExecutorService, class com.almasb.fxgl.io.FileSystemService, class com.almasb.fxgl.localization.LocalizationService, class com.almasb.fxgl.app.services.SystemBundleService, class com.almasb.fxgl.profile.SaveLoadService, class com.almasb.fxgl.ui.FXGLUIFactoryServiceProvider, class com.almasb.fxgl.ui.FXGLDialogFactoryServiceProvider, class com.almasb.fxgl.audio.AudioPlayer, class com.almasb.fxgl.notification.impl.NotificationServiceProvider, class com.almasb.fxgl.achievement.AchievementService, class com.almasb.fxgl.cutscene.CutsceneService, class com.almasb.fxgl.minigames.MiniGameService, class com.almasb.fxgl.net.NetService, class com.almasb.fxgl.app.services.UpdaterService, class com.almasb.fxgl.dev.DevService]
01:09:27.774 [FXGL Background Thread 3 ] DEBUG Engine               - fontGame: Abel-Regular.ttf
01:09:27.774 [FXGL Background Thread 3 ] DEBUG Engine               - fontMono: TerminalLandMono-Regular.otf
01:09:27.774 [FXGL Background Thread 3 ] DEBUG Engine               - fontSizeScaleUI: 1.0
01:09:27.774 [FXGL Background Thread 3 ] DEBUG Engine               - fontText: Courier-Prime.ttf
01:09:27.774 [FXGL Background Thread 3 ] DEBUG Engine               - fontUI: VarelaRound-Regular.ttf
01:09:27.774 [FXGL Background Thread 3 ] DEBUG Engine               - fullScreen: BooleanProperty [value: false]
01:09:27.774 [FXGL Background Thread 3 ] DEBUG Engine               - gameDifficulty: MEDIUM
01:09:27.774 [FXGL Background Thread 3 ] DEBUG Engine               - gameDifficultyProperty: ObjectProperty [value: MEDIUM]
01:09:27.774 [FXGL Background Thread 3 ] DEBUG Engine               - globalMusicVolume: 0.5
01:09:27.774 [FXGL Background Thread 3 ] DEBUG Engine               - globalMusicVolumeProperty: DoubleProperty [value: 0.5]
01:09:27.774 [FXGL Background Thread 3 ] DEBUG Engine               - globalSoundVolume: 0.5
01:09:27.774 [FXGL Background Thread 3 ] DEBUG Engine               - globalSoundVolumeProperty: DoubleProperty [value: 0.5]
01:09:27.774 [FXGL Background Thread 3 ] DEBUG Engine               - height: 690
01:09:27.774 [FXGL Background Thread 3 ] DEBUG Engine               - is3D: false
01:09:27.774 [FXGL Background Thread 3 ] DEBUG Engine               - isAndroid: false
01:09:27.774 [FXGL Background Thread 3 ] DEBUG Engine               - isBrowser: false
01:09:27.774 [FXGL Background Thread 3 ] DEBUG Engine               - isClickFeedbackEnabled: false
01:09:27.774 [FXGL Background Thread 3 ] DEBUG Engine               - isCloseConfirmation: false
01:09:27.774 [FXGL Background Thread 3 ] DEBUG Engine               - isDesktop: true
01:09:27.776 [FXGL Background Thread 3 ] DEBUG Engine               - isDeveloperMenuEnabled: false
01:09:27.776 [FXGL Background Thread 3 ] DEBUG Engine               - isEmbedded: false
01:09:27.776 [FXGL Background Thread 3 ] DEBUG Engine               - isEntityPreloadEnabled: true
01:09:27.776 [FXGL Background Thread 3 ] DEBUG Engine               - isExperimentalTiledLargeMap: false
01:09:27.776 [FXGL Background Thread 3 ] DEBUG Engine               - isFileSystemWriteAllowed: true
01:09:27.776 [FXGL Background Thread 3 ] DEBUG Engine               - isFullScreenAllowed: false
01:09:27.776 [FXGL Background Thread 3 ] DEBUG Engine               - isFullScreenFromStart: false
01:09:27.776 [FXGL Background Thread 3 ] DEBUG Engine               - isGameMenuEnabled: true
01:09:27.776 [FXGL Background Thread 3 ] DEBUG Engine               - isIOS: false
01:09:27.776 [FXGL Background Thread 3 ] DEBUG Engine               - isIntroEnabled: false
01:09:27.776 [FXGL Background Thread 3 ] DEBUG Engine               - isLinux: false
01:09:27.776 [FXGL Background Thread 3 ] DEBUG Engine               - isMac: false
01:09:27.776 [FXGL Background Thread 3 ] DEBUG Engine               - isMainMenuEnabled: false
01:09:27.776 [FXGL Background Thread 3 ] DEBUG Engine               - isManualResizeEnabled: false
01:09:27.776 [FXGL Background Thread 3 ] DEBUG Engine               - isMobile: false
01:09:27.776 [FXGL Background Thread 3 ] DEBUG Engine               - isNative: false
01:09:27.776 [FXGL Background Thread 3 ] DEBUG Engine               - isPauseMusicWhenMinimized: true
01:09:27.776 [FXGL Background Thread 3 ] DEBUG Engine               - isPreserveResizeRatio: false
01:09:27.776 [FXGL Background Thread 3 ] DEBUG Engine               - isProfilingEnabled: false
01:09:27.776 [FXGL Background Thread 3 ] DEBUG Engine               - isScaleAffectedOnResize: true
01:09:27.776 [FXGL Background Thread 3 ] DEBUG Engine               - isSingleStep: false
01:09:27.776 [FXGL Background Thread 3 ] DEBUG Engine               - isUserProfileEnabled: false
01:09:27.776 [FXGL Background Thread 3 ] DEBUG Engine               - isWindows: true
01:09:27.776 [FXGL Background Thread 3 ] DEBUG Engine               - language: ObjectProperty [value: ENGLISH]
01:09:27.776 [FXGL Background Thread 3 ] DEBUG Engine               - menuKey: ESCAPE
01:09:27.776 [FXGL Background Thread 3 ] DEBUG Engine               - mouseSensitivity: 0.2
01:09:27.776 [FXGL Background Thread 3 ] DEBUG Engine               - notificationViewClass: class com.almasb.fxgl.notification.view.XboxNotificationView
01:09:27.777 [FXGL Background Thread 3 ] DEBUG Engine               - pixelsPerMeter: 50.0
01:09:27.777 [FXGL Background Thread 3 ] DEBUG Engine               - platform: WINDOWS
01:09:27.777 [FXGL Background Thread 3 ] DEBUG Engine               - prefHeightProperty: ReadOnlyDoubleProperty [value: 690.0]
01:09:27.777 [FXGL Background Thread 3 ] DEBUG Engine               - prefWidthProperty: ReadOnlyDoubleProperty [value: 1101.0]
01:09:27.777 [FXGL Background Thread 3 ] DEBUG Engine               - profileDir: profiles/
01:09:27.777 [FXGL Background Thread 3 ] DEBUG Engine               - profileName: StringProperty [value: DEFAULT]
01:09:27.777 [FXGL Background Thread 3 ] DEBUG Engine               - randomSeed: -1
01:09:27.777 [FXGL Background Thread 3 ] DEBUG Engine               - runtimeInfo: RuntimeInfo(platform=WINDOWS, version=17.3, build=30.03.2023 11.49)
01:09:27.777 [FXGL Background Thread 3 ] DEBUG Engine               - saveFileExt: sav
01:09:27.777 [FXGL Background Thread 3 ] DEBUG Engine               - scaledHeightProp$fxgl: DoubleProperty [bound, value: 690.0]
01:09:27.777 [FXGL Background Thread 3 ] DEBUG Engine               - scaledWidthProp$fxgl: DoubleProperty [bound, value: 1101.0]
01:09:27.777 [FXGL Background Thread 3 ] DEBUG Engine               - sceneFactory: com.almasb.fxgl.app.scene.SceneFactory@2d7362b2
01:09:27.777 [FXGL Background Thread 3 ] DEBUG Engine               - secondsIn24h: 60
01:09:27.777 [FXGL Background Thread 3 ] DEBUG Engine               - soundMenuBack: menu/back.wav
01:09:27.777 [FXGL Background Thread 3 ] DEBUG Engine               - soundMenuPress: menu/press.wav
01:09:27.777 [FXGL Background Thread 3 ] DEBUG Engine               - soundMenuSelect: menu/select.wav
01:09:27.777 [FXGL Background Thread 3 ] DEBUG Engine               - soundNotification: core/notification.wav
01:09:27.777 [FXGL Background Thread 3 ] DEBUG Engine               - stageStyle: DECORATED
01:09:27.777 [FXGL Background Thread 3 ] DEBUG Engine               - supportedLanguages: [ENGLISH, FRENCH, GERMAN, HUNGARIAN, RUSSIAN]
01:09:27.777 [FXGL Background Thread 3 ] DEBUG Engine               - ticksPerSecond: -1
01:09:27.777 [FXGL Background Thread 3 ] DEBUG Engine               - title: Fonda MX
01:09:27.777 [FXGL Background Thread 3 ] DEBUG Engine               - urlGithub: https://github.com/AlmasB/FXGL
01:09:27.777 [FXGL Background Thread 3 ] DEBUG Engine               - urlLeaderboard: http://fxgl-top.herokuapp.com/
01:09:27.777 [FXGL Background Thread 3 ] DEBUG Engine               - urlPOM: https://raw.githubusercontent.com/AlmasB/FXGL/release/README.md
01:09:27.777 [FXGL Background Thread 3 ] DEBUG Engine               - userAppClass: class com.Restaurant.Main
01:09:27.777 [FXGL Background Thread 3 ] DEBUG Engine               - version: 1.0
01:09:27.777 [FXGL Background Thread 3 ] DEBUG Engine               - versionCheckDays: 7
01:09:27.777 [FXGL Background Thread 3 ] DEBUG Engine               - width: 1101
01:09:27.777 [FXGL Background Thread 3 ] DEBUG Engine               - Logging services
01:09:27.777 [FXGL Background Thread 3 ] DEBUG Engine               - class com.almasb.fxgl.app.services.FXGLAssetLoaderService
01:09:27.777 [FXGL Background Thread 3 ] DEBUG Engine               - class com.almasb.fxgl.app.FXGLApplication$GameApplicationService
01:09:27.777 [FXGL Background Thread 3 ] DEBUG Engine               - class com.almasb.fxgl.app.services.FXGLDialogService
01:09:27.777 [FXGL Background Thread 3 ] DEBUG Engine               - class com.almasb.fxgl.app.services.IOTaskExecutorService
01:09:27.777 [FXGL Background Thread 3 ] DEBUG Engine               - class com.almasb.fxgl.io.FileSystemService
01:09:27.777 [FXGL Background Thread 3 ] DEBUG Engine               - class com.almasb.fxgl.localization.LocalizationService
01:09:27.777 [FXGL Background Thread 3 ] DEBUG Engine               - class com.almasb.fxgl.app.services.SystemBundleService
01:09:27.777 [FXGL Background Thread 3 ] DEBUG Engine               - class com.almasb.fxgl.profile.SaveLoadService
01:09:27.777 [FXGL Background Thread 3 ] DEBUG Engine               - class com.almasb.fxgl.ui.FXGLUIFactoryServiceProvider
01:09:27.777 [FXGL Background Thread 3 ] DEBUG Engine               - class com.almasb.fxgl.ui.FXGLDialogFactoryServiceProvider
01:09:27.777 [FXGL Background Thread 3 ] DEBUG Engine               - class com.almasb.fxgl.audio.AudioPlayer
01:09:27.777 [FXGL Background Thread 3 ] DEBUG Engine               - class com.almasb.fxgl.notification.impl.NotificationServiceProvider
01:09:27.777 [FXGL Background Thread 3 ] DEBUG Engine               - class com.almasb.fxgl.achievement.AchievementService
01:09:27.777 [FXGL Background Thread 3 ] DEBUG Engine               - class com.almasb.fxgl.cutscene.CutsceneService
01:09:27.777 [FXGL Background Thread 3 ] DEBUG Engine               - class com.almasb.fxgl.minigames.MiniGameService
01:09:27.777 [FXGL Background Thread 3 ] DEBUG Engine               - class com.almasb.fxgl.net.NetService
01:09:27.777 [FXGL Background Thread 3 ] DEBUG Engine               - class com.almasb.fxgl.app.services.UpdaterService
01:09:27.777 [FXGL Background Thread 3 ] DEBUG Engine               - class com.almasb.fxgl.dev.DevService
01:09:28.000 [JavaFX Application Thread] DEBUG FXGLAssetLoaderServi - Loading from file system: file:/C:/Users/gabor/IdeaProjects/Restaurant_Simulador/target/classes/assets/textures/waiter.png
01:09:28.505 [JavaFX Application Thread] DEBUG FXGLAssetLoaderServi - Loading from file system: file:/C:/Users/gabor/IdeaProjects/Restaurant_Simulador/target/classes/assets/textures/customer.png
01:09:30.792 [JavaFX Application Thread] DEBUG FXGLAssetLoaderServi - Loading from file system: file:/C:/Users/gabor/IdeaProjects/Restaurant_Simulador/target/classes/assets/textures/food.png
01:09:30.831 [JavaFX Application Thread] DEBUG FXGLAssetLoaderServi - Loading from file system: file:/C:/Users/gabor/IdeaProjects/Restaurant_Simulador/target/classes/assets/textures/order.png
01:09:33.228 [Thread-14                ] DEBUG FXGLAssetLoaderServi - Loading from file system: file:/C:/Users/gabor/IdeaProjects/Restaurant_Simulador/target/classes/assets/textures/wait.png
01:09:33.238 [Thread-14                ] DEBUG LoopRunner           - Stopping loop
01:09:33.245 [Thread-14                ] FATAL FXGLApplication      - Uncaught Exception:
java.lang.IllegalStateException: Not on FX application thread; currentThread = Thread-14
	at com.sun.javafx.tk.Toolkit.checkFxUserThread(Toolkit.java:297)
	at com.sun.javafx.tk.quantum.QuantumToolkit.checkFxUserThread(QuantumToolkit.java:458)
	at javafx.scene.Parent$3.onProposedChange(Parent.java:474)
	at com.sun.javafx.collections.VetoableListDecorator.add(VetoableListDecorator.java:205)
	at com.almasb.fxgl.app.scene.GameScene.addGameView(GameScene.kt:373)
	at com.almasb.fxgl.app.scene.GameScene.initView(GameScene.kt:388)
	at com.almasb.fxgl.app.scene.GameScene.onEntityAdded(GameScene.kt:361)
	at com.almasb.fxgl.entity.GameWorld.notifyEntityAdded(GameWorld.kt:233)
	at com.almasb.fxgl.entity.GameWorld.add(GameWorld.kt:96)
	at com.almasb.fxgl.entity.GameWorld.addEntity(GameWorld.kt:85)
	at com.almasb.fxgl.dsl.EntityBuilder.buildAndAttach(EntityBuilder.kt:217)
	at com.Restaurant.models.Waiting.crearEspera(Espera.java:22)
	at com.Restaurant.models.Recepcionista.asignarMesa(Recepcionista.java:41)
	at com.Restaurant.models.Customer.run(Comensal.java:32)

01:09:33.245 [Thread-14                ] FATAL FXGLApplication      - Application will now exit
01:09:33.268 [Thread-14                ] DEBUG PrimaryStageWindow   - Push state: ErrorSubScene
01:09:33.268 [Thread-14                ] DEBUG Input                - Clearing active input actions
01:09:39.969 [JavaFX Application Thread] DEBUG FXGLApplication      - Exiting FXGL
01:09:39.969 [JavaFX Application Thread] DEBUG Async                - Shutting down background threads
01:09:39.970 [JavaFX Application Thread] DEBUG PrimaryStageWindow   - Closing main window
01:09:39.982 [JavaFX Application Thread] DEBUG Logger               - Closing Logger
