11:48:16.301 [main                     ] DEBUG Logger               - Configured Logger
11:48:16.321 [main                     ] DEBUG GameApplication      - Logging settings
Title: Simulador Restaurante
Version: 0.1
Width: 1300
Height: 600
Fullscreen: false
Intro: false
Profiling: false
Single step:false
App Mode: DEVELOPER
Menu Key: ESCAPE
Stage Style: DECORATED
Scene Factory: class com.Restaurant.Main$1

11:48:17.052 [JavaFX Application Thread] DEBUG FXGLApplication      - Initializing FXGL
11:48:17.058 [JavaFX Application Thread] INFO  Engine               - FXGL-17.3 (30.03.2023 11.49) on WINDOWS (J:17.0.13 FX:17.0.6)
11:48:17.059 [JavaFX Application Thread] DEBUG Engine               - JRE Vendor Name: Oracle Corporation
11:48:17.059 [JavaFX Application Thread] DEBUG Engine               - Running on OS: Windows 11 version 10.0
11:48:17.059 [JavaFX Application Thread] DEBUG Engine               - Architecture: amd64
11:48:17.059 [JavaFX Application Thread] INFO  Engine               - Source code and latest versions at: https://github.com/AlmasB/FXGL
11:48:17.060 [JavaFX Application Thread] INFO  Engine               -       Ask questions and discuss at: https://github.com/AlmasB/FXGL/discussions
11:48:17.060 [JavaFX Application Thread] INFO  Engine               -              Join the FXGL chat at: https://gitter.im/AlmasB/FXGL
11:48:17.255 [JavaFX Application Thread] DEBUG PrimaryStageWindow   - Creating a JavaFX scene
11:48:17.336 [JavaFX Application Thread] DEBUG PrimaryStageWindow   - Target settings size: 1300.0 x 600.0
11:48:17.336 [JavaFX Application Thread] DEBUG PrimaryStageWindow   - Scaled scene size:    1300.0 x 600.0
11:48:17.336 [JavaFX Application Thread] DEBUG PrimaryStageWindow   - Scaled ratio: (1.0, 1.0)
11:48:17.338 [JavaFX Application Thread] DEBUG PrimaryStageWindow   - Set initial scene to FXGLStartupScene
11:48:17.350 [JavaFX Application Thread] DEBUG PrimaryStageWindow   - Opening main window
11:48:17.504 [JavaFX Application Thread] DEBUG PrimaryStageWindow   - Window border size: (16.0, 39.0)
11:48:17.504 [JavaFX Application Thread] DEBUG PrimaryStageWindow   - Scaled size: 1300.0 x 600.0
11:48:17.504 [JavaFX Application Thread] DEBUG PrimaryStageWindow   - Scaled ratio: (1.0, 1.0)
11:48:17.505 [JavaFX Application Thread] DEBUG PrimaryStageWindow   - Scene size: 1300.0 x 600.0
11:48:17.505 [JavaFX Application Thread] DEBUG PrimaryStageWindow   - Stage size: 1316.0 x 639.0
11:48:17.515 [FXGL Background Thread 1 ] DEBUG Engine               - Initializing environment variables
11:48:17.583 [FXGL Background Thread 1 ] DEBUG FXGLAssetLoaderServi - User app class for loading assets: class com.Restaurant.Main
11:48:17.584 [FXGL Background Thread 1 ] DEBUG GameApplicationServi - Applying CSS: fxgl_dark.css
11:48:17.587 [FXGL Background Thread 1 ] DEBUG FXGLAssetLoaderServi - Loading from file system: jar:file:/C:/Users/gabor/.m2/repository/com/github/almasb/fxgl/17.3/fxgl-17.3.jar!/fxglassets/ui/css/fxgl_dark.css
11:48:17.659 [FXGL Background Thread 1 ] DEBUG GameApplicationServi - Initializing application scenes
11:48:17.740 [FXGL Background Thread 1 ] DEBUG GameWorld            - Game world initialized
11:48:17.834 [FXGL Background Thread 1 ] DEBUG PhysicsWorld         - Physics world initialized: appHeight=600, physics.ppm=50.0
11:48:17.834 [FXGL Background Thread 1 ] DEBUG PhysicsWorld         - Using strategy: BRUTE_FORCE
11:48:17.841 [FXGL Background Thread 1 ] DEBUG GameScene            - Game scene initialized: 1300x600
11:48:17.957 [FXGL Background Thread 1 ] DEBUG FXGL.DefaultMenu     - createMenuBodyGameMenu()
11:48:17.965 [FXGL Background Thread 1 ] DEBUG FXGL.DefaultMenu     - createOptionsMenu()
11:48:17.975 [FXGL Background Thread 1 ] DEBUG FXGLAssetLoaderServi - Loading from file system: jar:file:/C:/Users/gabor/.m2/repository/com/github/almasb/fxgl/17.3/fxgl-17.3.jar!/fxglassets/textures/particles/smoke.png
11:48:18.069 [FXGL Background Thread 1 ] DEBUG FXGLAssetLoaderServi - Loading from file system: jar:file:/C:/Users/gabor/.m2/repository/com/github/almasb/fxgl/17.3/fxgl-17.3.jar!/fxglassets/textures/particles/trace_horizontal.png
11:48:18.104 [FXGL Background Thread 1 ] DEBUG GameApplicationServi - Application scenes initialized
11:48:18.125 [FXGL Background Thread 1 ] DEBUG SystemBundleService  - Loading FXGL system data
11:48:18.130 [FXGL Background Thread 1 ] DEBUG FileSystemAccess     - Reading from: C:\Users\gabor\IdeaProjects\Restaurant_Simulador\system\fxgl.bundle
11:48:18.140 [FXGL Background Thread 1 ] DEBUG SystemBundleService  - Bundle FXGL: {}
11:48:18.141 [FXGL Background Thread 1 ] DEBUG UpdaterService       - Checking for updates
11:48:18.152 [FXGL Background Thread 4 ] DEBUG FXGLApplication      - Loading fonts
11:48:18.154 [FXGL Background Thread 4 ] DEBUG FXGLAssetLoaderServi - Loading from file system: jar:file:/C:/Users/gabor/.m2/repository/com/github/almasb/fxgl/17.3/fxgl-17.3.jar!/fxglassets/ui/fonts/VarelaRound-Regular.ttf
11:48:18.155 [FXGL Background Thread 1 ] DEBUG FXGLApplication      - Loading default localization
11:48:18.156 [FXGL Background Thread 1 ] DEBUG FXGLAssetLoaderServi - Loading from file system: jar:file:/C:/Users/gabor/.m2/repository/com/github/almasb/fxgl/17.3/fxgl-17.3.jar!/fxglassets/languages/english.lang
11:48:18.178 [FXGL Background Thread 4 ] DEBUG FXGLAssetLoaderServi - Loading from file system: jar:file:/C:/Users/gabor/.m2/repository/com/github/almasb/fxgl/17.3/fxgl-17.3.jar!/fxglassets/ui/fonts/Abel-Regular.ttf
11:48:18.186 [FXGL Background Thread 4 ] DEBUG FXGLAssetLoaderServi - Loading from file system: jar:file:/C:/Users/gabor/.m2/repository/com/github/almasb/fxgl/17.3/fxgl-17.3.jar!/fxglassets/ui/fonts/TerminalLandMono-Regular.otf
11:48:18.191 [FXGL Background Thread 4 ] DEBUG FXGLAssetLoaderServi - Loading from file system: jar:file:/C:/Users/gabor/.m2/repository/com/github/almasb/fxgl/17.3/fxgl-17.3.jar!/fxglassets/ui/fonts/Courier-Prime.ttf
11:48:18.202 [JavaFX Application Thread] DEBUG FXGLApplication      - Registering font factories with UI factory
11:48:18.203 [FXGL Background Thread 1 ] INFO  FXGLApplication      - FXGL initialization took: 0.688 sec
11:48:18.205 [JavaFX Application Thread] DEBUG FXGLAssetLoaderServi - Loading from file system: jar:file:/C:/Users/gabor/.m2/repository/com/github/almasb/fxgl/17.3/fxgl-17.3.jar!/fxglassets/textures/fxgl_icon.png
11:48:18.230 [JavaFX Application Thread] DEBUG FXGLAssetLoaderServi - Loading from file system: jar:file:/C:/Users/gabor/.m2/repository/com/github/almasb/fxgl/17.3/fxgl-17.3.jar!/fxglassets/textures/fxgl_default_cursor.png
11:48:18.246 [JavaFX Application Thread] DEBUG Input                - Registered new binding: Screenshot - CTRL+8
11:48:18.248 [JavaFX Application Thread] DEBUG Input                - Registered new binding: System info dump - CTRL+9
11:48:18.248 [JavaFX Application Thread] DEBUG Input                - Registered new binding: Restart - CTRL+R
11:48:18.250 [JavaFX Application Thread] DEBUG Input                - Registered new binding: Toggle Debug Camera - CTRL+7
11:48:18.254 [JavaFX Application Thread] DEBUG LoopRunner           - Starting loop
11:48:18.254 [JavaFX Application Thread] DEBUG LoopRunner           - Initializing JavaFX AnimationTimerLoop
11:48:18.258 [JavaFX Application Thread] DEBUG Input                - Clearing active input actions
11:48:18.265 [JavaFX Application Thread] DEBUG GameApplicationServi - Removing overlay from FXGLStartupScene and adding to FXGLMainMenuDummyScene
11:48:18.266 [JavaFX Application Thread] DEBUG PrimaryStageWindow   - FXGLStartupScene -> FXGLMainMenuDummyScene
11:48:18.266 [JavaFX Application Thread] DEBUG PrimaryStageWindow   - Push state: RestaurantView
11:48:18.266 [JavaFX Application Thread] DEBUG Input                - Clearing active input actions
11:48:18.277 [JavaFX Application Thread] DEBUG GameApplicationServi - Removing overlay from FXGLMainMenuDummyScene and adding to RestaurantView
11:48:18.277 [JavaFX Application Thread] DEBUG PrimaryStageWindow   - FXGLMainMenuDummyScene -> RestaurantView
11:48:19.041 [FXGL Background Thread 2 ] INFO  UpdaterService       - Your current version:  17.3
11:48:19.041 [FXGL Background Thread 2 ] INFO  UpdaterService       - Latest stable version: 21.1
11:48:19.342 [JavaFX Application Thread] DEBUG Menu                 - fireNewGame()
11:48:19.342 [JavaFX Application Thread] DEBUG GameApplicationServi - Starting new game
11:48:19.343 [JavaFX Application Thread] DEBUG PrimaryStageWindow   - Pop state: RestaurantView
11:48:19.343 [JavaFX Application Thread] DEBUG Input                - Clearing active input actions
11:48:19.344 [JavaFX Application Thread] DEBUG GameApplicationServi - Removing overlay from RestaurantView and adding to FXGLMainMenuDummyScene
11:48:19.345 [JavaFX Application Thread] DEBUG PrimaryStageWindow   - FXGLMainMenuDummyScene <- RestaurantView
11:48:19.346 [JavaFX Application Thread] DEBUG Input                - Clearing active input actions
11:48:19.363 [JavaFX Application Thread] DEBUG GameApplicationServi - Removing overlay from FXGLMainMenuDummyScene and adding to FXGLLoadingScene
11:48:19.364 [JavaFX Application Thread] DEBUG PrimaryStageWindow   - FXGLMainMenuDummyScene -> FXGLLoadingScene
11:48:19.364 [JavaFX Application Thread] DEBUG GameApplicationServi - Clearing previous game
11:48:19.364 [JavaFX Application Thread] DEBUG GameScene            - Clearing game scene
11:48:19.364 [JavaFX Application Thread] DEBUG GameWorld            - Clearing game world
11:48:19.364 [JavaFX Application Thread] DEBUG PhysicsWorld         - Clearing physics world
11:48:19.368 [FXGL Background Thread 2 ] DEBUG FXGLApplication      - Initializing game
11:48:20.211 [FXGL Background Thread 2 ] INFO  FXGLApplication      - Game initialization took: 0.842 sec
11:48:20.213 [JavaFX Application Thread] DEBUG Input                - Clearing active input actions
11:48:20.222 [JavaFX Application Thread] DEBUG GameApplicationServi - Removing overlay from FXGLLoadingScene and adding to GameScene
11:48:20.222 [JavaFX Application Thread] DEBUG PrimaryStageWindow   - FXGLLoadingScene -> GameScene
11:48:21.148 [FXGL Background Thread 3 ] DEBUG Engine               - Logging environment variables
11:48:21.149 [FXGL Background Thread 3 ] DEBUG Engine               - achievements: []
11:48:21.149 [FXGL Background Thread 3 ] DEBUG Engine               - actualHeight: 600.0
11:48:21.149 [FXGL Background Thread 3 ] DEBUG Engine               - actualHeightProperty: ReadOnlyDoubleProperty [value: 600.0]
11:48:21.149 [FXGL Background Thread 3 ] DEBUG Engine               - actualWidth: 1300.0
11:48:21.149 [FXGL Background Thread 3 ] DEBUG Engine               - actualWidthProperty: ReadOnlyDoubleProperty [value: 1300.0]
11:48:21.149 [FXGL Background Thread 3 ] DEBUG Engine               - appIcon: fxgl_icon.png
11:48:21.150 [FXGL Background Thread 3 ] DEBUG Engine               - applicationMode: DEVELOPER
11:48:21.150 [FXGL Background Thread 3 ] DEBUG Engine               - cSSList: [fxgl_dark.css]
11:48:21.150 [FXGL Background Thread 3 ] DEBUG Engine               - collisionDetectionStrategy: BRUTE_FORCE
11:48:21.150 [FXGL Background Thread 3 ] DEBUG Engine               - configClass: Optional.empty
11:48:21.150 [FXGL Background Thread 3 ] DEBUG Engine               - credits: []
11:48:21.151 [FXGL Background Thread 3 ] DEBUG Engine               - defaultCursor: CursorInfo(imageName=fxgl_default_cursor.png, hotspotX=7.0, hotspotY=6.0)
11:48:21.151 [FXGL Background Thread 3 ] DEBUG Engine               - devBBoxColorProperty: ObjectProperty [value: 0xff0000ff]
11:48:21.151 [FXGL Background Thread 3 ] DEBUG Engine               - devEnableDebugCameraProperty: BooleanProperty [value: false]
11:48:21.151 [FXGL Background Thread 3 ] DEBUG Engine               - devSensorColorProperty: ObjectProperty [value: 0xffff00ff]
11:48:21.151 [FXGL Background Thread 3 ] DEBUG Engine               - devShowBBoxProperty: BooleanProperty [value: false]
11:48:21.151 [FXGL Background Thread 3 ] DEBUG Engine               - devShowPositionProperty: BooleanProperty [value: false]
11:48:21.152 [FXGL Background Thread 3 ] DEBUG Engine               - enabledMenuItems: []
11:48:21.152 [FXGL Background Thread 3 ] DEBUG Engine               - engineServices: [class com.almasb.fxgl.app.services.FXGLAssetLoaderService, class com.almasb.fxgl.app.FXGLApplication$GameApplicationService, class com.almasb.fxgl.app.services.FXGLDialogService, class com.almasb.fxgl.app.services.IOTaskExecutorService, class com.almasb.fxgl.io.FileSystemService, class com.almasb.fxgl.localization.LocalizationService, class com.almasb.fxgl.app.services.SystemBundleService, class com.almasb.fxgl.profile.SaveLoadService, class com.almasb.fxgl.ui.FXGLUIFactoryServiceProvider, class com.almasb.fxgl.ui.FXGLDialogFactoryServiceProvider, class com.almasb.fxgl.audio.AudioPlayer, class com.almasb.fxgl.notification.impl.NotificationServiceProvider, class com.almasb.fxgl.achievement.AchievementService, class com.almasb.fxgl.cutscene.CutsceneService, class com.almasb.fxgl.minigames.MiniGameService, class com.almasb.fxgl.net.NetService, class com.almasb.fxgl.app.services.UpdaterService, class com.almasb.fxgl.dev.DevService]
11:48:21.152 [FXGL Background Thread 3 ] DEBUG Engine               - fontGame: Abel-Regular.ttf
11:48:21.152 [FXGL Background Thread 3 ] DEBUG Engine               - fontMono: TerminalLandMono-Regular.otf
11:48:21.152 [FXGL Background Thread 3 ] DEBUG Engine               - fontSizeScaleUI: 1.0
11:48:21.152 [FXGL Background Thread 3 ] DEBUG Engine               - fontText: Courier-Prime.ttf
11:48:21.152 [FXGL Background Thread 3 ] DEBUG Engine               - fontUI: VarelaRound-Regular.ttf
11:48:21.152 [FXGL Background Thread 3 ] DEBUG Engine               - fullScreen: BooleanProperty [value: false]
11:48:21.152 [FXGL Background Thread 3 ] DEBUG Engine               - gameDifficulty: MEDIUM
11:48:21.152 [FXGL Background Thread 3 ] DEBUG Engine               - gameDifficultyProperty: ObjectProperty [value: MEDIUM]
11:48:21.152 [FXGL Background Thread 3 ] DEBUG Engine               - globalMusicVolume: 0.5
11:48:21.152 [FXGL Background Thread 3 ] DEBUG Engine               - globalMusicVolumeProperty: DoubleProperty [value: 0.5]
11:48:21.152 [FXGL Background Thread 3 ] DEBUG Engine               - globalSoundVolume: 0.5
11:48:21.153 [FXGL Background Thread 3 ] DEBUG Engine               - globalSoundVolumeProperty: DoubleProperty [value: 0.5]
11:48:21.153 [FXGL Background Thread 3 ] DEBUG Engine               - height: 600
11:48:21.153 [FXGL Background Thread 3 ] DEBUG Engine               - is3D: false
11:48:21.153 [FXGL Background Thread 3 ] DEBUG Engine               - isAndroid: false
11:48:21.153 [FXGL Background Thread 3 ] DEBUG Engine               - isBrowser: false
11:48:21.153 [FXGL Background Thread 3 ] DEBUG Engine               - isClickFeedbackEnabled: false
11:48:21.153 [FXGL Background Thread 3 ] DEBUG Engine               - isCloseConfirmation: false
11:48:21.153 [FXGL Background Thread 3 ] DEBUG Engine               - isDesktop: true
11:48:21.153 [FXGL Background Thread 3 ] DEBUG Engine               - isDeveloperMenuEnabled: false
11:48:21.153 [FXGL Background Thread 3 ] DEBUG Engine               - isEmbedded: false
11:48:21.153 [FXGL Background Thread 3 ] DEBUG Engine               - isEntityPreloadEnabled: true
11:48:21.153 [FXGL Background Thread 3 ] DEBUG Engine               - isExperimentalTiledLargeMap: false
11:48:21.153 [FXGL Background Thread 3 ] DEBUG Engine               - isFileSystemWriteAllowed: true
11:48:21.154 [FXGL Background Thread 3 ] DEBUG Engine               - isFullScreenAllowed: false
11:48:21.154 [FXGL Background Thread 3 ] DEBUG Engine               - isFullScreenFromStart: false
11:48:21.155 [FXGL Background Thread 3 ] DEBUG Engine               - isGameMenuEnabled: true
11:48:21.155 [FXGL Background Thread 3 ] DEBUG Engine               - isIOS: false
11:48:21.155 [FXGL Background Thread 3 ] DEBUG Engine               - isIntroEnabled: false
11:48:21.155 [FXGL Background Thread 3 ] DEBUG Engine               - isLinux: false
11:48:21.155 [FXGL Background Thread 3 ] DEBUG Engine               - isMac: false
11:48:21.155 [FXGL Background Thread 3 ] DEBUG Engine               - isMainMenuEnabled: true
11:48:21.155 [FXGL Background Thread 3 ] DEBUG Engine               - isManualResizeEnabled: false
11:48:21.155 [FXGL Background Thread 3 ] DEBUG Engine               - isMobile: false
11:48:21.155 [FXGL Background Thread 3 ] DEBUG Engine               - isNative: false
11:48:21.155 [FXGL Background Thread 3 ] DEBUG Engine               - isPauseMusicWhenMinimized: true
11:48:21.155 [FXGL Background Thread 3 ] DEBUG Engine               - isPreserveResizeRatio: false
11:48:21.155 [FXGL Background Thread 3 ] DEBUG Engine               - isProfilingEnabled: false
11:48:21.155 [FXGL Background Thread 3 ] DEBUG Engine               - isScaleAffectedOnResize: true
11:48:21.155 [FXGL Background Thread 3 ] DEBUG Engine               - isSingleStep: false
11:48:21.155 [FXGL Background Thread 3 ] DEBUG Engine               - isUserProfileEnabled: false
11:48:21.155 [FXGL Background Thread 3 ] DEBUG Engine               - isWindows: true
11:48:21.156 [FXGL Background Thread 3 ] DEBUG Engine               - language: ObjectProperty [value: ENGLISH]
11:48:21.156 [FXGL Background Thread 3 ] DEBUG Engine               - menuKey: ESCAPE
11:48:21.156 [FXGL Background Thread 3 ] DEBUG Engine               - mouseSensitivity: 0.2
11:48:21.156 [FXGL Background Thread 3 ] DEBUG Engine               - notificationViewClass: class com.almasb.fxgl.notification.view.XboxNotificationView
11:48:21.156 [FXGL Background Thread 3 ] DEBUG Engine               - pixelsPerMeter: 50.0
11:48:21.156 [FXGL Background Thread 3 ] DEBUG Engine               - platform: WINDOWS
11:48:21.156 [FXGL Background Thread 3 ] DEBUG Engine               - prefHeightProperty: ReadOnlyDoubleProperty [value: 600.0]
11:48:21.156 [FXGL Background Thread 3 ] DEBUG Engine               - prefWidthProperty: ReadOnlyDoubleProperty [value: 1300.0]
11:48:21.156 [FXGL Background Thread 3 ] DEBUG Engine               - profileDir: profiles/
11:48:21.156 [FXGL Background Thread 3 ] DEBUG Engine               - profileName: StringProperty [value: DEFAULT]
11:48:21.156 [FXGL Background Thread 3 ] DEBUG Engine               - randomSeed: -1
11:48:21.157 [FXGL Background Thread 3 ] DEBUG Engine               - runtimeInfo: RuntimeInfo(platform=WINDOWS, version=17.3, build=30.03.2023 11.49)
11:48:21.157 [FXGL Background Thread 3 ] DEBUG Engine               - saveFileExt: sav
11:48:21.157 [FXGL Background Thread 3 ] DEBUG Engine               - scaledHeightProp$fxgl: DoubleProperty [bound, value: 600.0]
11:48:21.157 [FXGL Background Thread 3 ] DEBUG Engine               - scaledWidthProp$fxgl: DoubleProperty [bound, value: 1300.0]
11:48:21.157 [FXGL Background Thread 3 ] DEBUG Engine               - sceneFactory: com.Restaurant.Main$1@312b8438
11:48:21.157 [FXGL Background Thread 3 ] DEBUG Engine               - secondsIn24h: 60
11:48:21.157 [FXGL Background Thread 3 ] DEBUG Engine               - soundMenuBack: menu/back.wav
11:48:21.157 [FXGL Background Thread 3 ] DEBUG Engine               - soundMenuPress: menu/press.wav
11:48:21.157 [FXGL Background Thread 3 ] DEBUG Engine               - soundMenuSelect: menu/select.wav
11:48:21.158 [FXGL Background Thread 3 ] DEBUG Engine               - soundNotification: core/notification.wav
11:48:21.158 [FXGL Background Thread 3 ] DEBUG Engine               - stageStyle: DECORATED
11:48:21.158 [FXGL Background Thread 3 ] DEBUG Engine               - supportedLanguages: [ENGLISH, FRENCH, GERMAN, HUNGARIAN, RUSSIAN]
11:48:21.158 [FXGL Background Thread 3 ] DEBUG Engine               - ticksPerSecond: -1
11:48:21.158 [FXGL Background Thread 3 ] DEBUG Engine               - title: Simulador Restaurante
11:48:21.158 [FXGL Background Thread 3 ] DEBUG Engine               - urlGithub: https://github.com/AlmasB/FXGL
11:48:21.158 [FXGL Background Thread 3 ] DEBUG Engine               - urlLeaderboard: http://fxgl-top.herokuapp.com/
11:48:21.158 [FXGL Background Thread 3 ] DEBUG Engine               - urlPOM: https://raw.githubusercontent.com/AlmasB/FXGL/release/README.md
11:48:21.158 [FXGL Background Thread 3 ] DEBUG Engine               - userAppClass: class com.Restaurant.Main
11:48:21.158 [FXGL Background Thread 3 ] DEBUG Engine               - version: 0.1
11:48:21.158 [FXGL Background Thread 3 ] DEBUG Engine               - versionCheckDays: 7
11:48:21.158 [FXGL Background Thread 3 ] DEBUG Engine               - width: 1300
11:48:21.158 [FXGL Background Thread 3 ] DEBUG Engine               - Logging services
11:48:21.158 [FXGL Background Thread 3 ] DEBUG Engine               - class com.almasb.fxgl.app.services.FXGLAssetLoaderService
11:48:21.158 [FXGL Background Thread 3 ] DEBUG Engine               - class com.almasb.fxgl.app.FXGLApplication$GameApplicationService
11:48:21.158 [FXGL Background Thread 3 ] DEBUG Engine               - class com.almasb.fxgl.app.services.FXGLDialogService
11:48:21.158 [FXGL Background Thread 3 ] DEBUG Engine               - class com.almasb.fxgl.app.services.IOTaskExecutorService
11:48:21.158 [FXGL Background Thread 3 ] DEBUG Engine               - class com.almasb.fxgl.io.FileSystemService
11:48:21.158 [FXGL Background Thread 3 ] DEBUG Engine               - class com.almasb.fxgl.localization.LocalizationService
11:48:21.158 [FXGL Background Thread 3 ] DEBUG Engine               - class com.almasb.fxgl.app.services.SystemBundleService
11:48:21.159 [FXGL Background Thread 3 ] DEBUG Engine               - class com.almasb.fxgl.profile.SaveLoadService
11:48:21.159 [FXGL Background Thread 3 ] DEBUG Engine               - class com.almasb.fxgl.ui.FXGLUIFactoryServiceProvider
11:48:21.159 [FXGL Background Thread 3 ] DEBUG Engine               - class com.almasb.fxgl.ui.FXGLDialogFactoryServiceProvider
11:48:21.159 [FXGL Background Thread 3 ] DEBUG Engine               - class com.almasb.fxgl.audio.AudioPlayer
11:48:21.159 [FXGL Background Thread 3 ] DEBUG Engine               - class com.almasb.fxgl.notification.impl.NotificationServiceProvider
11:48:21.159 [FXGL Background Thread 3 ] DEBUG Engine               - class com.almasb.fxgl.achievement.AchievementService
11:48:21.159 [FXGL Background Thread 3 ] DEBUG Engine               - class com.almasb.fxgl.cutscene.CutsceneService
11:48:21.159 [FXGL Background Thread 3 ] DEBUG Engine               - class com.almasb.fxgl.minigames.MiniGameService
11:48:21.159 [FXGL Background Thread 3 ] DEBUG Engine               - class com.almasb.fxgl.net.NetService
11:48:21.159 [FXGL Background Thread 3 ] DEBUG Engine               - class com.almasb.fxgl.app.services.UpdaterService
11:48:21.159 [FXGL Background Thread 3 ] DEBUG Engine               - class com.almasb.fxgl.dev.DevService
11:48:29.674 [JavaFX Application Thread] DEBUG FXGLApplication      - Exiting FXGL
11:48:29.674 [JavaFX Application Thread] DEBUG LoopRunner           - Stopping loop
11:48:29.675 [JavaFX Application Thread] DEBUG SystemBundleService  - Saving FXGL system data
11:48:29.681 [JavaFX Application Thread] DEBUG FileSystemAccess     - Writing to: C:\Users\gabor\IdeaProjects\Restaurant_Simulador\system\fxgl.bundle
11:48:29.683 [JavaFX Application Thread] DEBUG Async                - Shutting down background threads
11:48:29.684 [JavaFX Application Thread] DEBUG PrimaryStageWindow   - Closing main window
11:48:29.753 [JavaFX Application Thread] DEBUG Logger               - Closing Logger
