01:51:57.647 [main                     ] DEBUG Logger               - Configured Logger
01:51:57.660 [main                     ] DEBUG GameApplication      - Logging settings
Title: Fonda MX
Version: 1.0
Width: 1101
Height: 690
Fullscreen: false
Intro: false
Profiling: false
Single step:false
App Mode: DEVELOPER
Menu Key: ESCAPE
Stage Style: DECORATED
Scene Factory: class com.almasb.fxgl.app.scene.SceneFactory

01:51:57.847 [JavaFX Application Thread] DEBUG FXGLApplication      - Initializing FXGL
01:51:57.851 [JavaFX Application Thread] INFO  Engine               - FXGL-17.3 (30.03.2023 11.49) on WINDOWS (J:17.0.13 FX:17.0.6)
01:51:57.852 [JavaFX Application Thread] DEBUG Engine               - JRE Vendor Name: Oracle Corporation
01:51:57.852 [JavaFX Application Thread] DEBUG Engine               - Running on OS: Windows 11 version 10.0
01:51:57.852 [JavaFX Application Thread] DEBUG Engine               - Architecture: amd64
01:51:57.852 [JavaFX Application Thread] INFO  Engine               - Source code and latest versions at: https://github.com/AlmasB/FXGL
01:51:57.852 [JavaFX Application Thread] INFO  Engine               -       Ask questions and discuss at: https://github.com/AlmasB/FXGL/discussions
01:51:57.852 [JavaFX Application Thread] INFO  Engine               -              Join the FXGL chat at: https://gitter.im/AlmasB/FXGL
01:51:58.060 [JavaFX Application Thread] DEBUG PrimaryStageWindow   - Creating a JavaFX scene
01:51:58.123 [JavaFX Application Thread] DEBUG PrimaryStageWindow   - Target settings size: 1101.0 x 690.0
01:51:58.123 [JavaFX Application Thread] DEBUG PrimaryStageWindow   - Scaled scene size:    1101.0 x 690.0
01:51:58.123 [JavaFX Application Thread] DEBUG PrimaryStageWindow   - Scaled ratio: (1.0, 1.0)
01:51:58.125 [JavaFX Application Thread] DEBUG PrimaryStageWindow   - Set initial scene to FXGLStartupScene
01:51:58.134 [JavaFX Application Thread] DEBUG PrimaryStageWindow   - Opening main window
01:51:58.287 [JavaFX Application Thread] DEBUG PrimaryStageWindow   - Window border size: (16.0, 39.0)
01:51:58.287 [JavaFX Application Thread] DEBUG PrimaryStageWindow   - Scaled size: 1101.0 x 690.0
01:51:58.288 [JavaFX Application Thread] DEBUG PrimaryStageWindow   - Scaled ratio: (1.0, 1.0)
01:51:58.288 [JavaFX Application Thread] DEBUG PrimaryStageWindow   - Scene size: 1101.0 x 690.0
01:51:58.288 [JavaFX Application Thread] DEBUG PrimaryStageWindow   - Stage size: 1117.0 x 729.0
01:51:58.303 [FXGL Background Thread 1 ] DEBUG Engine               - Initializing environment variables
01:51:58.356 [FXGL Background Thread 1 ] DEBUG FXGLAssetLoaderServi - User app class for loading assets: class com.Restaurant.Main
01:51:58.357 [FXGL Background Thread 1 ] DEBUG GameApplicationServi - Applying CSS: fxgl_dark.css
01:51:58.358 [FXGL Background Thread 1 ] DEBUG FXGLAssetLoaderServi - Loading from file system: jar:file:/C:/Users/gabor/.m2/repository/com/github/almasb/fxgl/17.3/fxgl-17.3.jar!/fxglassets/ui/css/fxgl_dark.css
01:51:58.423 [FXGL Background Thread 1 ] DEBUG GameApplicationServi - Initializing application scenes
01:51:58.495 [FXGL Background Thread 1 ] DEBUG GameWorld            - Game world initialized
01:51:58.570 [FXGL Background Thread 1 ] DEBUG PhysicsWorld         - Physics world initialized: appHeight=690, physics.ppm=50.0
01:51:58.570 [FXGL Background Thread 1 ] DEBUG PhysicsWorld         - Using strategy: BRUTE_FORCE
01:51:58.575 [FXGL Background Thread 1 ] DEBUG GameScene            - Game scene initialized: 1101x690
01:51:58.593 [FXGL Background Thread 1 ] DEBUG FXGL.DefaultMenu     - createMenuBodyGameMenu()
01:51:58.617 [FXGL Background Thread 1 ] DEBUG FXGL.DefaultMenu     - createOptionsMenu()
01:51:58.630 [FXGL Background Thread 1 ] DEBUG FXGLAssetLoaderServi - Loading from file system: jar:file:/C:/Users/gabor/.m2/repository/com/github/almasb/fxgl/17.3/fxgl-17.3.jar!/fxglassets/textures/particles/smoke.png
01:51:58.708 [FXGL Background Thread 1 ] DEBUG FXGLAssetLoaderServi - Loading from file system: jar:file:/C:/Users/gabor/.m2/repository/com/github/almasb/fxgl/17.3/fxgl-17.3.jar!/fxglassets/textures/particles/trace_horizontal.png
01:51:58.725 [FXGL Background Thread 1 ] DEBUG GameApplicationServi - Application scenes initialized
01:51:58.742 [FXGL Background Thread 1 ] DEBUG SystemBundleService  - Loading FXGL system data
01:51:58.744 [FXGL Background Thread 1 ] DEBUG FileSystemAccess     - Reading from: C:\Users\gabor\IdeaProjects\Restaurant_Simulador\system\fxgl.bundle
01:51:58.749 [FXGL Background Thread 1 ] DEBUG SystemBundleService  - Bundle FXGL: {}
01:51:58.749 [FXGL Background Thread 1 ] DEBUG UpdaterService       - Checking for updates
01:51:58.754 [FXGL Background Thread 4 ] DEBUG FXGLApplication      - Loading fonts
01:51:58.754 [FXGL Background Thread 4 ] DEBUG FXGLAssetLoaderServi - Loading from file system: jar:file:/C:/Users/gabor/.m2/repository/com/github/almasb/fxgl/17.3/fxgl-17.3.jar!/fxglassets/ui/fonts/VarelaRound-Regular.ttf
01:51:58.755 [FXGL Background Thread 1 ] DEBUG FXGLApplication      - Loading default localization
01:51:58.756 [FXGL Background Thread 1 ] DEBUG FXGLAssetLoaderServi - Loading from file system: jar:file:/C:/Users/gabor/.m2/repository/com/github/almasb/fxgl/17.3/fxgl-17.3.jar!/fxglassets/languages/english.lang
01:51:58.771 [FXGL Background Thread 4 ] DEBUG FXGLAssetLoaderServi - Loading from file system: jar:file:/C:/Users/gabor/.m2/repository/com/github/almasb/fxgl/17.3/fxgl-17.3.jar!/fxglassets/ui/fonts/Abel-Regular.ttf
01:51:58.776 [FXGL Background Thread 4 ] DEBUG FXGLAssetLoaderServi - Loading from file system: jar:file:/C:/Users/gabor/.m2/repository/com/github/almasb/fxgl/17.3/fxgl-17.3.jar!/fxglassets/ui/fonts/TerminalLandMono-Regular.otf
01:51:58.783 [FXGL Background Thread 4 ] DEBUG FXGLAssetLoaderServi - Loading from file system: jar:file:/C:/Users/gabor/.m2/repository/com/github/almasb/fxgl/17.3/fxgl-17.3.jar!/fxglassets/ui/fonts/Courier-Prime.ttf
01:51:58.784 [FXGL Background Thread 1 ] INFO  FXGLApplication      - FXGL initialization took: 0.481 sec
01:51:58.785 [JavaFX Application Thread] DEBUG FXGLAssetLoaderServi - Loading from file system: jar:file:/C:/Users/gabor/.m2/repository/com/github/almasb/fxgl/17.3/fxgl-17.3.jar!/fxglassets/textures/fxgl_icon.png
01:51:58.798 [JavaFX Application Thread] DEBUG FXGLAssetLoaderServi - Loading from file system: jar:file:/C:/Users/gabor/.m2/repository/com/github/almasb/fxgl/17.3/fxgl-17.3.jar!/fxglassets/textures/fxgl_default_cursor.png
01:51:58.808 [JavaFX Application Thread] DEBUG Input                - Registered new binding: Screenshot - CTRL+8
01:51:58.809 [JavaFX Application Thread] DEBUG Input                - Registered new binding: System info dump - CTRL+9
01:51:58.810 [JavaFX Application Thread] DEBUG Input                - Registered new binding: Restart - CTRL+R
01:51:58.810 [JavaFX Application Thread] DEBUG Input                - Registered new binding: Toggle Debug Camera - CTRL+7
01:51:58.812 [JavaFX Application Thread] DEBUG LoopRunner           - Starting loop
01:51:58.812 [JavaFX Application Thread] DEBUG LoopRunner           - Initializing JavaFX AnimationTimerLoop
01:51:58.815 [JavaFX Application Thread] DEBUG GameApplicationServi - Starting new game
01:51:58.815 [JavaFX Application Thread] DEBUG Input                - Clearing active input actions
01:51:58.825 [JavaFX Application Thread] DEBUG GameApplicationServi - Removing overlay from FXGLStartupScene and adding to FXGLLoadingScene
01:51:58.825 [JavaFX Application Thread] DEBUG PrimaryStageWindow   - FXGLStartupScene -> FXGLLoadingScene
01:51:58.825 [JavaFX Application Thread] DEBUG GameApplicationServi - Clearing previous game
01:51:58.825 [JavaFX Application Thread] DEBUG GameScene            - Clearing game scene
01:51:58.826 [JavaFX Application Thread] DEBUG GameWorld            - Clearing game world
01:51:58.826 [JavaFX Application Thread] DEBUG PhysicsWorld         - Clearing physics world
01:51:58.828 [JavaFX Application Thread] DEBUG FXGLApplication      - Registering font factories with UI factory
01:51:58.828 [FXGL Background Thread 4 ] DEBUG FXGLApplication      - Initializing game
01:51:58.833 [FXGL Background Thread 4 ] DEBUG FXGLAssetLoaderServi - Loading from file system: file:/C:/Users/gabor/IdeaProjects/Restaurant_Simulador/target/classes/assets/textures/background.png
01:51:58.871 [FXGL Background Thread 4 ] DEBUG FXGLAssetLoaderServi - Loading from file system: file:/C:/Users/gabor/IdeaProjects/Restaurant_Simulador/target/classes/assets/textures/table.png
01:51:58.890 [FXGL Background Thread 4 ] INFO  FXGLApplication      - Game initialization took: 0.063 sec
01:51:58.891 [JavaFX Application Thread] DEBUG Input                - Clearing active input actions
01:51:58.899 [JavaFX Application Thread] DEBUG GameApplicationServi - Removing overlay from FXGLLoadingScene and adding to GameScene
01:51:58.900 [JavaFX Application Thread] DEBUG PrimaryStageWindow   - FXGLLoadingScene -> GameScene
01:51:59.472 [FXGL Background Thread 2 ] INFO  UpdaterService       - Your current version:  17.3
01:51:59.473 [FXGL Background Thread 2 ] INFO  UpdaterService       - Latest stable version: 21.1
01:52:00.038 [JavaFX Application Thread] DEBUG FXGLAssetLoaderServi - Loading from file system: file:/C:/Users/gabor/IdeaProjects/Restaurant_Simulador/target/classes/assets/textures/chef.png
01:52:00.698 [JavaFX Application Thread] DEBUG FXGLApplication      - Exiting FXGL
01:52:00.698 [JavaFX Application Thread] DEBUG LoopRunner           - Stopping loop
01:52:00.698 [JavaFX Application Thread] DEBUG SystemBundleService  - Saving FXGL system data
01:52:00.715 [JavaFX Application Thread] DEBUG FileSystemAccess     - Writing to: C:\Users\gabor\IdeaProjects\Restaurant_Simulador\system\fxgl.bundle
01:52:00.732 [JavaFX Application Thread] DEBUG Async                - Shutting down background threads
01:52:00.732 [JavaFX Application Thread] DEBUG PrimaryStageWindow   - Closing main window
01:52:00.845 [JavaFX Application Thread] DEBUG Logger               - Closing Logger
