23:38:32.790 [main                     ] DEBUG Logger               - Configured Logger
23:38:32.800 [main                     ] DEBUG GameApplication      - Logging settings
Title: Simulador Restaurante
Version: 0.1
Width: 1300
Height: 600
Fullscreen: false
Intro: false
Profiling: false
Single step:false
App Mode: DEVELOPER
Menu Key: ESCAPE
Stage Style: DECORATED
Scene Factory: class com.Restaurant.Main$1

23:38:33.247 [JavaFX Application Thread] DEBUG FXGLApplication      - Initializing FXGL
23:38:33.252 [JavaFX Application Thread] INFO  Engine               - FXGL-17.3 (30.03.2023 11.49) on WINDOWS (J:17.0.13 FX:17.0.6)
23:38:33.252 [JavaFX Application Thread] DEBUG Engine               - JRE Vendor Name: Oracle Corporation
23:38:33.252 [JavaFX Application Thread] DEBUG Engine               - Running on OS: Windows 11 version 10.0
23:38:33.252 [JavaFX Application Thread] DEBUG Engine               - Architecture: amd64
23:38:33.252 [JavaFX Application Thread] INFO  Engine               - Source code and latest versions at: https://github.com/AlmasB/FXGL
23:38:33.252 [JavaFX Application Thread] INFO  Engine               -       Ask questions and discuss at: https://github.com/AlmasB/FXGL/discussions
23:38:33.252 [JavaFX Application Thread] INFO  Engine               -              Join the FXGL chat at: https://gitter.im/AlmasB/FXGL
23:38:33.373 [JavaFX Application Thread] DEBUG PrimaryStageWindow   - Creating a JavaFX scene
23:38:33.422 [JavaFX Application Thread] DEBUG PrimaryStageWindow   - Target settings size: 1300.0 x 600.0
23:38:33.422 [JavaFX Application Thread] DEBUG PrimaryStageWindow   - Scaled scene size:    1300.0 x 600.0
23:38:33.422 [JavaFX Application Thread] DEBUG PrimaryStageWindow   - Scaled ratio: (1.0, 1.0)
23:38:33.423 [JavaFX Application Thread] DEBUG PrimaryStageWindow   - Set initial scene to FXGLStartupScene
23:38:33.430 [JavaFX Application Thread] DEBUG PrimaryStageWindow   - Opening main window
23:38:33.515 [JavaFX Application Thread] DEBUG PrimaryStageWindow   - Window border size: (16.0, 39.0)
23:38:33.515 [JavaFX Application Thread] DEBUG PrimaryStageWindow   - Scaled size: 1300.0 x 600.0
23:38:33.515 [JavaFX Application Thread] DEBUG PrimaryStageWindow   - Scaled ratio: (1.0, 1.0)
23:38:33.516 [JavaFX Application Thread] DEBUG PrimaryStageWindow   - Scene size: 1300.0 x 600.0
23:38:33.516 [JavaFX Application Thread] DEBUG PrimaryStageWindow   - Stage size: 1316.0 x 639.0
23:38:33.523 [FXGL Background Thread 1 ] DEBUG Engine               - Initializing environment variables
23:38:33.557 [FXGL Background Thread 1 ] DEBUG FXGLAssetLoaderServi - User app class for loading assets: class com.Restaurant.Main
23:38:33.558 [FXGL Background Thread 1 ] DEBUG GameApplicationServi - Applying CSS: fxgl_dark.css
23:38:33.558 [FXGL Background Thread 1 ] DEBUG FXGLAssetLoaderServi - Loading from file system: jar:file:/C:/Users/gabor/.m2/repository/com/github/almasb/fxgl/17.3/fxgl-17.3.jar!/fxglassets/ui/css/fxgl_dark.css
23:38:33.598 [FXGL Background Thread 1 ] DEBUG GameApplicationServi - Initializing application scenes
23:38:33.638 [FXGL Background Thread 1 ] DEBUG GameWorld            - Game world initialized
23:38:33.683 [FXGL Background Thread 1 ] DEBUG PhysicsWorld         - Physics world initialized: appHeight=600, physics.ppm=50.0
23:38:33.684 [FXGL Background Thread 1 ] DEBUG PhysicsWorld         - Using strategy: BRUTE_FORCE
23:38:33.688 [FXGL Background Thread 1 ] DEBUG GameScene            - Game scene initialized: 1300x600
23:38:33.763 [FXGL Background Thread 1 ] DEBUG FXGL.DefaultMenu     - createMenuBodyGameMenu()
23:38:33.769 [FXGL Background Thread 1 ] DEBUG FXGL.DefaultMenu     - createOptionsMenu()
23:38:33.775 [FXGL Background Thread 1 ] DEBUG FXGLAssetLoaderServi - Loading from file system: jar:file:/C:/Users/gabor/.m2/repository/com/github/almasb/fxgl/17.3/fxgl-17.3.jar!/fxglassets/textures/particles/smoke.png
23:38:33.829 [FXGL Background Thread 1 ] DEBUG FXGLAssetLoaderServi - Loading from file system: jar:file:/C:/Users/gabor/.m2/repository/com/github/almasb/fxgl/17.3/fxgl-17.3.jar!/fxglassets/textures/particles/trace_horizontal.png
23:38:33.844 [FXGL Background Thread 1 ] DEBUG GameApplicationServi - Application scenes initialized
23:38:33.853 [FXGL Background Thread 1 ] DEBUG SystemBundleService  - Loading FXGL system data
23:38:33.854 [FXGL Background Thread 1 ] DEBUG FileSystemAccess     - Reading from: C:\Users\gabor\IdeaProjects\Restaurant_S\system\fxgl.bundle
23:38:33.856 [FXGL Background Thread 1 ] DEBUG SystemBundleService  - Bundle FXGL: {}
23:38:33.856 [FXGL Background Thread 1 ] DEBUG UpdaterService       - Checking for updates
23:38:33.860 [FXGL Background Thread 4 ] DEBUG FXGLApplication      - Loading fonts
23:38:33.861 [FXGL Background Thread 4 ] DEBUG FXGLAssetLoaderServi - Loading from file system: jar:file:/C:/Users/gabor/.m2/repository/com/github/almasb/fxgl/17.3/fxgl-17.3.jar!/fxglassets/ui/fonts/VarelaRound-Regular.ttf
23:38:33.861 [FXGL Background Thread 1 ] DEBUG FXGLApplication      - Loading default localization
23:38:33.862 [FXGL Background Thread 1 ] DEBUG FXGLAssetLoaderServi - Loading from file system: jar:file:/C:/Users/gabor/.m2/repository/com/github/almasb/fxgl/17.3/fxgl-17.3.jar!/fxglassets/languages/english.lang
23:38:33.872 [FXGL Background Thread 4 ] DEBUG FXGLAssetLoaderServi - Loading from file system: jar:file:/C:/Users/gabor/.m2/repository/com/github/almasb/fxgl/17.3/fxgl-17.3.jar!/fxglassets/ui/fonts/Abel-Regular.ttf
23:38:33.875 [FXGL Background Thread 4 ] DEBUG FXGLAssetLoaderServi - Loading from file system: jar:file:/C:/Users/gabor/.m2/repository/com/github/almasb/fxgl/17.3/fxgl-17.3.jar!/fxglassets/ui/fonts/TerminalLandMono-Regular.otf
23:38:33.879 [FXGL Background Thread 4 ] DEBUG FXGLAssetLoaderServi - Loading from file system: jar:file:/C:/Users/gabor/.m2/repository/com/github/almasb/fxgl/17.3/fxgl-17.3.jar!/fxglassets/ui/fonts/Courier-Prime.ttf
23:38:33.882 [FXGL Background Thread 1 ] INFO  FXGLApplication      - FXGL initialization took: 0.359 sec
23:38:33.883 [JavaFX Application Thread] DEBUG FXGLAssetLoaderServi - Loading from file system: jar:file:/C:/Users/gabor/.m2/repository/com/github/almasb/fxgl/17.3/fxgl-17.3.jar!/fxglassets/textures/fxgl_icon.png
23:38:33.892 [JavaFX Application Thread] DEBUG FXGLAssetLoaderServi - Loading from file system: jar:file:/C:/Users/gabor/.m2/repository/com/github/almasb/fxgl/17.3/fxgl-17.3.jar!/fxglassets/textures/fxgl_default_cursor.png
23:38:33.901 [JavaFX Application Thread] DEBUG Input                - Registered new binding: Screenshot - CTRL+8
23:38:33.902 [JavaFX Application Thread] DEBUG Input                - Registered new binding: System info dump - CTRL+9
23:38:33.902 [JavaFX Application Thread] DEBUG Input                - Registered new binding: Restart - CTRL+R
23:38:33.902 [JavaFX Application Thread] DEBUG Input                - Registered new binding: Toggle Debug Camera - CTRL+7
23:38:33.905 [JavaFX Application Thread] DEBUG LoopRunner           - Starting loop
23:38:33.905 [JavaFX Application Thread] DEBUG LoopRunner           - Initializing JavaFX AnimationTimerLoop
23:38:33.908 [JavaFX Application Thread] DEBUG Input                - Clearing active input actions
23:38:33.913 [JavaFX Application Thread] DEBUG GameApplicationServi - Removing overlay from FXGLStartupScene and adding to FXGLMainMenuDummyScene
23:38:33.913 [JavaFX Application Thread] DEBUG PrimaryStageWindow   - FXGLStartupScene -> FXGLMainMenuDummyScene
23:38:33.913 [JavaFX Application Thread] DEBUG PrimaryStageWindow   - Push state: RestaurantView
23:38:33.913 [JavaFX Application Thread] DEBUG Input                - Clearing active input actions
23:38:33.927 [JavaFX Application Thread] DEBUG GameApplicationServi - Removing overlay from FXGLMainMenuDummyScene and adding to RestaurantView
23:38:33.928 [JavaFX Application Thread] DEBUG PrimaryStageWindow   - FXGLMainMenuDummyScene -> RestaurantView
23:38:33.928 [JavaFX Application Thread] DEBUG FXGLApplication      - Registering font factories with UI factory
23:38:34.254 [FXGL Background Thread 2 ] INFO  UpdaterService       - Your current version:  17.3
23:38:34.256 [FXGL Background Thread 2 ] INFO  UpdaterService       - Latest stable version: 21.1
23:38:35.256 [JavaFX Application Thread] DEBUG FXGLApplication      - Exiting FXGL
23:38:35.256 [JavaFX Application Thread] DEBUG LoopRunner           - Stopping loop
23:38:35.256 [JavaFX Application Thread] DEBUG SystemBundleService  - Saving FXGL system data
23:38:35.257 [JavaFX Application Thread] DEBUG FileSystemAccess     - Writing to: C:\Users\gabor\IdeaProjects\Restaurant_S\system\fxgl.bundle
23:38:35.258 [JavaFX Application Thread] DEBUG Async                - Shutting down background threads
23:38:35.259 [JavaFX Application Thread] DEBUG PrimaryStageWindow   - Closing main window
23:38:35.271 [JavaFX Application Thread] DEBUG Logger               - Closing Logger
