08:58:12.347 [main                     ] DEBUG Logger               - Configured Logger
08:58:12.375 [main                     ] DEBUG GameApplication      - Logging settings
Title: Restaurant Simulator
Version: 1.0
Width: 1000
Height: 700
Fullscreen: false
Intro: false
Profiling: false
Single step:false
App Mode: DEVELOPER
Menu Key: ESCAPE
Stage Style: DECORATED
Scene Factory: class com.almasb.fxgl.app.scene.SceneFactory

08:58:12.944 [JavaFX Application Thread] DEBUG FXGLApplication      - Initializing FXGL
08:58:12.948 [JavaFX Application Thread] INFO  Engine               - FXGL-17.3 (30.03.2023 11.49) on WINDOWS (J:21.0.5 FX:21)
08:58:12.948 [JavaFX Application Thread] DEBUG Engine               - JRE Vendor Name: Amazon.com Inc.
08:58:12.948 [JavaFX Application Thread] DEBUG Engine               - Running on OS: Windows 11 version 10.0
08:58:12.948 [JavaFX Application Thread] DEBUG Engine               - Architecture: amd64
08:58:12.949 [JavaFX Application Thread] INFO  Engine               - Source code and latest versions at: https://github.com/AlmasB/FXGL
08:58:12.949 [JavaFX Application Thread] INFO  Engine               -       Ask questions and discuss at: https://github.com/AlmasB/FXGL/discussions
08:58:12.949 [JavaFX Application Thread] INFO  Engine               -              Join the FXGL chat at: https://gitter.im/AlmasB/FXGL
08:58:13.082 [JavaFX Application Thread] DEBUG PrimaryStageWindow   - Creating a JavaFX scene
08:58:13.138 [JavaFX Application Thread] DEBUG PrimaryStageWindow   - Target settings size: 1000.0 x 700.0
08:58:13.138 [JavaFX Application Thread] DEBUG PrimaryStageWindow   - Scaled scene size:    1000.0 x 700.0
08:58:13.138 [JavaFX Application Thread] DEBUG PrimaryStageWindow   - Scaled ratio: (1.0, 1.0)
08:58:13.140 [JavaFX Application Thread] DEBUG PrimaryStageWindow   - Set initial scene to FXGLStartupScene
08:58:13.142 [JavaFX Application Thread] DEBUG PrimaryStageWindow   - Opening main window
08:58:13.247 [JavaFX Application Thread] DEBUG PrimaryStageWindow   - Window border size: (14.4000244140625, 37.5999755859375)
08:58:13.247 [JavaFX Application Thread] DEBUG PrimaryStageWindow   - Scaled size: 1000.0 x 700.0
08:58:13.247 [JavaFX Application Thread] DEBUG PrimaryStageWindow   - Scaled ratio: (1.0, 1.0)
08:58:13.247 [JavaFX Application Thread] DEBUG PrimaryStageWindow   - Scene size: 1000.0 x 700.0
08:58:13.247 [JavaFX Application Thread] DEBUG PrimaryStageWindow   - Stage size: 1014.4000244140625 x 737.5999755859375
08:58:13.260 [FXGL Background Thread 1 ] DEBUG Engine               - Initializing environment variables
08:58:13.320 [FXGL Background Thread 1 ] DEBUG FXGLAssetLoaderServi - User app class for loading assets: class com.simulador.app.Main
08:58:13.321 [FXGL Background Thread 1 ] DEBUG GameApplicationServi - Applying CSS: fxgl_dark.css
08:58:13.322 [FXGL Background Thread 1 ] DEBUG FXGLAssetLoaderServi - Loading from file system: jar:file:/C:/Users/shing/.m2/repository/com/github/almasb/fxgl/17.3/fxgl-17.3.jar!/fxglassets/ui/css/fxgl_dark.css
08:58:13.370 [FXGL Background Thread 1 ] DEBUG GameApplicationServi - Initializing application scenes
08:58:13.441 [FXGL Background Thread 1 ] DEBUG GameWorld            - Game world initialized
08:58:13.550 [FXGL Background Thread 1 ] DEBUG PhysicsWorld         - Physics world initialized: appHeight=700, physics.ppm=50.0
08:58:13.551 [FXGL Background Thread 1 ] DEBUG PhysicsWorld         - Using strategy: BRUTE_FORCE
08:58:13.555 [FXGL Background Thread 1 ] DEBUG GameScene            - Game scene initialized: 1000x700
08:58:13.657 [FXGL Background Thread 1 ] DEBUG FXGL.DefaultMenu     - createMenuBodyGameMenu()
08:58:13.680 [FXGL Background Thread 1 ] DEBUG FXGL.DefaultMenu     - createOptionsMenu()
08:58:13.689 [FXGL Background Thread 1 ] DEBUG FXGLAssetLoaderServi - Loading from file system: jar:file:/C:/Users/shing/.m2/repository/com/github/almasb/fxgl/17.3/fxgl-17.3.jar!/fxglassets/textures/particles/smoke.png
08:58:13.793 [FXGL Background Thread 1 ] DEBUG FXGLAssetLoaderServi - Loading from file system: jar:file:/C:/Users/shing/.m2/repository/com/github/almasb/fxgl/17.3/fxgl-17.3.jar!/fxglassets/textures/particles/trace_horizontal.png
08:58:13.875 [FXGL Background Thread 1 ] DEBUG GameApplicationServi - Application scenes initialized
08:58:13.898 [FXGL Background Thread 1 ] DEBUG SystemBundleService  - Loading FXGL system data
08:58:13.900 [FXGL Background Thread 1 ] DEBUG FileSystemAccess     - Reading from: C:\Users\shing\OneDrive\Escritorio\7 CUATRIMESTRE\CONCURRENTE\SIMULADOR-GABO\system\fxgl.bundle
08:58:13.904 [FXGL Background Thread 1 ] DEBUG SystemBundleService  - Bundle FXGL: {}
08:58:13.905 [FXGL Background Thread 1 ] DEBUG UpdaterService       - Checking for updates
08:58:13.908 [FXGL Background Thread 4 ] DEBUG FXGLApplication      - Loading fonts
08:58:13.909 [FXGL Background Thread 1 ] DEBUG FXGLApplication      - Loading default localization
08:58:13.909 [FXGL Background Thread 4 ] DEBUG FXGLAssetLoaderServi - Loading from file system: jar:file:/C:/Users/shing/.m2/repository/com/github/almasb/fxgl/17.3/fxgl-17.3.jar!/fxglassets/ui/fonts/VarelaRound-Regular.ttf
08:58:13.909 [FXGL Background Thread 1 ] DEBUG FXGLAssetLoaderServi - Loading from file system: jar:file:/C:/Users/shing/.m2/repository/com/github/almasb/fxgl/17.3/fxgl-17.3.jar!/fxglassets/languages/english.lang
08:58:13.957 [FXGL Background Thread 1 ] INFO  FXGLApplication      - FXGL initialization took: 0.696 sec
08:58:13.960 [JavaFX Application Thread] DEBUG FXGLAssetLoaderServi - Loading from file system: jar:file:/C:/Users/shing/.m2/repository/com/github/almasb/fxgl/17.3/fxgl-17.3.jar!/fxglassets/textures/fxgl_icon.png
08:58:13.968 [FXGL Background Thread 4 ] DEBUG FXGLAssetLoaderServi - Loading from file system: jar:file:/C:/Users/shing/.m2/repository/com/github/almasb/fxgl/17.3/fxgl-17.3.jar!/fxglassets/ui/fonts/Abel-Regular.ttf
08:58:13.986 [JavaFX Application Thread] DEBUG FXGLAssetLoaderServi - Loading from file system: jar:file:/C:/Users/shing/.m2/repository/com/github/almasb/fxgl/17.3/fxgl-17.3.jar!/fxglassets/textures/fxgl_default_cursor.png
08:58:13.999 [FXGL Background Thread 4 ] DEBUG FXGLAssetLoaderServi - Loading from file system: jar:file:/C:/Users/shing/.m2/repository/com/github/almasb/fxgl/17.3/fxgl-17.3.jar!/fxglassets/ui/fonts/TerminalLandMono-Regular.otf
08:58:14.002 [JavaFX Application Thread] DEBUG Input                - Registered new binding: Screenshot - CTRL+8
08:58:14.002 [JavaFX Application Thread] DEBUG Input                - Registered new binding: System info dump - CTRL+9
08:58:14.003 [JavaFX Application Thread] DEBUG Input                - Registered new binding: Restart - CTRL+R
08:58:14.004 [JavaFX Application Thread] DEBUG Input                - Registered new binding: Toggle Debug Camera - CTRL+7
08:58:14.007 [JavaFX Application Thread] DEBUG LoopRunner           - Starting loop
08:58:14.007 [JavaFX Application Thread] DEBUG LoopRunner           - Initializing JavaFX AnimationTimerLoop
08:58:14.009 [JavaFX Application Thread] DEBUG GameApplicationServi - Starting new game
08:58:14.010 [JavaFX Application Thread] DEBUG Input                - Clearing active input actions
08:58:14.019 [FXGL Background Thread 4 ] DEBUG FXGLAssetLoaderServi - Loading from file system: jar:file:/C:/Users/shing/.m2/repository/com/github/almasb/fxgl/17.3/fxgl-17.3.jar!/fxglassets/ui/fonts/Courier-Prime.ttf
08:58:14.021 [JavaFX Application Thread] DEBUG GameApplicationServi - Removing overlay from FXGLStartupScene and adding to FXGLLoadingScene
08:58:14.022 [JavaFX Application Thread] DEBUG PrimaryStageWindow   - FXGLStartupScene -> FXGLLoadingScene
08:58:14.023 [JavaFX Application Thread] DEBUG GameApplicationServi - Clearing previous game
08:58:14.023 [JavaFX Application Thread] DEBUG GameScene            - Clearing game scene
08:58:14.023 [JavaFX Application Thread] DEBUG GameWorld            - Clearing game world
08:58:14.023 [JavaFX Application Thread] DEBUG PhysicsWorld         - Clearing physics world
08:58:14.026 [FXGL Background Thread 1 ] DEBUG FXGLApplication      - Initializing game
08:58:14.097 [JavaFX Application Thread] DEBUG FXGLApplication      - Registering font factories with UI factory
08:58:14.214 [FXGL Background Thread 1 ] INFO  FXGLApplication      - Game initialization took: 0.188 sec
08:58:14.249 [JavaFX Application Thread] DEBUG Input                - Clearing active input actions
08:58:14.261 [JavaFX Application Thread] DEBUG GameApplicationServi - Removing overlay from FXGLLoadingScene and adding to GameScene
08:58:14.261 [JavaFX Application Thread] DEBUG PrimaryStageWindow   - FXGLLoadingScene -> GameScene
08:58:15.703 [FXGL Background Thread 2 ] INFO  UpdaterService       - Your current version:  17.3
08:58:15.703 [FXGL Background Thread 2 ] INFO  UpdaterService       - Latest stable version: 21.1
08:58:16.908 [FXGL Background Thread 3 ] DEBUG Engine               - Logging environment variables
08:58:16.908 [FXGL Background Thread 3 ] DEBUG Engine               - achievements: []
08:58:16.908 [FXGL Background Thread 3 ] DEBUG Engine               - actualHeight: 700.0
08:58:16.908 [FXGL Background Thread 3 ] DEBUG Engine               - actualHeightProperty: ReadOnlyDoubleProperty [value: 700.0]
08:58:16.909 [FXGL Background Thread 3 ] DEBUG Engine               - actualWidth: 1000.0
08:58:16.909 [FXGL Background Thread 3 ] DEBUG Engine               - actualWidthProperty: ReadOnlyDoubleProperty [value: 1000.0]
08:58:16.909 [FXGL Background Thread 3 ] DEBUG Engine               - appIcon: fxgl_icon.png
08:58:16.909 [FXGL Background Thread 3 ] DEBUG Engine               - applicationMode: DEVELOPER
08:58:16.909 [FXGL Background Thread 3 ] DEBUG Engine               - cSSList: [fxgl_dark.css]
08:58:16.909 [FXGL Background Thread 3 ] DEBUG Engine               - collisionDetectionStrategy: BRUTE_FORCE
08:58:16.909 [FXGL Background Thread 3 ] DEBUG Engine               - configClass: Optional.empty
08:58:16.909 [FXGL Background Thread 3 ] DEBUG Engine               - credits: []
08:58:16.909 [FXGL Background Thread 3 ] DEBUG Engine               - defaultCursor: CursorInfo(imageName=fxgl_default_cursor.png, hotspotX=7.0, hotspotY=6.0)
08:58:16.909 [FXGL Background Thread 3 ] DEBUG Engine               - devBBoxColorProperty: ObjectProperty [value: 0xff0000ff]
08:58:16.909 [FXGL Background Thread 3 ] DEBUG Engine               - devEnableDebugCameraProperty: BooleanProperty [value: false]
08:58:16.909 [FXGL Background Thread 3 ] DEBUG Engine               - devSensorColorProperty: ObjectProperty [value: 0xffff00ff]
08:58:16.909 [FXGL Background Thread 3 ] DEBUG Engine               - devShowBBoxProperty: BooleanProperty [value: false]
08:58:16.909 [FXGL Background Thread 3 ] DEBUG Engine               - devShowPositionProperty: BooleanProperty [value: false]
08:58:16.909 [FXGL Background Thread 3 ] DEBUG Engine               - enabledMenuItems: []
08:58:16.909 [FXGL Background Thread 3 ] DEBUG Engine               - engineServices: [class com.almasb.fxgl.app.services.FXGLAssetLoaderService, class com.almasb.fxgl.app.FXGLApplication$GameApplicationService, class com.almasb.fxgl.app.services.FXGLDialogService, class com.almasb.fxgl.app.services.IOTaskExecutorService, class com.almasb.fxgl.io.FileSystemService, class com.almasb.fxgl.localization.LocalizationService, class com.almasb.fxgl.app.services.SystemBundleService, class com.almasb.fxgl.profile.SaveLoadService, class com.almasb.fxgl.ui.FXGLUIFactoryServiceProvider, class com.almasb.fxgl.ui.FXGLDialogFactoryServiceProvider, class com.almasb.fxgl.audio.AudioPlayer, class com.almasb.fxgl.notification.impl.NotificationServiceProvider, class com.almasb.fxgl.achievement.AchievementService, class com.almasb.fxgl.cutscene.CutsceneService, class com.almasb.fxgl.minigames.MiniGameService, class com.almasb.fxgl.net.NetService, class com.almasb.fxgl.app.services.UpdaterService, class com.almasb.fxgl.dev.DevService]
08:58:16.910 [FXGL Background Thread 3 ] DEBUG Engine               - fontGame: Abel-Regular.ttf
08:58:16.910 [FXGL Background Thread 3 ] DEBUG Engine               - fontMono: TerminalLandMono-Regular.otf
08:58:16.910 [FXGL Background Thread 3 ] DEBUG Engine               - fontSizeScaleUI: 1.0
08:58:16.910 [FXGL Background Thread 3 ] DEBUG Engine               - fontText: Courier-Prime.ttf
08:58:16.910 [FXGL Background Thread 3 ] DEBUG Engine               - fontUI: VarelaRound-Regular.ttf
08:58:16.910 [FXGL Background Thread 3 ] DEBUG Engine               - fullScreen: BooleanProperty [value: false]
08:58:16.910 [FXGL Background Thread 3 ] DEBUG Engine               - gameDifficulty: MEDIUM
08:58:16.910 [FXGL Background Thread 3 ] DEBUG Engine               - gameDifficultyProperty: ObjectProperty [value: MEDIUM]
08:58:16.910 [FXGL Background Thread 3 ] DEBUG Engine               - globalMusicVolume: 0.5
08:58:16.910 [FXGL Background Thread 3 ] DEBUG Engine               - globalMusicVolumeProperty: DoubleProperty [value: 0.5]
08:58:16.910 [FXGL Background Thread 3 ] DEBUG Engine               - globalSoundVolume: 0.5
08:58:16.910 [FXGL Background Thread 3 ] DEBUG Engine               - globalSoundVolumeProperty: DoubleProperty [value: 0.5]
08:58:16.910 [FXGL Background Thread 3 ] DEBUG Engine               - height: 700
08:58:16.910 [FXGL Background Thread 3 ] DEBUG Engine               - is3D: false
08:58:16.910 [FXGL Background Thread 3 ] DEBUG Engine               - isAndroid: false
08:58:16.910 [FXGL Background Thread 3 ] DEBUG Engine               - isBrowser: false
08:58:16.910 [FXGL Background Thread 3 ] DEBUG Engine               - isClickFeedbackEnabled: false
08:58:16.910 [FXGL Background Thread 3 ] DEBUG Engine               - isCloseConfirmation: false
08:58:16.910 [FXGL Background Thread 3 ] DEBUG Engine               - isDesktop: true
08:58:16.910 [FXGL Background Thread 3 ] DEBUG Engine               - isDeveloperMenuEnabled: false
08:58:16.910 [FXGL Background Thread 3 ] DEBUG Engine               - isEmbedded: false
08:58:16.910 [FXGL Background Thread 3 ] DEBUG Engine               - isEntityPreloadEnabled: true
08:58:16.910 [FXGL Background Thread 3 ] DEBUG Engine               - isExperimentalTiledLargeMap: false
08:58:16.910 [FXGL Background Thread 3 ] DEBUG Engine               - isFileSystemWriteAllowed: true
08:58:16.910 [FXGL Background Thread 3 ] DEBUG Engine               - isFullScreenAllowed: false
08:58:16.910 [FXGL Background Thread 3 ] DEBUG Engine               - isFullScreenFromStart: false
08:58:16.910 [FXGL Background Thread 3 ] DEBUG Engine               - isGameMenuEnabled: true
08:58:16.911 [FXGL Background Thread 3 ] DEBUG Engine               - isIOS: false
08:58:16.911 [FXGL Background Thread 3 ] DEBUG Engine               - isIntroEnabled: false
08:58:16.911 [FXGL Background Thread 3 ] DEBUG Engine               - isLinux: false
08:58:16.911 [FXGL Background Thread 3 ] DEBUG Engine               - isMac: false
08:58:16.911 [FXGL Background Thread 3 ] DEBUG Engine               - isMainMenuEnabled: false
08:58:16.911 [FXGL Background Thread 3 ] DEBUG Engine               - isManualResizeEnabled: false
08:58:16.911 [FXGL Background Thread 3 ] DEBUG Engine               - isMobile: false
08:58:16.911 [FXGL Background Thread 3 ] DEBUG Engine               - isNative: false
08:58:16.911 [FXGL Background Thread 3 ] DEBUG Engine               - isPauseMusicWhenMinimized: true
08:58:16.911 [FXGL Background Thread 3 ] DEBUG Engine               - isPreserveResizeRatio: false
08:58:16.911 [FXGL Background Thread 3 ] DEBUG Engine               - isProfilingEnabled: false
08:58:16.911 [FXGL Background Thread 3 ] DEBUG Engine               - isScaleAffectedOnResize: true
08:58:16.911 [FXGL Background Thread 3 ] DEBUG Engine               - isSingleStep: false
08:58:16.911 [FXGL Background Thread 3 ] DEBUG Engine               - isUserProfileEnabled: false
08:58:16.911 [FXGL Background Thread 3 ] DEBUG Engine               - isWindows: true
08:58:16.911 [FXGL Background Thread 3 ] DEBUG Engine               - language: ObjectProperty [value: ENGLISH]
08:58:16.911 [FXGL Background Thread 3 ] DEBUG Engine               - menuKey: ESCAPE
08:58:16.911 [FXGL Background Thread 3 ] DEBUG Engine               - mouseSensitivity: 0.2
08:58:16.911 [FXGL Background Thread 3 ] DEBUG Engine               - notificationViewClass: class com.almasb.fxgl.notification.view.XboxNotificationView
08:58:16.911 [FXGL Background Thread 3 ] DEBUG Engine               - pixelsPerMeter: 50.0
08:58:16.911 [FXGL Background Thread 3 ] DEBUG Engine               - platform: WINDOWS
08:58:16.911 [FXGL Background Thread 3 ] DEBUG Engine               - prefHeightProperty: ReadOnlyDoubleProperty [value: 700.0]
08:58:16.911 [FXGL Background Thread 3 ] DEBUG Engine               - prefWidthProperty: ReadOnlyDoubleProperty [value: 1000.0]
08:58:16.911 [FXGL Background Thread 3 ] DEBUG Engine               - profileDir: profiles/
08:58:16.912 [FXGL Background Thread 3 ] DEBUG Engine               - profileName: StringProperty [value: DEFAULT]
08:58:16.912 [FXGL Background Thread 3 ] DEBUG Engine               - randomSeed: -1
08:58:16.912 [FXGL Background Thread 3 ] DEBUG Engine               - runtimeInfo: RuntimeInfo(platform=WINDOWS, version=17.3, build=30.03.2023 11.49)
08:58:16.912 [FXGL Background Thread 3 ] DEBUG Engine               - saveFileExt: sav
08:58:16.912 [FXGL Background Thread 3 ] DEBUG Engine               - scaledHeightProp$fxgl: DoubleProperty [bound, value: 700.0]
08:58:16.912 [FXGL Background Thread 3 ] DEBUG Engine               - scaledWidthProp$fxgl: DoubleProperty [bound, value: 1000.0]
08:58:16.912 [FXGL Background Thread 3 ] DEBUG Engine               - sceneFactory: com.almasb.fxgl.app.scene.SceneFactory@3632cbaf
08:58:16.912 [FXGL Background Thread 3 ] DEBUG Engine               - secondsIn24h: 60
08:58:16.912 [FXGL Background Thread 3 ] DEBUG Engine               - soundMenuBack: menu/back.wav
08:58:16.912 [FXGL Background Thread 3 ] DEBUG Engine               - soundMenuPress: menu/press.wav
08:58:16.912 [FXGL Background Thread 3 ] DEBUG Engine               - soundMenuSelect: menu/select.wav
08:58:16.912 [FXGL Background Thread 3 ] DEBUG Engine               - soundNotification: core/notification.wav
08:58:16.912 [FXGL Background Thread 3 ] DEBUG Engine               - stageStyle: DECORATED
08:58:16.913 [FXGL Background Thread 3 ] DEBUG Engine               - supportedLanguages: [ENGLISH, FRENCH, GERMAN, HUNGARIAN, RUSSIAN]
08:58:16.913 [FXGL Background Thread 3 ] DEBUG Engine               - ticksPerSecond: -1
08:58:16.913 [FXGL Background Thread 3 ] DEBUG Engine               - title: Restaurant Simulator
08:58:16.913 [FXGL Background Thread 3 ] DEBUG Engine               - urlGithub: https://github.com/AlmasB/FXGL
08:58:16.913 [FXGL Background Thread 3 ] DEBUG Engine               - urlLeaderboard: http://fxgl-top.herokuapp.com/
08:58:16.913 [FXGL Background Thread 3 ] DEBUG Engine               - urlPOM: https://raw.githubusercontent.com/AlmasB/FXGL/release/README.md
08:58:16.913 [FXGL Background Thread 3 ] DEBUG Engine               - userAppClass: class com.simulador.app.Main
08:58:16.913 [FXGL Background Thread 3 ] DEBUG Engine               - version: 1.0
08:58:16.913 [FXGL Background Thread 3 ] DEBUG Engine               - versionCheckDays: 7
08:58:16.913 [FXGL Background Thread 3 ] DEBUG Engine               - width: 1000
08:58:16.913 [FXGL Background Thread 3 ] DEBUG Engine               - Logging services
08:58:16.913 [FXGL Background Thread 3 ] DEBUG Engine               - class com.almasb.fxgl.app.services.FXGLAssetLoaderService
08:58:16.913 [FXGL Background Thread 3 ] DEBUG Engine               - class com.almasb.fxgl.app.FXGLApplication$GameApplicationService
08:58:16.913 [FXGL Background Thread 3 ] DEBUG Engine               - class com.almasb.fxgl.app.services.FXGLDialogService
08:58:16.913 [FXGL Background Thread 3 ] DEBUG Engine               - class com.almasb.fxgl.app.services.IOTaskExecutorService
08:58:16.913 [FXGL Background Thread 3 ] DEBUG Engine               - class com.almasb.fxgl.io.FileSystemService
08:58:16.913 [FXGL Background Thread 3 ] DEBUG Engine               - class com.almasb.fxgl.localization.LocalizationService
08:58:16.913 [FXGL Background Thread 3 ] DEBUG Engine               - class com.almasb.fxgl.app.services.SystemBundleService
08:58:16.913 [FXGL Background Thread 3 ] DEBUG Engine               - class com.almasb.fxgl.profile.SaveLoadService
08:58:16.913 [FXGL Background Thread 3 ] DEBUG Engine               - class com.almasb.fxgl.ui.FXGLUIFactoryServiceProvider
08:58:16.913 [FXGL Background Thread 3 ] DEBUG Engine               - class com.almasb.fxgl.ui.FXGLDialogFactoryServiceProvider
08:58:16.913 [FXGL Background Thread 3 ] DEBUG Engine               - class com.almasb.fxgl.audio.AudioPlayer
08:58:16.913 [FXGL Background Thread 3 ] DEBUG Engine               - class com.almasb.fxgl.notification.impl.NotificationServiceProvider
08:58:16.913 [FXGL Background Thread 3 ] DEBUG Engine               - class com.almasb.fxgl.achievement.AchievementService
08:58:16.913 [FXGL Background Thread 3 ] DEBUG Engine               - class com.almasb.fxgl.cutscene.CutsceneService
08:58:16.914 [FXGL Background Thread 3 ] DEBUG Engine               - class com.almasb.fxgl.minigames.MiniGameService
08:58:16.914 [FXGL Background Thread 3 ] DEBUG Engine               - class com.almasb.fxgl.net.NetService
08:58:16.914 [FXGL Background Thread 3 ] DEBUG Engine               - class com.almasb.fxgl.app.services.UpdaterService
08:58:16.914 [FXGL Background Thread 3 ] DEBUG Engine               - class com.almasb.fxgl.dev.DevService
08:59:30.759 [JavaFX Application Thread] DEBUG FXGLApplication      - Exiting FXGL
08:59:30.759 [JavaFX Application Thread] DEBUG LoopRunner           - Stopping loop
08:59:30.759 [JavaFX Application Thread] DEBUG SystemBundleService  - Saving FXGL system data
08:59:30.761 [JavaFX Application Thread] DEBUG FileSystemAccess     - Writing to: C:\Users\shing\OneDrive\Escritorio\7 CUATRIMESTRE\CONCURRENTE\SIMULADOR-GABO\system\fxgl.bundle
08:59:30.762 [JavaFX Application Thread] DEBUG Async                - Shutting down background threads
08:59:30.762 [JavaFX Application Thread] DEBUG PrimaryStageWindow   - Closing main window
08:59:30.772 [JavaFX Application Thread] DEBUG Logger               - Closing Logger
