02:59:29.366 [main                     ] DEBUG Logger               - Configured Logger
02:59:29.389 [main                     ] DEBUG GameApplication      - Logging settings
Title: Restaurante
Version: 0.0
Width: 700
Height: 500
Fullscreen: false
Intro: false
Profiling: false
Single step:false
App Mode: DEVELOPER
Menu Key: ESCAPE
Stage Style: DECORATED
Scene Factory: class com.almasb.fxgl.app.scene.SceneFactory

02:59:29.943 [JavaFX Application Thread] DEBUG FXGLApplication      - Initializing FXGL
02:59:29.947 [JavaFX Application Thread] INFO  Engine               - FXGL-17.3 (30.03.2023 11.49) on WINDOWS (J:21.0.5 FX:21)
02:59:29.948 [JavaFX Application Thread] DEBUG Engine               - JRE Vendor Name: Amazon.com Inc.
02:59:29.948 [JavaFX Application Thread] DEBUG Engine               - Running on OS: Windows 11 version 10.0
02:59:29.948 [JavaFX Application Thread] DEBUG Engine               - Architecture: amd64
02:59:29.948 [JavaFX Application Thread] INFO  Engine               - Source code and latest versions at: https://github.com/AlmasB/FXGL
02:59:29.948 [JavaFX Application Thread] INFO  Engine               -       Ask questions and discuss at: https://github.com/AlmasB/FXGL/discussions
02:59:29.948 [JavaFX Application Thread] INFO  Engine               -              Join the FXGL chat at: https://gitter.im/AlmasB/FXGL
02:59:30.089 [JavaFX Application Thread] DEBUG PrimaryStageWindow   - Creating a JavaFX scene
02:59:30.155 [JavaFX Application Thread] DEBUG PrimaryStageWindow   - Target settings size: 700.0 x 500.0
02:59:30.155 [JavaFX Application Thread] DEBUG PrimaryStageWindow   - Scaled scene size:    700.0 x 500.0
02:59:30.155 [JavaFX Application Thread] DEBUG PrimaryStageWindow   - Scaled ratio: (1.0, 1.0)
02:59:30.157 [JavaFX Application Thread] DEBUG PrimaryStageWindow   - Set initial scene to FXGLStartupScene
02:59:30.162 [JavaFX Application Thread] DEBUG PrimaryStageWindow   - Opening main window
02:59:30.290 [JavaFX Application Thread] DEBUG PrimaryStageWindow   - Window border size: (14.4000244140625, 37.5999755859375)
02:59:30.290 [JavaFX Application Thread] DEBUG PrimaryStageWindow   - Scaled size: 700.0 x 500.0
02:59:30.290 [JavaFX Application Thread] DEBUG PrimaryStageWindow   - Scaled ratio: (1.0, 1.0)
02:59:30.290 [JavaFX Application Thread] DEBUG PrimaryStageWindow   - Scene size: 700.0 x 500.0
02:59:30.291 [JavaFX Application Thread] DEBUG PrimaryStageWindow   - Stage size: 714.4000244140625 x 537.5999755859375
02:59:30.298 [FXGL Background Thread 1 ] DEBUG Engine               - Initializing environment variables
02:59:30.354 [FXGL Background Thread 1 ] DEBUG FXGLAssetLoaderServi - User app class for loading assets: class com.simulador.app.Main
02:59:30.356 [FXGL Background Thread 1 ] DEBUG GameApplicationServi - Applying CSS: fxgl_dark.css
02:59:30.357 [FXGL Background Thread 1 ] DEBUG FXGLAssetLoaderServi - Loading from file system: jar:file:/C:/Users/shing/.m2/repository/com/github/almasb/fxgl/17.3/fxgl-17.3.jar!/fxglassets/ui/css/fxgl_dark.css
02:59:30.411 [FXGL Background Thread 1 ] DEBUG GameApplicationServi - Initializing application scenes
02:59:30.503 [FXGL Background Thread 1 ] DEBUG GameWorld            - Game world initialized
02:59:30.578 [FXGL Background Thread 1 ] DEBUG PhysicsWorld         - Physics world initialized: appHeight=500, physics.ppm=50.0
02:59:30.579 [FXGL Background Thread 1 ] DEBUG PhysicsWorld         - Using strategy: BRUTE_FORCE
02:59:30.583 [FXGL Background Thread 1 ] DEBUG GameScene            - Game scene initialized: 700x500
02:59:30.616 [FXGL Background Thread 1 ] WARN  FXGL.DefaultMenu     - FXGLDefaultMenu is not designed for resolutions < 800x600
02:59:30.616 [FXGL Background Thread 1 ] DEBUG FXGL.DefaultMenu     - createMenuBodyGameMenu()
02:59:30.638 [FXGL Background Thread 1 ] DEBUG FXGL.DefaultMenu     - createOptionsMenu()
02:59:30.654 [FXGL Background Thread 1 ] DEBUG FXGLAssetLoaderServi - Loading from file system: jar:file:/C:/Users/shing/.m2/repository/com/github/almasb/fxgl/17.3/fxgl-17.3.jar!/fxglassets/textures/particles/smoke.png
02:59:30.766 [FXGL Background Thread 1 ] DEBUG FXGLAssetLoaderServi - Loading from file system: jar:file:/C:/Users/shing/.m2/repository/com/github/almasb/fxgl/17.3/fxgl-17.3.jar!/fxglassets/textures/particles/trace_horizontal.png
02:59:30.791 [FXGL Background Thread 1 ] DEBUG GameApplicationServi - Application scenes initialized
02:59:30.810 [FXGL Background Thread 1 ] DEBUG SystemBundleService  - Loading FXGL system data
02:59:30.813 [FXGL Background Thread 1 ] DEBUG FileSystemAccess     - Reading from: C:\Users\shing\OneDrive\Escritorio\7 CUATRIMESTRE\CONCURRENTE\PROYECTO-GABO\system\fxgl.bundle
02:59:30.818 [FXGL Background Thread 1 ] DEBUG SystemBundleService  - Bundle FXGL: {}
02:59:30.819 [FXGL Background Thread 1 ] DEBUG UpdaterService       - Checking for updates
02:59:30.824 [FXGL Background Thread 4 ] DEBUG FXGLApplication      - Loading fonts
02:59:30.825 [FXGL Background Thread 4 ] DEBUG FXGLAssetLoaderServi - Loading from file system: jar:file:/C:/Users/shing/.m2/repository/com/github/almasb/fxgl/17.3/fxgl-17.3.jar!/fxglassets/ui/fonts/VarelaRound-Regular.ttf
02:59:30.825 [FXGL Background Thread 1 ] DEBUG FXGLApplication      - Loading default localization
02:59:30.826 [FXGL Background Thread 1 ] DEBUG FXGLAssetLoaderServi - Loading from file system: jar:file:/C:/Users/shing/.m2/repository/com/github/almasb/fxgl/17.3/fxgl-17.3.jar!/fxglassets/languages/english.lang
02:59:30.863 [FXGL Background Thread 1 ] INFO  FXGLApplication      - FXGL initialization took: 0.565 sec
02:59:30.865 [JavaFX Application Thread] DEBUG FXGLAssetLoaderServi - Loading from file system: jar:file:/C:/Users/shing/.m2/repository/com/github/almasb/fxgl/17.3/fxgl-17.3.jar!/fxglassets/textures/fxgl_icon.png
02:59:30.880 [FXGL Background Thread 4 ] DEBUG FXGLAssetLoaderServi - Loading from file system: jar:file:/C:/Users/shing/.m2/repository/com/github/almasb/fxgl/17.3/fxgl-17.3.jar!/fxglassets/ui/fonts/Abel-Regular.ttf
02:59:30.884 [JavaFX Application Thread] DEBUG FXGLAssetLoaderServi - Loading from file system: jar:file:/C:/Users/shing/.m2/repository/com/github/almasb/fxgl/17.3/fxgl-17.3.jar!/fxglassets/textures/fxgl_default_cursor.png
02:59:30.901 [JavaFX Application Thread] DEBUG Input                - Registered new binding: Screenshot - CTRL+8
02:59:30.902 [JavaFX Application Thread] DEBUG Input                - Registered new binding: System info dump - CTRL+9
02:59:30.903 [JavaFX Application Thread] DEBUG Input                - Registered new binding: Restart - CTRL+R
02:59:30.903 [JavaFX Application Thread] DEBUG Input                - Registered new binding: Toggle Debug Camera - CTRL+7
02:59:30.907 [FXGL Background Thread 4 ] DEBUG FXGLAssetLoaderServi - Loading from file system: jar:file:/C:/Users/shing/.m2/repository/com/github/almasb/fxgl/17.3/fxgl-17.3.jar!/fxglassets/ui/fonts/TerminalLandMono-Regular.otf
02:59:30.907 [JavaFX Application Thread] DEBUG LoopRunner           - Starting loop
02:59:30.907 [JavaFX Application Thread] DEBUG LoopRunner           - Initializing JavaFX AnimationTimerLoop
02:59:30.909 [JavaFX Application Thread] DEBUG GameApplicationServi - Starting new game
02:59:30.910 [JavaFX Application Thread] DEBUG Input                - Clearing active input actions
02:59:30.923 [JavaFX Application Thread] DEBUG GameApplicationServi - Removing overlay from FXGLStartupScene and adding to FXGLLoadingScene
02:59:30.924 [JavaFX Application Thread] DEBUG PrimaryStageWindow   - FXGLStartupScene -> FXGLLoadingScene
02:59:30.924 [JavaFX Application Thread] DEBUG GameApplicationServi - Clearing previous game
02:59:30.924 [JavaFX Application Thread] DEBUG GameScene            - Clearing game scene
02:59:30.924 [JavaFX Application Thread] DEBUG GameWorld            - Clearing game world
02:59:30.924 [JavaFX Application Thread] DEBUG PhysicsWorld         - Clearing physics world
02:59:30.926 [FXGL Background Thread 1 ] DEBUG FXGLApplication      - Initializing game
02:59:30.927 [FXGL Background Thread 4 ] DEBUG FXGLAssetLoaderServi - Loading from file system: jar:file:/C:/Users/shing/.m2/repository/com/github/almasb/fxgl/17.3/fxgl-17.3.jar!/fxglassets/ui/fonts/Courier-Prime.ttf
02:59:30.998 [JavaFX Application Thread] DEBUG FXGLApplication      - Registering font factories with UI factory
02:59:31.147 [FXGL Background Thread 1 ] INFO  FXGLApplication      - Game initialization took: 0.221 sec
02:59:31.161 [JavaFX Application Thread] DEBUG Input                - Clearing active input actions
02:59:31.176 [JavaFX Application Thread] DEBUG GameApplicationServi - Removing overlay from FXGLLoadingScene and adding to GameScene
02:59:31.177 [JavaFX Application Thread] DEBUG PrimaryStageWindow   - FXGLLoadingScene -> GameScene
02:59:31.602 [FXGL Background Thread 2 ] INFO  UpdaterService       - Your current version:  17.3
02:59:31.602 [FXGL Background Thread 2 ] INFO  UpdaterService       - Latest stable version: 21.1
02:59:33.822 [FXGL Background Thread 3 ] DEBUG Engine               - Logging environment variables
02:59:33.823 [FXGL Background Thread 3 ] DEBUG Engine               - achievements: []
02:59:33.823 [FXGL Background Thread 3 ] DEBUG Engine               - actualHeight: 500.0
02:59:33.823 [FXGL Background Thread 3 ] DEBUG Engine               - actualHeightProperty: ReadOnlyDoubleProperty [value: 500.0]
02:59:33.823 [FXGL Background Thread 3 ] DEBUG Engine               - actualWidth: 700.0
02:59:33.823 [FXGL Background Thread 3 ] DEBUG Engine               - actualWidthProperty: ReadOnlyDoubleProperty [value: 700.0]
02:59:33.823 [FXGL Background Thread 3 ] DEBUG Engine               - appIcon: fxgl_icon.png
02:59:33.823 [FXGL Background Thread 3 ] DEBUG Engine               - applicationMode: DEVELOPER
02:59:33.823 [FXGL Background Thread 3 ] DEBUG Engine               - cSSList: [fxgl_dark.css]
02:59:33.824 [FXGL Background Thread 3 ] DEBUG Engine               - collisionDetectionStrategy: BRUTE_FORCE
02:59:33.824 [FXGL Background Thread 3 ] DEBUG Engine               - configClass: Optional.empty
02:59:33.824 [FXGL Background Thread 3 ] DEBUG Engine               - credits: []
02:59:33.824 [FXGL Background Thread 3 ] DEBUG Engine               - defaultCursor: CursorInfo(imageName=fxgl_default_cursor.png, hotspotX=7.0, hotspotY=6.0)
02:59:33.824 [FXGL Background Thread 3 ] DEBUG Engine               - devBBoxColorProperty: ObjectProperty [value: 0xff0000ff]
02:59:33.824 [FXGL Background Thread 3 ] DEBUG Engine               - devEnableDebugCameraProperty: BooleanProperty [value: false]
02:59:33.824 [FXGL Background Thread 3 ] DEBUG Engine               - devSensorColorProperty: ObjectProperty [value: 0xffff00ff]
02:59:33.824 [FXGL Background Thread 3 ] DEBUG Engine               - devShowBBoxProperty: BooleanProperty [value: false]
02:59:33.824 [FXGL Background Thread 3 ] DEBUG Engine               - devShowPositionProperty: BooleanProperty [value: false]
02:59:33.824 [FXGL Background Thread 3 ] DEBUG Engine               - enabledMenuItems: []
02:59:33.826 [FXGL Background Thread 3 ] DEBUG Engine               - engineServices: [class com.almasb.fxgl.app.services.FXGLAssetLoaderService, class com.almasb.fxgl.app.FXGLApplication$GameApplicationService, class com.almasb.fxgl.app.services.FXGLDialogService, class com.almasb.fxgl.app.services.IOTaskExecutorService, class com.almasb.fxgl.io.FileSystemService, class com.almasb.fxgl.localization.LocalizationService, class com.almasb.fxgl.app.services.SystemBundleService, class com.almasb.fxgl.profile.SaveLoadService, class com.almasb.fxgl.ui.FXGLUIFactoryServiceProvider, class com.almasb.fxgl.ui.FXGLDialogFactoryServiceProvider, class com.almasb.fxgl.audio.AudioPlayer, class com.almasb.fxgl.notification.impl.NotificationServiceProvider, class com.almasb.fxgl.achievement.AchievementService, class com.almasb.fxgl.cutscene.CutsceneService, class com.almasb.fxgl.minigames.MiniGameService, class com.almasb.fxgl.net.NetService, class com.almasb.fxgl.app.services.UpdaterService, class com.almasb.fxgl.dev.DevService]
02:59:33.826 [FXGL Background Thread 3 ] DEBUG Engine               - fontGame: Abel-Regular.ttf
02:59:33.826 [FXGL Background Thread 3 ] DEBUG Engine               - fontMono: TerminalLandMono-Regular.otf
02:59:33.826 [FXGL Background Thread 3 ] DEBUG Engine               - fontSizeScaleUI: 1.0
02:59:33.826 [FXGL Background Thread 3 ] DEBUG Engine               - fontText: Courier-Prime.ttf
02:59:33.826 [FXGL Background Thread 3 ] DEBUG Engine               - fontUI: VarelaRound-Regular.ttf
02:59:33.826 [FXGL Background Thread 3 ] DEBUG Engine               - fullScreen: BooleanProperty [value: false]
02:59:33.826 [FXGL Background Thread 3 ] DEBUG Engine               - gameDifficulty: MEDIUM
02:59:33.826 [FXGL Background Thread 3 ] DEBUG Engine               - gameDifficultyProperty: ObjectProperty [value: MEDIUM]
02:59:33.826 [FXGL Background Thread 3 ] DEBUG Engine               - globalMusicVolume: 0.5
02:59:33.827 [FXGL Background Thread 3 ] DEBUG Engine               - globalMusicVolumeProperty: DoubleProperty [value: 0.5]
02:59:33.827 [FXGL Background Thread 3 ] DEBUG Engine               - globalSoundVolume: 0.5
02:59:33.827 [FXGL Background Thread 3 ] DEBUG Engine               - globalSoundVolumeProperty: DoubleProperty [value: 0.5]
02:59:33.827 [FXGL Background Thread 3 ] DEBUG Engine               - height: 500
02:59:33.827 [FXGL Background Thread 3 ] DEBUG Engine               - is3D: false
02:59:33.827 [FXGL Background Thread 3 ] DEBUG Engine               - isAndroid: false
02:59:33.827 [FXGL Background Thread 3 ] DEBUG Engine               - isBrowser: false
02:59:33.827 [FXGL Background Thread 3 ] DEBUG Engine               - isClickFeedbackEnabled: false
02:59:33.827 [FXGL Background Thread 3 ] DEBUG Engine               - isCloseConfirmation: false
02:59:33.827 [FXGL Background Thread 3 ] DEBUG Engine               - isDesktop: true
02:59:33.827 [FXGL Background Thread 3 ] DEBUG Engine               - isDeveloperMenuEnabled: false
02:59:33.827 [FXGL Background Thread 3 ] DEBUG Engine               - isEmbedded: false
02:59:33.828 [FXGL Background Thread 3 ] DEBUG Engine               - isEntityPreloadEnabled: true
02:59:33.828 [FXGL Background Thread 3 ] DEBUG Engine               - isExperimentalTiledLargeMap: false
02:59:33.828 [FXGL Background Thread 3 ] DEBUG Engine               - isFileSystemWriteAllowed: true
02:59:33.828 [FXGL Background Thread 3 ] DEBUG Engine               - isFullScreenAllowed: false
02:59:33.828 [FXGL Background Thread 3 ] DEBUG Engine               - isFullScreenFromStart: false
02:59:33.828 [FXGL Background Thread 3 ] DEBUG Engine               - isGameMenuEnabled: true
02:59:33.828 [FXGL Background Thread 3 ] DEBUG Engine               - isIOS: false
02:59:33.828 [FXGL Background Thread 3 ] DEBUG Engine               - isIntroEnabled: false
02:59:33.828 [FXGL Background Thread 3 ] DEBUG Engine               - isLinux: false
02:59:33.828 [FXGL Background Thread 3 ] DEBUG Engine               - isMac: false
02:59:33.828 [FXGL Background Thread 3 ] DEBUG Engine               - isMainMenuEnabled: false
02:59:33.828 [FXGL Background Thread 3 ] DEBUG Engine               - isManualResizeEnabled: false
02:59:33.828 [FXGL Background Thread 3 ] DEBUG Engine               - isMobile: false
02:59:33.828 [FXGL Background Thread 3 ] DEBUG Engine               - isNative: false
02:59:33.828 [FXGL Background Thread 3 ] DEBUG Engine               - isPauseMusicWhenMinimized: true
02:59:33.828 [FXGL Background Thread 3 ] DEBUG Engine               - isPreserveResizeRatio: false
02:59:33.828 [FXGL Background Thread 3 ] DEBUG Engine               - isProfilingEnabled: false
02:59:33.829 [FXGL Background Thread 3 ] DEBUG Engine               - isScaleAffectedOnResize: true
02:59:33.829 [FXGL Background Thread 3 ] DEBUG Engine               - isSingleStep: false
02:59:33.829 [FXGL Background Thread 3 ] DEBUG Engine               - isUserProfileEnabled: false
02:59:33.829 [FXGL Background Thread 3 ] DEBUG Engine               - isWindows: true
02:59:33.829 [FXGL Background Thread 3 ] DEBUG Engine               - language: ObjectProperty [value: ENGLISH]
02:59:33.829 [FXGL Background Thread 3 ] DEBUG Engine               - menuKey: ESCAPE
02:59:33.829 [FXGL Background Thread 3 ] DEBUG Engine               - mouseSensitivity: 0.2
02:59:33.829 [FXGL Background Thread 3 ] DEBUG Engine               - notificationViewClass: class com.almasb.fxgl.notification.view.XboxNotificationView
02:59:33.829 [FXGL Background Thread 3 ] DEBUG Engine               - pixelsPerMeter: 50.0
02:59:33.829 [FXGL Background Thread 3 ] DEBUG Engine               - platform: WINDOWS
02:59:33.829 [FXGL Background Thread 3 ] DEBUG Engine               - prefHeightProperty: ReadOnlyDoubleProperty [value: 500.0]
02:59:33.829 [FXGL Background Thread 3 ] DEBUG Engine               - prefWidthProperty: ReadOnlyDoubleProperty [value: 700.0]
02:59:33.829 [FXGL Background Thread 3 ] DEBUG Engine               - profileDir: profiles/
02:59:33.829 [FXGL Background Thread 3 ] DEBUG Engine               - profileName: StringProperty [value: DEFAULT]
02:59:33.829 [FXGL Background Thread 3 ] DEBUG Engine               - randomSeed: -1
02:59:33.829 [FXGL Background Thread 3 ] DEBUG Engine               - runtimeInfo: RuntimeInfo(platform=WINDOWS, version=17.3, build=30.03.2023 11.49)
02:59:33.829 [FXGL Background Thread 3 ] DEBUG Engine               - saveFileExt: sav
02:59:33.829 [FXGL Background Thread 3 ] DEBUG Engine               - scaledHeightProp$fxgl: DoubleProperty [bound, value: 500.0]
02:59:33.829 [FXGL Background Thread 3 ] DEBUG Engine               - scaledWidthProp$fxgl: DoubleProperty [bound, value: 700.0]
02:59:33.829 [FXGL Background Thread 3 ] DEBUG Engine               - sceneFactory: com.almasb.fxgl.app.scene.SceneFactory@1cd7a84a
02:59:33.829 [FXGL Background Thread 3 ] DEBUG Engine               - secondsIn24h: 60
02:59:33.829 [FXGL Background Thread 3 ] DEBUG Engine               - soundMenuBack: menu/back.wav
02:59:33.829 [FXGL Background Thread 3 ] DEBUG Engine               - soundMenuPress: menu/press.wav
02:59:33.829 [FXGL Background Thread 3 ] DEBUG Engine               - soundMenuSelect: menu/select.wav
02:59:33.829 [FXGL Background Thread 3 ] DEBUG Engine               - soundNotification: core/notification.wav
02:59:33.829 [FXGL Background Thread 3 ] DEBUG Engine               - stageStyle: DECORATED
02:59:33.830 [FXGL Background Thread 3 ] DEBUG Engine               - supportedLanguages: [ENGLISH, FRENCH, GERMAN, HUNGARIAN, RUSSIAN]
02:59:33.830 [FXGL Background Thread 3 ] DEBUG Engine               - ticksPerSecond: -1
02:59:33.830 [FXGL Background Thread 3 ] DEBUG Engine               - title: Restaurante
02:59:33.830 [FXGL Background Thread 3 ] DEBUG Engine               - urlGithub: https://github.com/AlmasB/FXGL
02:59:33.830 [FXGL Background Thread 3 ] DEBUG Engine               - urlLeaderboard: http://fxgl-top.herokuapp.com/
02:59:33.830 [FXGL Background Thread 3 ] DEBUG Engine               - urlPOM: https://raw.githubusercontent.com/AlmasB/FXGL/release/README.md
02:59:33.830 [FXGL Background Thread 3 ] DEBUG Engine               - userAppClass: class com.simulador.app.Main
02:59:33.830 [FXGL Background Thread 3 ] DEBUG Engine               - version: 0.0
02:59:33.830 [FXGL Background Thread 3 ] DEBUG Engine               - versionCheckDays: 7
02:59:33.830 [FXGL Background Thread 3 ] DEBUG Engine               - width: 700
02:59:33.830 [FXGL Background Thread 3 ] DEBUG Engine               - Logging services
02:59:33.830 [FXGL Background Thread 3 ] DEBUG Engine               - class com.almasb.fxgl.app.services.FXGLAssetLoaderService
02:59:33.830 [FXGL Background Thread 3 ] DEBUG Engine               - class com.almasb.fxgl.app.FXGLApplication$GameApplicationService
02:59:33.830 [FXGL Background Thread 3 ] DEBUG Engine               - class com.almasb.fxgl.app.services.FXGLDialogService
02:59:33.830 [FXGL Background Thread 3 ] DEBUG Engine               - class com.almasb.fxgl.app.services.IOTaskExecutorService
02:59:33.830 [FXGL Background Thread 3 ] DEBUG Engine               - class com.almasb.fxgl.io.FileSystemService
02:59:33.830 [FXGL Background Thread 3 ] DEBUG Engine               - class com.almasb.fxgl.localization.LocalizationService
02:59:33.830 [FXGL Background Thread 3 ] DEBUG Engine               - class com.almasb.fxgl.app.services.SystemBundleService
02:59:33.830 [FXGL Background Thread 3 ] DEBUG Engine               - class com.almasb.fxgl.profile.SaveLoadService
02:59:33.830 [FXGL Background Thread 3 ] DEBUG Engine               - class com.almasb.fxgl.ui.FXGLUIFactoryServiceProvider
02:59:33.830 [FXGL Background Thread 3 ] DEBUG Engine               - class com.almasb.fxgl.ui.FXGLDialogFactoryServiceProvider
02:59:33.830 [FXGL Background Thread 3 ] DEBUG Engine               - class com.almasb.fxgl.audio.AudioPlayer
02:59:33.830 [FXGL Background Thread 3 ] DEBUG Engine               - class com.almasb.fxgl.notification.impl.NotificationServiceProvider
02:59:33.830 [FXGL Background Thread 3 ] DEBUG Engine               - class com.almasb.fxgl.achievement.AchievementService
02:59:33.830 [FXGL Background Thread 3 ] DEBUG Engine               - class com.almasb.fxgl.cutscene.CutsceneService
02:59:33.830 [FXGL Background Thread 3 ] DEBUG Engine               - class com.almasb.fxgl.minigames.MiniGameService
02:59:33.830 [FXGL Background Thread 3 ] DEBUG Engine               - class com.almasb.fxgl.net.NetService
02:59:33.830 [FXGL Background Thread 3 ] DEBUG Engine               - class com.almasb.fxgl.app.services.UpdaterService
02:59:33.830 [FXGL Background Thread 3 ] DEBUG Engine               - class com.almasb.fxgl.dev.DevService
03:01:45.557 [JavaFX Application Thread] DEBUG FXGLApplication      - Exiting FXGL
03:01:45.557 [JavaFX Application Thread] DEBUG LoopRunner           - Stopping loop
03:01:45.557 [JavaFX Application Thread] DEBUG SystemBundleService  - Saving FXGL system data
03:01:45.559 [JavaFX Application Thread] DEBUG FileSystemAccess     - Writing to: C:\Users\shing\OneDrive\Escritorio\7 CUATRIMESTRE\CONCURRENTE\PROYECTO-GABO\system\fxgl.bundle
03:01:45.560 [JavaFX Application Thread] DEBUG Async                - Shutting down background threads
03:01:45.560 [JavaFX Application Thread] DEBUG PrimaryStageWindow   - Closing main window
03:01:45.576 [JavaFX Application Thread] DEBUG Logger               - Closing Logger
