03:10:51.840 [main                     ] DEBUG Logger               - Configured Logger
03:10:51.860 [main                     ] DEBUG GameApplication      - Logging settings
Title: Restaurante
Version: 0.0
Width: 700
Height: 500
Fullscreen: false
Intro: false
Profiling: false
Single step:false
App Mode: DEVELOPER
Menu Key: ESCAPE
Stage Style: DECORATED
Scene Factory: class com.almasb.fxgl.app.scene.SceneFactory

03:10:52.363 [JavaFX Application Thread] DEBUG FXGLApplication      - Initializing FXGL
03:10:52.366 [JavaFX Application Thread] INFO  Engine               - FXGL-17.3 (30.03.2023 11.49) on WINDOWS (J:21.0.5 FX:21)
03:10:52.366 [JavaFX Application Thread] DEBUG Engine               - JRE Vendor Name: Amazon.com Inc.
03:10:52.366 [JavaFX Application Thread] DEBUG Engine               - Running on OS: Windows 11 version 10.0
03:10:52.366 [JavaFX Application Thread] DEBUG Engine               - Architecture: amd64
03:10:52.367 [JavaFX Application Thread] INFO  Engine               - Source code and latest versions at: https://github.com/AlmasB/FXGL
03:10:52.367 [JavaFX Application Thread] INFO  Engine               -       Ask questions and discuss at: https://github.com/AlmasB/FXGL/discussions
03:10:52.367 [JavaFX Application Thread] INFO  Engine               -              Join the FXGL chat at: https://gitter.im/AlmasB/FXGL
03:10:52.486 [JavaFX Application Thread] DEBUG PrimaryStageWindow   - Creating a JavaFX scene
03:10:52.547 [JavaFX Application Thread] DEBUG PrimaryStageWindow   - Target settings size: 700.0 x 500.0
03:10:52.548 [JavaFX Application Thread] DEBUG PrimaryStageWindow   - Scaled scene size:    700.0 x 500.0
03:10:52.548 [JavaFX Application Thread] DEBUG PrimaryStageWindow   - Scaled ratio: (1.0, 1.0)
03:10:52.549 [JavaFX Application Thread] DEBUG PrimaryStageWindow   - Set initial scene to FXGLStartupScene
03:10:52.554 [JavaFX Application Thread] DEBUG PrimaryStageWindow   - Opening main window
03:10:52.685 [JavaFX Application Thread] DEBUG PrimaryStageWindow   - Window border size: (14.4000244140625, 37.5999755859375)
03:10:52.685 [JavaFX Application Thread] DEBUG PrimaryStageWindow   - Scaled size: 700.0 x 500.0
03:10:52.685 [JavaFX Application Thread] DEBUG PrimaryStageWindow   - Scaled ratio: (1.0, 1.0)
03:10:52.685 [JavaFX Application Thread] DEBUG PrimaryStageWindow   - Scene size: 700.0 x 500.0
03:10:52.685 [JavaFX Application Thread] DEBUG PrimaryStageWindow   - Stage size: 714.4000244140625 x 537.5999755859375
03:10:52.698 [FXGL Background Thread 1 ] DEBUG Engine               - Initializing environment variables
03:10:52.767 [FXGL Background Thread 1 ] DEBUG FXGLAssetLoaderServi - User app class for loading assets: class com.simulador.app.Main
03:10:52.767 [FXGL Background Thread 1 ] DEBUG GameApplicationServi - Applying CSS: fxgl_dark.css
03:10:52.768 [FXGL Background Thread 1 ] DEBUG FXGLAssetLoaderServi - Loading from file system: jar:file:/C:/Users/shing/.m2/repository/com/github/almasb/fxgl/17.3/fxgl-17.3.jar!/fxglassets/ui/css/fxgl_dark.css
03:10:52.828 [FXGL Background Thread 1 ] DEBUG GameApplicationServi - Initializing application scenes
03:10:52.891 [FXGL Background Thread 1 ] DEBUG GameWorld            - Game world initialized
03:10:52.959 [FXGL Background Thread 1 ] DEBUG PhysicsWorld         - Physics world initialized: appHeight=500, physics.ppm=50.0
03:10:52.960 [FXGL Background Thread 1 ] DEBUG PhysicsWorld         - Using strategy: BRUTE_FORCE
03:10:52.963 [FXGL Background Thread 1 ] DEBUG GameScene            - Game scene initialized: 700x500
03:10:52.975 [FXGL Background Thread 1 ] WARN  FXGL.DefaultMenu     - FXGLDefaultMenu is not designed for resolutions < 800x600
03:10:52.975 [FXGL Background Thread 1 ] DEBUG FXGL.DefaultMenu     - createMenuBodyGameMenu()
03:10:52.991 [FXGL Background Thread 1 ] DEBUG FXGL.DefaultMenu     - createOptionsMenu()
03:10:52.999 [FXGL Background Thread 1 ] DEBUG FXGLAssetLoaderServi - Loading from file system: jar:file:/C:/Users/shing/.m2/repository/com/github/almasb/fxgl/17.3/fxgl-17.3.jar!/fxglassets/textures/particles/smoke.png
03:10:53.098 [FXGL Background Thread 1 ] DEBUG FXGLAssetLoaderServi - Loading from file system: jar:file:/C:/Users/shing/.m2/repository/com/github/almasb/fxgl/17.3/fxgl-17.3.jar!/fxglassets/textures/particles/trace_horizontal.png
03:10:53.118 [FXGL Background Thread 1 ] DEBUG GameApplicationServi - Application scenes initialized
03:10:53.128 [FXGL Background Thread 1 ] DEBUG SystemBundleService  - Loading FXGL system data
03:10:53.130 [FXGL Background Thread 1 ] DEBUG FileSystemAccess     - Reading from: C:\Users\shing\OneDrive\Escritorio\7 CUATRIMESTRE\CONCURRENTE\PROYECTO-GABO\system\fxgl.bundle
03:10:53.133 [FXGL Background Thread 1 ] DEBUG SystemBundleService  - Bundle FXGL: {}
03:10:53.134 [FXGL Background Thread 1 ] DEBUG UpdaterService       - Checking for updates
03:10:53.137 [FXGL Background Thread 4 ] DEBUG FXGLApplication      - Loading fonts
03:10:53.138 [FXGL Background Thread 4 ] DEBUG FXGLAssetLoaderServi - Loading from file system: jar:file:/C:/Users/shing/.m2/repository/com/github/almasb/fxgl/17.3/fxgl-17.3.jar!/fxglassets/ui/fonts/VarelaRound-Regular.ttf
03:10:53.138 [FXGL Background Thread 1 ] DEBUG FXGLApplication      - Loading default localization
03:10:53.138 [FXGL Background Thread 1 ] DEBUG FXGLAssetLoaderServi - Loading from file system: jar:file:/C:/Users/shing/.m2/repository/com/github/almasb/fxgl/17.3/fxgl-17.3.jar!/fxglassets/languages/english.lang
03:10:53.176 [FXGL Background Thread 1 ] INFO  FXGLApplication      - FXGL initialization took: 0.478 sec
03:10:53.177 [JavaFX Application Thread] DEBUG FXGLAssetLoaderServi - Loading from file system: jar:file:/C:/Users/shing/.m2/repository/com/github/almasb/fxgl/17.3/fxgl-17.3.jar!/fxglassets/textures/fxgl_icon.png
03:10:53.177 [FXGL Background Thread 4 ] DEBUG FXGLAssetLoaderServi - Loading from file system: jar:file:/C:/Users/shing/.m2/repository/com/github/almasb/fxgl/17.3/fxgl-17.3.jar!/fxglassets/ui/fonts/Abel-Regular.ttf
03:10:53.198 [JavaFX Application Thread] DEBUG FXGLAssetLoaderServi - Loading from file system: jar:file:/C:/Users/shing/.m2/repository/com/github/almasb/fxgl/17.3/fxgl-17.3.jar!/fxglassets/textures/fxgl_default_cursor.png
03:10:53.205 [FXGL Background Thread 4 ] DEBUG FXGLAssetLoaderServi - Loading from file system: jar:file:/C:/Users/shing/.m2/repository/com/github/almasb/fxgl/17.3/fxgl-17.3.jar!/fxglassets/ui/fonts/TerminalLandMono-Regular.otf
03:10:53.213 [JavaFX Application Thread] DEBUG Input                - Registered new binding: Screenshot - CTRL+8
03:10:53.214 [JavaFX Application Thread] DEBUG Input                - Registered new binding: System info dump - CTRL+9
03:10:53.214 [JavaFX Application Thread] DEBUG Input                - Registered new binding: Restart - CTRL+R
03:10:53.215 [JavaFX Application Thread] DEBUG Input                - Registered new binding: Toggle Debug Camera - CTRL+7
03:10:53.218 [JavaFX Application Thread] DEBUG LoopRunner           - Starting loop
03:10:53.218 [JavaFX Application Thread] DEBUG LoopRunner           - Initializing JavaFX AnimationTimerLoop
03:10:53.219 [JavaFX Application Thread] DEBUG GameApplicationServi - Starting new game
03:10:53.220 [JavaFX Application Thread] DEBUG Input                - Clearing active input actions
03:10:53.225 [FXGL Background Thread 4 ] DEBUG FXGLAssetLoaderServi - Loading from file system: jar:file:/C:/Users/shing/.m2/repository/com/github/almasb/fxgl/17.3/fxgl-17.3.jar!/fxglassets/ui/fonts/Courier-Prime.ttf
03:10:53.231 [JavaFX Application Thread] DEBUG GameApplicationServi - Removing overlay from FXGLStartupScene and adding to FXGLLoadingScene
03:10:53.232 [JavaFX Application Thread] DEBUG PrimaryStageWindow   - FXGLStartupScene -> FXGLLoadingScene
03:10:53.232 [JavaFX Application Thread] DEBUG GameApplicationServi - Clearing previous game
03:10:53.232 [JavaFX Application Thread] DEBUG GameScene            - Clearing game scene
03:10:53.232 [JavaFX Application Thread] DEBUG GameWorld            - Clearing game world
03:10:53.232 [JavaFX Application Thread] DEBUG PhysicsWorld         - Clearing physics world
03:10:53.234 [FXGL Background Thread 1 ] DEBUG FXGLApplication      - Initializing game
03:10:53.274 [JavaFX Application Thread] DEBUG FXGLApplication      - Registering font factories with UI factory
03:10:53.434 [FXGL Background Thread 1 ] INFO  FXGLApplication      - Game initialization took: 0.200 sec
03:10:53.435 [JavaFX Application Thread] DEBUG Input                - Clearing active input actions
03:10:53.447 [JavaFX Application Thread] DEBUG GameApplicationServi - Removing overlay from FXGLLoadingScene and adding to GameScene
03:10:53.447 [JavaFX Application Thread] DEBUG PrimaryStageWindow   - FXGLLoadingScene -> GameScene
03:10:53.735 [FXGL Background Thread 2 ] INFO  UpdaterService       - Your current version:  17.3
03:10:53.736 [FXGL Background Thread 2 ] INFO  UpdaterService       - Latest stable version: 21.1
03:10:56.145 [FXGL Background Thread 3 ] DEBUG Engine               - Logging environment variables
03:10:56.146 [FXGL Background Thread 3 ] DEBUG Engine               - achievements: []
03:10:56.146 [FXGL Background Thread 3 ] DEBUG Engine               - actualHeight: 500.0
03:10:56.147 [FXGL Background Thread 3 ] DEBUG Engine               - actualHeightProperty: ReadOnlyDoubleProperty [value: 500.0]
03:10:56.147 [FXGL Background Thread 3 ] DEBUG Engine               - actualWidth: 700.0
03:10:56.147 [FXGL Background Thread 3 ] DEBUG Engine               - actualWidthProperty: ReadOnlyDoubleProperty [value: 700.0]
03:10:56.147 [FXGL Background Thread 3 ] DEBUG Engine               - appIcon: fxgl_icon.png
03:10:56.147 [FXGL Background Thread 3 ] DEBUG Engine               - applicationMode: DEVELOPER
03:10:56.147 [FXGL Background Thread 3 ] DEBUG Engine               - cSSList: [fxgl_dark.css]
03:10:56.147 [FXGL Background Thread 3 ] DEBUG Engine               - collisionDetectionStrategy: BRUTE_FORCE
03:10:56.147 [FXGL Background Thread 3 ] DEBUG Engine               - configClass: Optional.empty
03:10:56.147 [FXGL Background Thread 3 ] DEBUG Engine               - credits: []
03:10:56.147 [FXGL Background Thread 3 ] DEBUG Engine               - defaultCursor: CursorInfo(imageName=fxgl_default_cursor.png, hotspotX=7.0, hotspotY=6.0)
03:10:56.147 [FXGL Background Thread 3 ] DEBUG Engine               - devBBoxColorProperty: ObjectProperty [value: 0xff0000ff]
03:10:56.147 [FXGL Background Thread 3 ] DEBUG Engine               - devEnableDebugCameraProperty: BooleanProperty [value: false]
03:10:56.148 [FXGL Background Thread 3 ] DEBUG Engine               - devSensorColorProperty: ObjectProperty [value: 0xffff00ff]
03:10:56.148 [FXGL Background Thread 3 ] DEBUG Engine               - devShowBBoxProperty: BooleanProperty [value: false]
03:10:56.148 [FXGL Background Thread 3 ] DEBUG Engine               - devShowPositionProperty: BooleanProperty [value: false]
03:10:56.148 [FXGL Background Thread 3 ] DEBUG Engine               - enabledMenuItems: []
03:10:56.148 [FXGL Background Thread 3 ] DEBUG Engine               - engineServices: [class com.almasb.fxgl.app.services.FXGLAssetLoaderService, class com.almasb.fxgl.app.FXGLApplication$GameApplicationService, class com.almasb.fxgl.app.services.FXGLDialogService, class com.almasb.fxgl.app.services.IOTaskExecutorService, class com.almasb.fxgl.io.FileSystemService, class com.almasb.fxgl.localization.LocalizationService, class com.almasb.fxgl.app.services.SystemBundleService, class com.almasb.fxgl.profile.SaveLoadService, class com.almasb.fxgl.ui.FXGLUIFactoryServiceProvider, class com.almasb.fxgl.ui.FXGLDialogFactoryServiceProvider, class com.almasb.fxgl.audio.AudioPlayer, class com.almasb.fxgl.notification.impl.NotificationServiceProvider, class com.almasb.fxgl.achievement.AchievementService, class com.almasb.fxgl.cutscene.CutsceneService, class com.almasb.fxgl.minigames.MiniGameService, class com.almasb.fxgl.net.NetService, class com.almasb.fxgl.app.services.UpdaterService, class com.almasb.fxgl.dev.DevService]
03:10:56.148 [FXGL Background Thread 3 ] DEBUG Engine               - fontGame: Abel-Regular.ttf
03:10:56.148 [FXGL Background Thread 3 ] DEBUG Engine               - fontMono: TerminalLandMono-Regular.otf
03:10:56.148 [FXGL Background Thread 3 ] DEBUG Engine               - fontSizeScaleUI: 1.0
03:10:56.148 [FXGL Background Thread 3 ] DEBUG Engine               - fontText: Courier-Prime.ttf
03:10:56.148 [FXGL Background Thread 3 ] DEBUG Engine               - fontUI: VarelaRound-Regular.ttf
03:10:56.148 [FXGL Background Thread 3 ] DEBUG Engine               - fullScreen: BooleanProperty [value: false]
03:10:56.148 [FXGL Background Thread 3 ] DEBUG Engine               - gameDifficulty: MEDIUM
03:10:56.148 [FXGL Background Thread 3 ] DEBUG Engine               - gameDifficultyProperty: ObjectProperty [value: MEDIUM]
03:10:56.148 [FXGL Background Thread 3 ] DEBUG Engine               - globalMusicVolume: 0.5
03:10:56.148 [FXGL Background Thread 3 ] DEBUG Engine               - globalMusicVolumeProperty: DoubleProperty [value: 0.5]
03:10:56.148 [FXGL Background Thread 3 ] DEBUG Engine               - globalSoundVolume: 0.5
03:10:56.148 [FXGL Background Thread 3 ] DEBUG Engine               - globalSoundVolumeProperty: DoubleProperty [value: 0.5]
03:10:56.148 [FXGL Background Thread 3 ] DEBUG Engine               - height: 500
03:10:56.148 [FXGL Background Thread 3 ] DEBUG Engine               - is3D: false
03:10:56.148 [FXGL Background Thread 3 ] DEBUG Engine               - isAndroid: false
03:10:56.148 [FXGL Background Thread 3 ] DEBUG Engine               - isBrowser: false
03:10:56.148 [FXGL Background Thread 3 ] DEBUG Engine               - isClickFeedbackEnabled: false
03:10:56.148 [FXGL Background Thread 3 ] DEBUG Engine               - isCloseConfirmation: false
03:10:56.148 [FXGL Background Thread 3 ] DEBUG Engine               - isDesktop: true
03:10:56.148 [FXGL Background Thread 3 ] DEBUG Engine               - isDeveloperMenuEnabled: false
03:10:56.148 [FXGL Background Thread 3 ] DEBUG Engine               - isEmbedded: false
03:10:56.148 [FXGL Background Thread 3 ] DEBUG Engine               - isEntityPreloadEnabled: true
03:10:56.149 [FXGL Background Thread 3 ] DEBUG Engine               - isExperimentalTiledLargeMap: false
03:10:56.149 [FXGL Background Thread 3 ] DEBUG Engine               - isFileSystemWriteAllowed: true
03:10:56.149 [FXGL Background Thread 3 ] DEBUG Engine               - isFullScreenAllowed: false
03:10:56.149 [FXGL Background Thread 3 ] DEBUG Engine               - isFullScreenFromStart: false
03:10:56.149 [FXGL Background Thread 3 ] DEBUG Engine               - isGameMenuEnabled: true
03:10:56.149 [FXGL Background Thread 3 ] DEBUG Engine               - isIOS: false
03:10:56.149 [FXGL Background Thread 3 ] DEBUG Engine               - isIntroEnabled: false
03:10:56.149 [FXGL Background Thread 3 ] DEBUG Engine               - isLinux: false
03:10:56.149 [FXGL Background Thread 3 ] DEBUG Engine               - isMac: false
03:10:56.149 [FXGL Background Thread 3 ] DEBUG Engine               - isMainMenuEnabled: false
03:10:56.149 [FXGL Background Thread 3 ] DEBUG Engine               - isManualResizeEnabled: false
03:10:56.149 [FXGL Background Thread 3 ] DEBUG Engine               - isMobile: false
03:10:56.149 [FXGL Background Thread 3 ] DEBUG Engine               - isNative: false
03:10:56.149 [FXGL Background Thread 3 ] DEBUG Engine               - isPauseMusicWhenMinimized: true
03:10:56.149 [FXGL Background Thread 3 ] DEBUG Engine               - isPreserveResizeRatio: false
03:10:56.149 [FXGL Background Thread 3 ] DEBUG Engine               - isProfilingEnabled: false
03:10:56.149 [FXGL Background Thread 3 ] DEBUG Engine               - isScaleAffectedOnResize: true
03:10:56.149 [FXGL Background Thread 3 ] DEBUG Engine               - isSingleStep: false
03:10:56.149 [FXGL Background Thread 3 ] DEBUG Engine               - isUserProfileEnabled: false
03:10:56.149 [FXGL Background Thread 3 ] DEBUG Engine               - isWindows: true
03:10:56.149 [FXGL Background Thread 3 ] DEBUG Engine               - language: ObjectProperty [value: ENGLISH]
03:10:56.149 [FXGL Background Thread 3 ] DEBUG Engine               - menuKey: ESCAPE
03:10:56.149 [FXGL Background Thread 3 ] DEBUG Engine               - mouseSensitivity: 0.2
03:10:56.149 [FXGL Background Thread 3 ] DEBUG Engine               - notificationViewClass: class com.almasb.fxgl.notification.view.XboxNotificationView
03:10:56.149 [FXGL Background Thread 3 ] DEBUG Engine               - pixelsPerMeter: 50.0
03:10:56.150 [FXGL Background Thread 3 ] DEBUG Engine               - platform: WINDOWS
03:10:56.150 [FXGL Background Thread 3 ] DEBUG Engine               - prefHeightProperty: ReadOnlyDoubleProperty [value: 500.0]
03:10:56.150 [FXGL Background Thread 3 ] DEBUG Engine               - prefWidthProperty: ReadOnlyDoubleProperty [value: 700.0]
03:10:56.150 [FXGL Background Thread 3 ] DEBUG Engine               - profileDir: profiles/
03:10:56.150 [FXGL Background Thread 3 ] DEBUG Engine               - profileName: StringProperty [value: DEFAULT]
03:10:56.150 [FXGL Background Thread 3 ] DEBUG Engine               - randomSeed: -1
03:10:56.150 [FXGL Background Thread 3 ] DEBUG Engine               - runtimeInfo: RuntimeInfo(platform=WINDOWS, version=17.3, build=30.03.2023 11.49)
03:10:56.150 [FXGL Background Thread 3 ] DEBUG Engine               - saveFileExt: sav
03:10:56.150 [FXGL Background Thread 3 ] DEBUG Engine               - scaledHeightProp$fxgl: DoubleProperty [bound, value: 500.0]
03:10:56.150 [FXGL Background Thread 3 ] DEBUG Engine               - scaledWidthProp$fxgl: DoubleProperty [bound, value: 700.0]
03:10:56.150 [FXGL Background Thread 3 ] DEBUG Engine               - sceneFactory: com.almasb.fxgl.app.scene.SceneFactory@72541608
03:10:56.150 [FXGL Background Thread 3 ] DEBUG Engine               - secondsIn24h: 60
03:10:56.150 [FXGL Background Thread 3 ] DEBUG Engine               - soundMenuBack: menu/back.wav
03:10:56.150 [FXGL Background Thread 3 ] DEBUG Engine               - soundMenuPress: menu/press.wav
03:10:56.150 [FXGL Background Thread 3 ] DEBUG Engine               - soundMenuSelect: menu/select.wav
03:10:56.150 [FXGL Background Thread 3 ] DEBUG Engine               - soundNotification: core/notification.wav
03:10:56.150 [FXGL Background Thread 3 ] DEBUG Engine               - stageStyle: DECORATED
03:10:56.150 [FXGL Background Thread 3 ] DEBUG Engine               - supportedLanguages: [ENGLISH, FRENCH, GERMAN, HUNGARIAN, RUSSIAN]
03:10:56.150 [FXGL Background Thread 3 ] DEBUG Engine               - ticksPerSecond: -1
03:10:56.150 [FXGL Background Thread 3 ] DEBUG Engine               - title: Restaurante
03:10:56.150 [FXGL Background Thread 3 ] DEBUG Engine               - urlGithub: https://github.com/AlmasB/FXGL
03:10:56.150 [FXGL Background Thread 3 ] DEBUG Engine               - urlLeaderboard: http://fxgl-top.herokuapp.com/
03:10:56.150 [FXGL Background Thread 3 ] DEBUG Engine               - urlPOM: https://raw.githubusercontent.com/AlmasB/FXGL/release/README.md
03:10:56.150 [FXGL Background Thread 3 ] DEBUG Engine               - userAppClass: class com.simulador.app.Main
03:10:56.151 [FXGL Background Thread 3 ] DEBUG Engine               - version: 0.0
03:10:56.151 [FXGL Background Thread 3 ] DEBUG Engine               - versionCheckDays: 7
03:10:56.151 [FXGL Background Thread 3 ] DEBUG Engine               - width: 700
03:10:56.151 [FXGL Background Thread 3 ] DEBUG Engine               - Logging services
03:10:56.151 [FXGL Background Thread 3 ] DEBUG Engine               - class com.almasb.fxgl.app.services.FXGLAssetLoaderService
03:10:56.151 [FXGL Background Thread 3 ] DEBUG Engine               - class com.almasb.fxgl.app.FXGLApplication$GameApplicationService
03:10:56.151 [FXGL Background Thread 3 ] DEBUG Engine               - class com.almasb.fxgl.app.services.FXGLDialogService
03:10:56.151 [FXGL Background Thread 3 ] DEBUG Engine               - class com.almasb.fxgl.app.services.IOTaskExecutorService
03:10:56.151 [FXGL Background Thread 3 ] DEBUG Engine               - class com.almasb.fxgl.io.FileSystemService
03:10:56.151 [FXGL Background Thread 3 ] DEBUG Engine               - class com.almasb.fxgl.localization.LocalizationService
03:10:56.151 [FXGL Background Thread 3 ] DEBUG Engine               - class com.almasb.fxgl.app.services.SystemBundleService
03:10:56.151 [FXGL Background Thread 3 ] DEBUG Engine               - class com.almasb.fxgl.profile.SaveLoadService
03:10:56.151 [FXGL Background Thread 3 ] DEBUG Engine               - class com.almasb.fxgl.ui.FXGLUIFactoryServiceProvider
03:10:56.151 [FXGL Background Thread 3 ] DEBUG Engine               - class com.almasb.fxgl.ui.FXGLDialogFactoryServiceProvider
03:10:56.151 [FXGL Background Thread 3 ] DEBUG Engine               - class com.almasb.fxgl.audio.AudioPlayer
03:10:56.151 [FXGL Background Thread 3 ] DEBUG Engine               - class com.almasb.fxgl.notification.impl.NotificationServiceProvider
03:10:56.151 [FXGL Background Thread 3 ] DEBUG Engine               - class com.almasb.fxgl.achievement.AchievementService
03:10:56.151 [FXGL Background Thread 3 ] DEBUG Engine               - class com.almasb.fxgl.cutscene.CutsceneService
03:10:56.151 [FXGL Background Thread 3 ] DEBUG Engine               - class com.almasb.fxgl.minigames.MiniGameService
03:10:56.151 [FXGL Background Thread 3 ] DEBUG Engine               - class com.almasb.fxgl.net.NetService
03:10:56.151 [FXGL Background Thread 3 ] DEBUG Engine               - class com.almasb.fxgl.app.services.UpdaterService
03:10:56.151 [FXGL Background Thread 3 ] DEBUG Engine               - class com.almasb.fxgl.dev.DevService
03:11:00.469 [JavaFX Application Thread] DEBUG FXGLApplication      - Exiting FXGL
03:11:00.469 [JavaFX Application Thread] DEBUG LoopRunner           - Stopping loop
03:11:00.470 [JavaFX Application Thread] DEBUG SystemBundleService  - Saving FXGL system data
03:11:00.471 [JavaFX Application Thread] DEBUG FileSystemAccess     - Writing to: C:\Users\shing\OneDrive\Escritorio\7 CUATRIMESTRE\CONCURRENTE\PROYECTO-GABO\system\fxgl.bundle
03:11:00.473 [JavaFX Application Thread] DEBUG Async                - Shutting down background threads
03:11:00.473 [JavaFX Application Thread] DEBUG PrimaryStageWindow   - Closing main window
03:11:00.492 [JavaFX Application Thread] DEBUG Logger               - Closing Logger
