03:09:41.360 [main                     ] DEBUG Logger               - Configured Logger
03:09:41.381 [main                     ] DEBUG GameApplication      - Logging settings
Title: Restaurante
Version: 0.0
Width: 700
Height: 500
Fullscreen: false
Intro: false
Profiling: false
Single step:false
App Mode: DEVELOPER
Menu Key: ESCAPE
Stage Style: DECORATED
Scene Factory: class com.almasb.fxgl.app.scene.SceneFactory

03:09:41.957 [JavaFX Application Thread] DEBUG FXGLApplication      - Initializing FXGL
03:09:41.962 [JavaFX Application Thread] INFO  Engine               - FXGL-17.3 (30.03.2023 11.49) on WINDOWS (J:21.0.5 FX:21)
03:09:41.962 [JavaFX Application Thread] DEBUG Engine               - JRE Vendor Name: Amazon.com Inc.
03:09:41.963 [JavaFX Application Thread] DEBUG Engine               - Running on OS: Windows 11 version 10.0
03:09:41.963 [JavaFX Application Thread] DEBUG Engine               - Architecture: amd64
03:09:41.963 [JavaFX Application Thread] INFO  Engine               - Source code and latest versions at: https://github.com/AlmasB/FXGL
03:09:41.963 [JavaFX Application Thread] INFO  Engine               -       Ask questions and discuss at: https://github.com/AlmasB/FXGL/discussions
03:09:41.963 [JavaFX Application Thread] INFO  Engine               -              Join the FXGL chat at: https://gitter.im/AlmasB/FXGL
03:09:42.114 [JavaFX Application Thread] DEBUG PrimaryStageWindow   - Creating a JavaFX scene
03:09:42.171 [JavaFX Application Thread] DEBUG PrimaryStageWindow   - Target settings size: 700.0 x 500.0
03:09:42.172 [JavaFX Application Thread] DEBUG PrimaryStageWindow   - Scaled scene size:    700.0 x 500.0
03:09:42.172 [JavaFX Application Thread] DEBUG PrimaryStageWindow   - Scaled ratio: (1.0, 1.0)
03:09:42.173 [JavaFX Application Thread] DEBUG PrimaryStageWindow   - Set initial scene to FXGLStartupScene
03:09:42.176 [JavaFX Application Thread] DEBUG PrimaryStageWindow   - Opening main window
03:09:42.301 [JavaFX Application Thread] DEBUG PrimaryStageWindow   - Window border size: (14.4000244140625, 37.5999755859375)
03:09:42.301 [JavaFX Application Thread] DEBUG PrimaryStageWindow   - Scaled size: 700.0 x 500.0
03:09:42.301 [JavaFX Application Thread] DEBUG PrimaryStageWindow   - Scaled ratio: (1.0, 1.0)
03:09:42.301 [JavaFX Application Thread] DEBUG PrimaryStageWindow   - Scene size: 700.0 x 500.0
03:09:42.302 [JavaFX Application Thread] DEBUG PrimaryStageWindow   - Stage size: 714.4000244140625 x 537.5999755859375
03:09:42.309 [FXGL Background Thread 1 ] DEBUG Engine               - Initializing environment variables
03:09:42.375 [FXGL Background Thread 1 ] DEBUG FXGLAssetLoaderServi - User app class for loading assets: class com.simulador.app.Main
03:09:42.375 [FXGL Background Thread 1 ] DEBUG GameApplicationServi - Applying CSS: fxgl_dark.css
03:09:42.377 [FXGL Background Thread 1 ] DEBUG FXGLAssetLoaderServi - Loading from file system: jar:file:/C:/Users/shing/.m2/repository/com/github/almasb/fxgl/17.3/fxgl-17.3.jar!/fxglassets/ui/css/fxgl_dark.css
03:09:42.424 [FXGL Background Thread 1 ] DEBUG GameApplicationServi - Initializing application scenes
03:09:42.490 [FXGL Background Thread 1 ] DEBUG GameWorld            - Game world initialized
03:09:42.582 [FXGL Background Thread 1 ] DEBUG PhysicsWorld         - Physics world initialized: appHeight=500, physics.ppm=50.0
03:09:42.583 [FXGL Background Thread 1 ] DEBUG PhysicsWorld         - Using strategy: BRUTE_FORCE
03:09:42.588 [FXGL Background Thread 1 ] DEBUG GameScene            - Game scene initialized: 700x500
03:09:42.607 [FXGL Background Thread 1 ] WARN  FXGL.DefaultMenu     - FXGLDefaultMenu is not designed for resolutions < 800x600
03:09:42.607 [FXGL Background Thread 1 ] DEBUG FXGL.DefaultMenu     - createMenuBodyGameMenu()
03:09:42.634 [FXGL Background Thread 1 ] DEBUG FXGL.DefaultMenu     - createOptionsMenu()
03:09:42.647 [FXGL Background Thread 1 ] DEBUG FXGLAssetLoaderServi - Loading from file system: jar:file:/C:/Users/shing/.m2/repository/com/github/almasb/fxgl/17.3/fxgl-17.3.jar!/fxglassets/textures/particles/smoke.png
03:09:42.828 [FXGL Background Thread 1 ] DEBUG FXGLAssetLoaderServi - Loading from file system: jar:file:/C:/Users/shing/.m2/repository/com/github/almasb/fxgl/17.3/fxgl-17.3.jar!/fxglassets/textures/particles/trace_horizontal.png
03:09:42.854 [FXGL Background Thread 1 ] DEBUG GameApplicationServi - Application scenes initialized
03:09:42.869 [FXGL Background Thread 1 ] DEBUG SystemBundleService  - Loading FXGL system data
03:09:42.872 [FXGL Background Thread 1 ] DEBUG FileSystemAccess     - Reading from: C:\Users\shing\OneDrive\Escritorio\7 CUATRIMESTRE\CONCURRENTE\PROYECTO-GABO\system\fxgl.bundle
03:09:42.876 [FXGL Background Thread 1 ] DEBUG SystemBundleService  - Bundle FXGL: {}
03:09:42.877 [FXGL Background Thread 1 ] DEBUG UpdaterService       - Checking for updates
03:09:42.880 [FXGL Background Thread 4 ] DEBUG FXGLApplication      - Loading fonts
03:09:42.880 [FXGL Background Thread 4 ] DEBUG FXGLAssetLoaderServi - Loading from file system: jar:file:/C:/Users/shing/.m2/repository/com/github/almasb/fxgl/17.3/fxgl-17.3.jar!/fxglassets/ui/fonts/VarelaRound-Regular.ttf
03:09:42.881 [FXGL Background Thread 1 ] DEBUG FXGLApplication      - Loading default localization
03:09:42.881 [FXGL Background Thread 1 ] DEBUG FXGLAssetLoaderServi - Loading from file system: jar:file:/C:/Users/shing/.m2/repository/com/github/almasb/fxgl/17.3/fxgl-17.3.jar!/fxglassets/languages/english.lang
03:09:42.921 [FXGL Background Thread 1 ] INFO  FXGLApplication      - FXGL initialization took: 0.612 sec
03:09:42.922 [JavaFX Application Thread] DEBUG FXGLAssetLoaderServi - Loading from file system: jar:file:/C:/Users/shing/.m2/repository/com/github/almasb/fxgl/17.3/fxgl-17.3.jar!/fxglassets/textures/fxgl_icon.png
03:09:42.938 [FXGL Background Thread 4 ] DEBUG FXGLAssetLoaderServi - Loading from file system: jar:file:/C:/Users/shing/.m2/repository/com/github/almasb/fxgl/17.3/fxgl-17.3.jar!/fxglassets/ui/fonts/Abel-Regular.ttf
03:09:42.939 [JavaFX Application Thread] DEBUG FXGLAssetLoaderServi - Loading from file system: jar:file:/C:/Users/shing/.m2/repository/com/github/almasb/fxgl/17.3/fxgl-17.3.jar!/fxglassets/textures/fxgl_default_cursor.png
03:09:42.950 [JavaFX Application Thread] DEBUG Input                - Registered new binding: Screenshot - CTRL+8
03:09:42.950 [JavaFX Application Thread] DEBUG Input                - Registered new binding: System info dump - CTRL+9
03:09:42.951 [JavaFX Application Thread] DEBUG Input                - Registered new binding: Restart - CTRL+R
03:09:42.952 [JavaFX Application Thread] DEBUG Input                - Registered new binding: Toggle Debug Camera - CTRL+7
03:09:42.957 [JavaFX Application Thread] DEBUG LoopRunner           - Starting loop
03:09:42.957 [JavaFX Application Thread] DEBUG LoopRunner           - Initializing JavaFX AnimationTimerLoop
03:09:42.958 [JavaFX Application Thread] DEBUG GameApplicationServi - Starting new game
03:09:42.959 [JavaFX Application Thread] DEBUG Input                - Clearing active input actions
03:09:42.960 [FXGL Background Thread 4 ] DEBUG FXGLAssetLoaderServi - Loading from file system: jar:file:/C:/Users/shing/.m2/repository/com/github/almasb/fxgl/17.3/fxgl-17.3.jar!/fxglassets/ui/fonts/TerminalLandMono-Regular.otf
03:09:42.972 [JavaFX Application Thread] DEBUG GameApplicationServi - Removing overlay from FXGLStartupScene and adding to FXGLLoadingScene
03:09:42.973 [JavaFX Application Thread] DEBUG PrimaryStageWindow   - FXGLStartupScene -> FXGLLoadingScene
03:09:42.973 [JavaFX Application Thread] DEBUG GameApplicationServi - Clearing previous game
03:09:42.973 [JavaFX Application Thread] DEBUG GameScene            - Clearing game scene
03:09:42.973 [JavaFX Application Thread] DEBUG GameWorld            - Clearing game world
03:09:42.973 [JavaFX Application Thread] DEBUG PhysicsWorld         - Clearing physics world
03:09:42.976 [FXGL Background Thread 1 ] DEBUG FXGLApplication      - Initializing game
03:09:42.987 [FXGL Background Thread 4 ] DEBUG FXGLAssetLoaderServi - Loading from file system: jar:file:/C:/Users/shing/.m2/repository/com/github/almasb/fxgl/17.3/fxgl-17.3.jar!/fxglassets/ui/fonts/Courier-Prime.ttf
03:09:43.033 [JavaFX Application Thread] DEBUG FXGLApplication      - Registering font factories with UI factory
03:09:43.233 [FXGL Background Thread 1 ] INFO  FXGLApplication      - Game initialization took: 0.257 sec
03:09:43.236 [JavaFX Application Thread] DEBUG Input                - Clearing active input actions
03:09:43.252 [JavaFX Application Thread] DEBUG GameApplicationServi - Removing overlay from FXGLLoadingScene and adding to GameScene
03:09:43.253 [JavaFX Application Thread] DEBUG PrimaryStageWindow   - FXGLLoadingScene -> GameScene
03:09:43.529 [FXGL Background Thread 2 ] INFO  UpdaterService       - Your current version:  17.3
03:09:43.530 [FXGL Background Thread 2 ] INFO  UpdaterService       - Latest stable version: 21.1
03:09:45.677 [JavaFX Application Thread] DEBUG FXGLApplication      - Exiting FXGL
03:09:45.677 [JavaFX Application Thread] DEBUG LoopRunner           - Stopping loop
03:09:45.677 [JavaFX Application Thread] DEBUG SystemBundleService  - Saving FXGL system data
03:09:45.679 [JavaFX Application Thread] DEBUG FileSystemAccess     - Writing to: C:\Users\shing\OneDrive\Escritorio\7 CUATRIMESTRE\CONCURRENTE\PROYECTO-GABO\system\fxgl.bundle
03:09:45.680 [JavaFX Application Thread] DEBUG Async                - Shutting down background threads
03:09:45.681 [JavaFX Application Thread] DEBUG PrimaryStageWindow   - Closing main window
03:09:45.697 [JavaFX Application Thread] DEBUG Logger               - Closing Logger
