17:40:35.735 [main                     ] DEBUG Logger               - Configured Logger
17:40:35.761 [main                     ] DEBUG GameApplication      - Logging settings
Title: Restaurante
Version: 0.0
Width: 700
Height: 500
Fullscreen: false
Intro: false
Profiling: false
Single step:false
App Mode: DEVELOPER
Menu Key: ESCAPE
Stage Style: DECORATED
Scene Factory: class com.almasb.fxgl.app.scene.SceneFactory

17:40:36.169 [JavaFX Application Thread] DEBUG FXGLApplication      - Initializing FXGL
17:40:36.172 [JavaFX Application Thread] INFO  Engine               - FXGL-17.3 (30.03.2023 11.49) on WINDOWS (J:21.0.5 FX:21)
17:40:36.173 [JavaFX Application Thread] DEBUG Engine               - JRE Vendor Name: Oracle Corporation
17:40:36.173 [JavaFX Application Thread] DEBUG Engine               - Running on OS: Windows 11 version 10.0
17:40:36.173 [JavaFX Application Thread] DEBUG Engine               - Architecture: amd64
17:40:36.173 [JavaFX Application Thread] INFO  Engine               - Source code and latest versions at: https://github.com/AlmasB/FXGL
17:40:36.173 [JavaFX Application Thread] INFO  Engine               -       Ask questions and discuss at: https://github.com/AlmasB/FXGL/discussions
17:40:36.174 [JavaFX Application Thread] INFO  Engine               -              Join the FXGL chat at: https://gitter.im/AlmasB/FXGL
17:40:36.268 [JavaFX Application Thread] DEBUG PrimaryStageWindow   - Creating a JavaFX scene
17:40:36.311 [JavaFX Application Thread] DEBUG PrimaryStageWindow   - Target settings size: 700.0 x 500.0
17:40:36.311 [JavaFX Application Thread] DEBUG PrimaryStageWindow   - Scaled scene size:    700.0 x 500.0
17:40:36.311 [JavaFX Application Thread] DEBUG PrimaryStageWindow   - Scaled ratio: (1.0, 1.0)
17:40:36.312 [JavaFX Application Thread] DEBUG PrimaryStageWindow   - Set initial scene to FXGLStartupScene
17:40:36.315 [JavaFX Application Thread] DEBUG PrimaryStageWindow   - Opening main window
17:40:36.388 [JavaFX Application Thread] DEBUG PrimaryStageWindow   - Window border size: (14.4000244140625, 37.5999755859375)
17:40:36.388 [JavaFX Application Thread] DEBUG PrimaryStageWindow   - Scaled size: 700.0 x 500.0
17:40:36.388 [JavaFX Application Thread] DEBUG PrimaryStageWindow   - Scaled ratio: (1.0, 1.0)
17:40:36.388 [JavaFX Application Thread] DEBUG PrimaryStageWindow   - Scene size: 700.0 x 500.0
17:40:36.389 [JavaFX Application Thread] DEBUG PrimaryStageWindow   - Stage size: 714.4000244140625 x 537.5999755859375
17:40:36.395 [FXGL Background Thread 1 ] DEBUG Engine               - Initializing environment variables
17:40:36.446 [FXGL Background Thread 1 ] DEBUG FXGLAssetLoaderServi - User app class for loading assets: class com.simulador.app.Main
17:40:36.446 [FXGL Background Thread 1 ] DEBUG GameApplicationServi - Applying CSS: fxgl_dark.css
17:40:36.447 [FXGL Background Thread 1 ] DEBUG FXGLAssetLoaderServi - Loading from file system: jar:file:/C:/Users/Michel/.m2/repository/com/github/almasb/fxgl/17.3/fxgl-17.3.jar!/fxglassets/ui/css/fxgl_dark.css
17:40:36.482 [FXGL Background Thread 1 ] DEBUG GameApplicationServi - Initializing application scenes
17:40:36.531 [FXGL Background Thread 1 ] DEBUG GameWorld            - Game world initialized
17:40:36.603 [FXGL Background Thread 1 ] DEBUG PhysicsWorld         - Physics world initialized: appHeight=500, physics.ppm=50.0
17:40:36.604 [FXGL Background Thread 1 ] DEBUG PhysicsWorld         - Using strategy: BRUTE_FORCE
17:40:36.607 [FXGL Background Thread 1 ] DEBUG GameScene            - Game scene initialized: 700x500
17:40:36.620 [FXGL Background Thread 1 ] WARN  FXGL.DefaultMenu     - FXGLDefaultMenu is not designed for resolutions < 800x600
17:40:36.620 [FXGL Background Thread 1 ] DEBUG FXGL.DefaultMenu     - createMenuBodyGameMenu()
17:40:36.634 [FXGL Background Thread 1 ] DEBUG FXGL.DefaultMenu     - createOptionsMenu()
17:40:36.643 [FXGL Background Thread 1 ] DEBUG FXGLAssetLoaderServi - Loading from file system: jar:file:/C:/Users/Michel/.m2/repository/com/github/almasb/fxgl/17.3/fxgl-17.3.jar!/fxglassets/textures/particles/smoke.png
17:40:36.747 [FXGL Background Thread 1 ] DEBUG FXGLAssetLoaderServi - Loading from file system: jar:file:/C:/Users/Michel/.m2/repository/com/github/almasb/fxgl/17.3/fxgl-17.3.jar!/fxglassets/textures/particles/trace_horizontal.png
17:40:36.770 [FXGL Background Thread 1 ] DEBUG GameApplicationServi - Application scenes initialized
17:40:36.782 [FXGL Background Thread 1 ] DEBUG SystemBundleService  - Loading FXGL system data
17:40:36.787 [FXGL Background Thread 1 ] DEBUG FileSystemAccess     - Reading from: C:\Users\Michel\Documents\GitHub\Restaurant_S\system\fxgl.bundle
17:40:36.796 [FXGL Background Thread 1 ] DEBUG SystemBundleService  - Bundle FXGL: {}
17:40:36.796 [FXGL Background Thread 1 ] DEBUG UpdaterService       - Checking for updates
17:40:36.799 [FXGL Background Thread 4 ] DEBUG FXGLApplication      - Loading fonts
17:40:36.800 [FXGL Background Thread 4 ] DEBUG FXGLAssetLoaderServi - Loading from file system: jar:file:/C:/Users/Michel/.m2/repository/com/github/almasb/fxgl/17.3/fxgl-17.3.jar!/fxglassets/ui/fonts/VarelaRound-Regular.ttf
17:40:36.800 [FXGL Background Thread 1 ] DEBUG FXGLApplication      - Loading default localization
17:40:36.801 [FXGL Background Thread 1 ] DEBUG FXGLAssetLoaderServi - Loading from file system: jar:file:/C:/Users/Michel/.m2/repository/com/github/almasb/fxgl/17.3/fxgl-17.3.jar!/fxglassets/languages/english.lang
17:40:36.835 [FXGL Background Thread 4 ] DEBUG FXGLAssetLoaderServi - Loading from file system: jar:file:/C:/Users/Michel/.m2/repository/com/github/almasb/fxgl/17.3/fxgl-17.3.jar!/fxglassets/ui/fonts/Abel-Regular.ttf
17:40:36.839 [FXGL Background Thread 4 ] DEBUG FXGLAssetLoaderServi - Loading from file system: jar:file:/C:/Users/Michel/.m2/repository/com/github/almasb/fxgl/17.3/fxgl-17.3.jar!/fxglassets/ui/fonts/TerminalLandMono-Regular.otf
17:40:36.843 [FXGL Background Thread 1 ] INFO  FXGLApplication      - FXGL initialization took: 0.447 sec
17:40:36.844 [JavaFX Application Thread] DEBUG FXGLAssetLoaderServi - Loading from file system: jar:file:/C:/Users/Michel/.m2/repository/com/github/almasb/fxgl/17.3/fxgl-17.3.jar!/fxglassets/textures/fxgl_icon.png
17:40:36.844 [FXGL Background Thread 4 ] DEBUG FXGLAssetLoaderServi - Loading from file system: jar:file:/C:/Users/Michel/.m2/repository/com/github/almasb/fxgl/17.3/fxgl-17.3.jar!/fxglassets/ui/fonts/Courier-Prime.ttf
17:40:36.862 [JavaFX Application Thread] DEBUG FXGLAssetLoaderServi - Loading from file system: jar:file:/C:/Users/Michel/.m2/repository/com/github/almasb/fxgl/17.3/fxgl-17.3.jar!/fxglassets/textures/fxgl_default_cursor.png
17:40:36.883 [JavaFX Application Thread] DEBUG Input                - Registered new binding: Screenshot - CTRL+8
17:40:36.884 [JavaFX Application Thread] DEBUG Input                - Registered new binding: System info dump - CTRL+9
17:40:36.885 [JavaFX Application Thread] DEBUG Input                - Registered new binding: Restart - CTRL+R
17:40:36.886 [JavaFX Application Thread] DEBUG Input                - Registered new binding: Toggle Debug Camera - CTRL+7
17:40:36.892 [JavaFX Application Thread] DEBUG LoopRunner           - Starting loop
17:40:36.892 [JavaFX Application Thread] DEBUG LoopRunner           - Initializing JavaFX AnimationTimerLoop
17:40:36.895 [JavaFX Application Thread] DEBUG GameApplicationServi - Starting new game
17:40:36.895 [JavaFX Application Thread] DEBUG Input                - Clearing active input actions
17:40:36.911 [JavaFX Application Thread] DEBUG GameApplicationServi - Removing overlay from FXGLStartupScene and adding to FXGLLoadingScene
17:40:36.911 [JavaFX Application Thread] DEBUG PrimaryStageWindow   - FXGLStartupScene -> FXGLLoadingScene
17:40:36.911 [JavaFX Application Thread] DEBUG GameApplicationServi - Clearing previous game
17:40:36.911 [JavaFX Application Thread] DEBUG GameScene            - Clearing game scene
17:40:36.911 [JavaFX Application Thread] DEBUG GameWorld            - Clearing game world
17:40:36.911 [JavaFX Application Thread] DEBUG PhysicsWorld         - Clearing physics world
17:40:36.914 [FXGL Background Thread 4 ] DEBUG FXGLApplication      - Initializing game
17:40:36.914 [JavaFX Application Thread] DEBUG FXGLApplication      - Registering font factories with UI factory
17:40:37.136 [FXGL Background Thread 4 ] INFO  FXGLApplication      - Game initialization took: 0.222 sec
17:40:37.136 [JavaFX Application Thread] DEBUG Input                - Clearing active input actions
17:40:37.151 [JavaFX Application Thread] DEBUG GameApplicationServi - Removing overlay from FXGLLoadingScene and adding to GameScene
17:40:37.151 [JavaFX Application Thread] DEBUG PrimaryStageWindow   - FXGLLoadingScene -> GameScene
17:40:37.406 [FXGL Background Thread 2 ] INFO  UpdaterService       - Your current version:  17.3
17:40:37.407 [FXGL Background Thread 2 ] INFO  UpdaterService       - Latest stable version: 21.1
17:40:39.782 [JavaFX Application Thread] DEBUG FXGLApplication      - Exiting FXGL
17:40:39.782 [JavaFX Application Thread] DEBUG LoopRunner           - Stopping loop
17:40:39.782 [JavaFX Application Thread] DEBUG SystemBundleService  - Saving FXGL system data
17:40:39.784 [JavaFX Application Thread] DEBUG FileSystemAccess     - Writing to: C:\Users\Michel\Documents\GitHub\Restaurant_S\system\fxgl.bundle
17:40:39.789 [JavaFX Application Thread] DEBUG Async                - Shutting down background threads
17:40:39.789 [JavaFX Application Thread] DEBUG PrimaryStageWindow   - Closing main window
17:40:39.810 [JavaFX Application Thread] DEBUG Logger               - Closing Logger
