12:05:26.451 [main                     ] DEBUG Logger               - Configured Logger
12:05:26.482 [main                     ] DEBUG GameApplication      - Logging settings
Title: Simulador Restaurante
Version: 0.1
Width: 1300
Height: 600
Fullscreen: false
Intro: false
Profiling: false
Single step:false
App Mode: DEVELOPER
Menu Key: ESCAPE
Stage Style: DECORATED
Scene Factory: class com.Restaurant.Main$1

12:05:27.211 [JavaFX Application Thread] DEBUG FXGLApplication      - Initializing FXGL
12:05:27.218 [JavaFX Application Thread] INFO  Engine               - FXGL-17.3 (30.03.2023 11.49) on WINDOWS (J:17.0.13 FX:17.0.6)
12:05:27.218 [JavaFX Application Thread] DEBUG Engine               - JRE Vendor Name: Oracle Corporation
12:05:27.219 [JavaFX Application Thread] DEBUG Engine               - Running on OS: Windows 11 version 10.0
12:05:27.219 [JavaFX Application Thread] DEBUG Engine               - Architecture: amd64
12:05:27.219 [JavaFX Application Thread] INFO  Engine               - Source code and latest versions at: https://github.com/AlmasB/FXGL
12:05:27.219 [JavaFX Application Thread] INFO  Engine               -       Ask questions and discuss at: https://github.com/AlmasB/FXGL/discussions
12:05:27.219 [JavaFX Application Thread] INFO  Engine               -              Join the FXGL chat at: https://gitter.im/AlmasB/FXGL
12:05:27.421 [JavaFX Application Thread] DEBUG PrimaryStageWindow   - Creating a JavaFX scene
12:05:27.522 [JavaFX Application Thread] DEBUG PrimaryStageWindow   - Target settings size: 1300.0 x 600.0
12:05:27.522 [JavaFX Application Thread] DEBUG PrimaryStageWindow   - Scaled scene size:    1300.0 x 600.0
12:05:27.522 [JavaFX Application Thread] DEBUG PrimaryStageWindow   - Scaled ratio: (1.0, 1.0)
12:05:27.523 [JavaFX Application Thread] DEBUG PrimaryStageWindow   - Set initial scene to FXGLStartupScene
12:05:27.539 [JavaFX Application Thread] DEBUG PrimaryStageWindow   - Opening main window
12:05:27.684 [JavaFX Application Thread] DEBUG PrimaryStageWindow   - Window border size: (16.0, 39.0)
12:05:27.685 [JavaFX Application Thread] DEBUG PrimaryStageWindow   - Scaled size: 1300.0 x 600.0
12:05:27.685 [JavaFX Application Thread] DEBUG PrimaryStageWindow   - Scaled ratio: (1.0, 1.0)
12:05:27.686 [JavaFX Application Thread] DEBUG PrimaryStageWindow   - Scene size: 1300.0 x 600.0
12:05:27.686 [JavaFX Application Thread] DEBUG PrimaryStageWindow   - Stage size: 1316.0 x 639.0
12:05:27.694 [FXGL Background Thread 1 ] DEBUG Engine               - Initializing environment variables
12:05:27.755 [FXGL Background Thread 1 ] DEBUG FXGLAssetLoaderServi - User app class for loading assets: class com.Restaurant.Main
12:05:27.755 [FXGL Background Thread 1 ] DEBUG GameApplicationServi - Applying CSS: fxgl_dark.css
12:05:27.756 [FXGL Background Thread 1 ] DEBUG FXGLAssetLoaderServi - Loading from file system: jar:file:/C:/Users/gabor/.m2/repository/com/github/almasb/fxgl/17.3/fxgl-17.3.jar!/fxglassets/ui/css/fxgl_dark.css
12:05:27.809 [FXGL Background Thread 1 ] DEBUG GameApplicationServi - Initializing application scenes
12:05:27.872 [FXGL Background Thread 1 ] DEBUG GameWorld            - Game world initialized
12:05:27.953 [FXGL Background Thread 1 ] DEBUG PhysicsWorld         - Physics world initialized: appHeight=600, physics.ppm=50.0
12:05:27.954 [FXGL Background Thread 1 ] DEBUG PhysicsWorld         - Using strategy: BRUTE_FORCE
12:05:27.959 [FXGL Background Thread 1 ] DEBUG GameScene            - Game scene initialized: 1300x600
12:05:28.089 [FXGL Background Thread 1 ] DEBUG FXGL.DefaultMenu     - createMenuBodyGameMenu()
12:05:28.103 [FXGL Background Thread 1 ] DEBUG FXGL.DefaultMenu     - createOptionsMenu()
12:05:28.116 [FXGL Background Thread 1 ] DEBUG FXGLAssetLoaderServi - Loading from file system: jar:file:/C:/Users/gabor/.m2/repository/com/github/almasb/fxgl/17.3/fxgl-17.3.jar!/fxglassets/textures/particles/smoke.png
12:05:28.244 [FXGL Background Thread 1 ] DEBUG FXGLAssetLoaderServi - Loading from file system: jar:file:/C:/Users/gabor/.m2/repository/com/github/almasb/fxgl/17.3/fxgl-17.3.jar!/fxglassets/textures/particles/trace_horizontal.png
12:05:28.280 [FXGL Background Thread 1 ] DEBUG GameApplicationServi - Application scenes initialized
12:05:28.304 [FXGL Background Thread 1 ] DEBUG SystemBundleService  - Loading FXGL system data
12:05:28.309 [FXGL Background Thread 1 ] DEBUG FileSystemAccess     - Reading from: C:\Users\gabor\IdeaProjects\Restaurant_Simulador\system\fxgl.bundle
12:05:28.315 [FXGL Background Thread 1 ] DEBUG SystemBundleService  - Bundle FXGL: {}
12:05:28.315 [FXGL Background Thread 1 ] DEBUG UpdaterService       - Checking for updates
12:05:28.329 [FXGL Background Thread 4 ] DEBUG FXGLApplication      - Loading fonts
12:05:28.329 [FXGL Background Thread 4 ] DEBUG FXGLAssetLoaderServi - Loading from file system: jar:file:/C:/Users/gabor/.m2/repository/com/github/almasb/fxgl/17.3/fxgl-17.3.jar!/fxglassets/ui/fonts/VarelaRound-Regular.ttf
12:05:28.333 [FXGL Background Thread 1 ] DEBUG FXGLApplication      - Loading default localization
12:05:28.335 [FXGL Background Thread 1 ] DEBUG FXGLAssetLoaderServi - Loading from file system: jar:file:/C:/Users/gabor/.m2/repository/com/github/almasb/fxgl/17.3/fxgl-17.3.jar!/fxglassets/languages/english.lang
12:05:28.348 [FXGL Background Thread 4 ] DEBUG FXGLAssetLoaderServi - Loading from file system: jar:file:/C:/Users/gabor/.m2/repository/com/github/almasb/fxgl/17.3/fxgl-17.3.jar!/fxglassets/ui/fonts/Abel-Regular.ttf
12:05:28.354 [FXGL Background Thread 4 ] DEBUG FXGLAssetLoaderServi - Loading from file system: jar:file:/C:/Users/gabor/.m2/repository/com/github/almasb/fxgl/17.3/fxgl-17.3.jar!/fxglassets/ui/fonts/TerminalLandMono-Regular.otf
12:05:28.360 [FXGL Background Thread 4 ] DEBUG FXGLAssetLoaderServi - Loading from file system: jar:file:/C:/Users/gabor/.m2/repository/com/github/almasb/fxgl/17.3/fxgl-17.3.jar!/fxglassets/ui/fonts/Courier-Prime.ttf
12:05:28.373 [JavaFX Application Thread] DEBUG FXGLApplication      - Registering font factories with UI factory
12:05:28.394 [FXGL Background Thread 1 ] INFO  FXGLApplication      - FXGL initialization took: 0.699 sec
12:05:28.396 [JavaFX Application Thread] DEBUG FXGLAssetLoaderServi - Loading from file system: jar:file:/C:/Users/gabor/.m2/repository/com/github/almasb/fxgl/17.3/fxgl-17.3.jar!/fxglassets/textures/fxgl_icon.png
12:05:28.423 [JavaFX Application Thread] DEBUG FXGLAssetLoaderServi - Loading from file system: jar:file:/C:/Users/gabor/.m2/repository/com/github/almasb/fxgl/17.3/fxgl-17.3.jar!/fxglassets/textures/fxgl_default_cursor.png
12:05:28.449 [JavaFX Application Thread] DEBUG Input                - Registered new binding: Screenshot - CTRL+8
12:05:28.450 [JavaFX Application Thread] DEBUG Input                - Registered new binding: System info dump - CTRL+9
12:05:28.453 [JavaFX Application Thread] DEBUG Input                - Registered new binding: Restart - CTRL+R
12:05:28.454 [JavaFX Application Thread] DEBUG Input                - Registered new binding: Toggle Debug Camera - CTRL+7
12:05:28.459 [JavaFX Application Thread] DEBUG LoopRunner           - Starting loop
12:05:28.460 [JavaFX Application Thread] DEBUG LoopRunner           - Initializing JavaFX AnimationTimerLoop
12:05:28.463 [JavaFX Application Thread] DEBUG Input                - Clearing active input actions
12:05:28.471 [JavaFX Application Thread] DEBUG GameApplicationServi - Removing overlay from FXGLStartupScene and adding to FXGLMainMenuDummyScene
12:05:28.472 [JavaFX Application Thread] DEBUG PrimaryStageWindow   - FXGLStartupScene -> FXGLMainMenuDummyScene
12:05:28.472 [JavaFX Application Thread] DEBUG PrimaryStageWindow   - Push state: RestaurantView
12:05:28.472 [JavaFX Application Thread] DEBUG Input                - Clearing active input actions
12:05:28.483 [JavaFX Application Thread] DEBUG GameApplicationServi - Removing overlay from FXGLMainMenuDummyScene and adding to RestaurantView
12:05:28.483 [JavaFX Application Thread] DEBUG PrimaryStageWindow   - FXGLMainMenuDummyScene -> RestaurantView
12:05:29.203 [FXGL Background Thread 2 ] INFO  UpdaterService       - Your current version:  17.3
12:05:29.203 [FXGL Background Thread 2 ] INFO  UpdaterService       - Latest stable version: 21.1
12:05:29.439 [JavaFX Application Thread] DEBUG Menu                 - fireNewGame()
12:05:29.441 [JavaFX Application Thread] DEBUG GameApplicationServi - Starting new game
12:05:29.441 [JavaFX Application Thread] DEBUG PrimaryStageWindow   - Pop state: RestaurantView
12:05:29.441 [JavaFX Application Thread] DEBUG Input                - Clearing active input actions
12:05:29.442 [JavaFX Application Thread] DEBUG GameApplicationServi - Removing overlay from RestaurantView and adding to FXGLMainMenuDummyScene
12:05:29.443 [JavaFX Application Thread] DEBUG PrimaryStageWindow   - FXGLMainMenuDummyScene <- RestaurantView
12:05:29.444 [JavaFX Application Thread] DEBUG Input                - Clearing active input actions
12:05:29.474 [JavaFX Application Thread] DEBUG GameApplicationServi - Removing overlay from FXGLMainMenuDummyScene and adding to FXGLLoadingScene
12:05:29.475 [JavaFX Application Thread] DEBUG PrimaryStageWindow   - FXGLMainMenuDummyScene -> FXGLLoadingScene
12:05:29.476 [JavaFX Application Thread] DEBUG GameApplicationServi - Clearing previous game
12:05:29.476 [JavaFX Application Thread] DEBUG GameScene            - Clearing game scene
12:05:29.476 [JavaFX Application Thread] DEBUG GameWorld            - Clearing game world
12:05:29.476 [JavaFX Application Thread] DEBUG PhysicsWorld         - Clearing physics world
12:05:29.482 [FXGL Background Thread 2 ] DEBUG FXGLApplication      - Initializing game
12:05:30.286 [FXGL Background Thread 2 ] INFO  FXGLApplication      - Game initialization took: 0.802 sec
12:05:30.286 [JavaFX Application Thread] DEBUG Input                - Clearing active input actions
12:05:30.292 [JavaFX Application Thread] DEBUG GameApplicationServi - Removing overlay from FXGLLoadingScene and adding to GameScene
12:05:30.292 [JavaFX Application Thread] DEBUG PrimaryStageWindow   - FXGLLoadingScene -> GameScene
12:05:31.052 [JavaFX Application Thread] DEBUG FXGLApplication      - Exiting FXGL
12:05:31.053 [JavaFX Application Thread] DEBUG LoopRunner           - Stopping loop
12:05:31.053 [JavaFX Application Thread] DEBUG SystemBundleService  - Saving FXGL system data
12:05:31.057 [JavaFX Application Thread] DEBUG FileSystemAccess     - Writing to: C:\Users\gabor\IdeaProjects\Restaurant_Simulador\system\fxgl.bundle
12:05:31.058 [JavaFX Application Thread] DEBUG Async                - Shutting down background threads
12:05:31.058 [JavaFX Application Thread] DEBUG PrimaryStageWindow   - Closing main window
12:05:31.127 [JavaFX Application Thread] DEBUG Logger               - Closing Logger
