01:40:16.103 [main                     ] DEBUG Logger               - Configured Logger
01:40:16.129 [main                     ] DEBUG GameApplication      - Logging settings
Title: Restaurante
Version: 0.0
Width: 1000
Height: 700
Fullscreen: false
Intro: false
Profiling: false
Single step:false
App Mode: DEVELOPER
Menu Key: ESCAPE
Stage Style: DECORATED
Scene Factory: class com.almasb.fxgl.app.scene.SceneFactory

01:40:16.798 [JavaFX Application Thread] DEBUG FXGLApplication      - Initializing FXGL
01:40:16.808 [JavaFX Application Thread] INFO  Engine               - FXGL-17.3 (30.03.2023 11.49) on WINDOWS (J:23.0.1 FX:21)
01:40:16.808 [JavaFX Application Thread] DEBUG Engine               - JRE Vendor Name: Oracle Corporation
01:40:16.808 [JavaFX Application Thread] DEBUG Engine               - Running on OS: Windows 11 version 10.0
01:40:16.808 [JavaFX Application Thread] DEBUG Engine               - Architecture: amd64
01:40:16.809 [JavaFX Application Thread] INFO  Engine               - Source code and latest versions at: https://github.com/AlmasB/FXGL
01:40:16.809 [JavaFX Application Thread] INFO  Engine               -       Ask questions and discuss at: https://github.com/AlmasB/FXGL/discussions
01:40:16.809 [JavaFX Application Thread] INFO  Engine               -              Join the FXGL chat at: https://gitter.im/AlmasB/FXGL
01:40:16.925 [JavaFX Application Thread] DEBUG PrimaryStageWindow   - Creating a JavaFX scene
01:40:16.977 [JavaFX Application Thread] DEBUG PrimaryStageWindow   - Target settings size: 1000.0 x 700.0
01:40:16.977 [JavaFX Application Thread] DEBUG PrimaryStageWindow   - Scaled scene size:    1000.0 x 700.0
01:40:16.977 [JavaFX Application Thread] DEBUG PrimaryStageWindow   - Scaled ratio: (1.0, 1.0)
01:40:16.978 [JavaFX Application Thread] DEBUG PrimaryStageWindow   - Set initial scene to FXGLStartupScene
01:40:16.981 [JavaFX Application Thread] DEBUG PrimaryStageWindow   - Opening main window
01:40:17.080 [JavaFX Application Thread] DEBUG PrimaryStageWindow   - Window border size: (16.0, 39.0)
01:40:17.080 [JavaFX Application Thread] DEBUG PrimaryStageWindow   - Scaled size: 1000.0 x 700.0
01:40:17.080 [JavaFX Application Thread] DEBUG PrimaryStageWindow   - Scaled ratio: (1.0, 1.0)
01:40:17.080 [JavaFX Application Thread] DEBUG PrimaryStageWindow   - Scene size: 1000.0 x 700.0
01:40:17.080 [JavaFX Application Thread] DEBUG PrimaryStageWindow   - Stage size: 1016.0 x 739.0
01:40:17.090 [FXGL Background Thread 1 ] DEBUG Engine               - Initializing environment variables
01:40:17.148 [FXGL Background Thread 1 ] DEBUG FXGLAssetLoaderServi - User app class for loading assets: class com.simulador.app.Main
01:40:17.148 [FXGL Background Thread 1 ] DEBUG GameApplicationServi - Applying CSS: fxgl_dark.css
01:40:17.149 [FXGL Background Thread 1 ] DEBUG FXGLAssetLoaderServi - Loading from file system: jar:file:/C:/Users/gabor/.m2/repository/com/github/almasb/fxgl/17.3/fxgl-17.3.jar!/fxglassets/ui/css/fxgl_dark.css
01:40:17.202 [FXGL Background Thread 1 ] DEBUG GameApplicationServi - Initializing application scenes
01:40:17.266 [FXGL Background Thread 1 ] DEBUG GameWorld            - Game world initialized
01:40:17.329 [FXGL Background Thread 1 ] DEBUG PhysicsWorld         - Physics world initialized: appHeight=700, physics.ppm=50.0
01:40:17.329 [FXGL Background Thread 1 ] DEBUG PhysicsWorld         - Using strategy: BRUTE_FORCE
01:40:17.333 [FXGL Background Thread 1 ] DEBUG GameScene            - Game scene initialized: 1000x700
01:40:17.347 [FXGL Background Thread 1 ] DEBUG FXGL.DefaultMenu     - createMenuBodyGameMenu()
01:40:17.374 [FXGL Background Thread 1 ] DEBUG FXGL.DefaultMenu     - createOptionsMenu()
01:40:17.393 [FXGL Background Thread 1 ] DEBUG FXGLAssetLoaderServi - Loading from file system: jar:file:/C:/Users/gabor/.m2/repository/com/github/almasb/fxgl/17.3/fxgl-17.3.jar!/fxglassets/textures/particles/smoke.png
01:40:17.576 [FXGL Background Thread 1 ] DEBUG FXGLAssetLoaderServi - Loading from file system: jar:file:/C:/Users/gabor/.m2/repository/com/github/almasb/fxgl/17.3/fxgl-17.3.jar!/fxglassets/textures/particles/trace_horizontal.png
01:40:17.595 [FXGL Background Thread 1 ] DEBUG GameApplicationServi - Application scenes initialized
01:40:17.613 [FXGL Background Thread 1 ] DEBUG SystemBundleService  - Loading FXGL system data
01:40:17.623 [FXGL Background Thread 1 ] DEBUG FileSystemAccess     - Reading from: C:\Users\gabor\IdeaProjects\Restaurant_S\system\fxgl.bundle
01:40:17.626 [FXGL Background Thread 1 ] DEBUG SystemBundleService  - Bundle FXGL: {}
01:40:17.626 [FXGL Background Thread 1 ] DEBUG UpdaterService       - Checking for updates
01:40:17.631 [FXGL Background Thread 4 ] DEBUG FXGLApplication      - Loading fonts
01:40:17.632 [FXGL Background Thread 4 ] DEBUG FXGLAssetLoaderServi - Loading from file system: jar:file:/C:/Users/gabor/.m2/repository/com/github/almasb/fxgl/17.3/fxgl-17.3.jar!/fxglassets/ui/fonts/VarelaRound-Regular.ttf
01:40:17.632 [FXGL Background Thread 1 ] DEBUG FXGLApplication      - Loading default localization
01:40:17.632 [FXGL Background Thread 1 ] DEBUG FXGLAssetLoaderServi - Loading from file system: jar:file:/C:/Users/gabor/.m2/repository/com/github/almasb/fxgl/17.3/fxgl-17.3.jar!/fxglassets/languages/english.lang
01:40:17.664 [FXGL Background Thread 4 ] DEBUG FXGLAssetLoaderServi - Loading from file system: jar:file:/C:/Users/gabor/.m2/repository/com/github/almasb/fxgl/17.3/fxgl-17.3.jar!/fxglassets/ui/fonts/Abel-Regular.ttf
01:40:17.668 [FXGL Background Thread 1 ] INFO  FXGLApplication      - FXGL initialization took: 0.578 sec
01:40:17.670 [JavaFX Application Thread] DEBUG FXGLAssetLoaderServi - Loading from file system: jar:file:/C:/Users/gabor/.m2/repository/com/github/almasb/fxgl/17.3/fxgl-17.3.jar!/fxglassets/textures/fxgl_icon.png
01:40:17.679 [FXGL Background Thread 4 ] DEBUG FXGLAssetLoaderServi - Loading from file system: jar:file:/C:/Users/gabor/.m2/repository/com/github/almasb/fxgl/17.3/fxgl-17.3.jar!/fxglassets/ui/fonts/TerminalLandMono-Regular.otf
01:40:17.691 [JavaFX Application Thread] DEBUG FXGLAssetLoaderServi - Loading from file system: jar:file:/C:/Users/gabor/.m2/repository/com/github/almasb/fxgl/17.3/fxgl-17.3.jar!/fxglassets/textures/fxgl_default_cursor.png
01:40:17.694 [FXGL Background Thread 4 ] DEBUG FXGLAssetLoaderServi - Loading from file system: jar:file:/C:/Users/gabor/.m2/repository/com/github/almasb/fxgl/17.3/fxgl-17.3.jar!/fxglassets/ui/fonts/Courier-Prime.ttf
01:40:17.760 [JavaFX Application Thread] DEBUG Input                - Registered new binding: Screenshot - CTRL+8
01:40:17.761 [JavaFX Application Thread] DEBUG Input                - Registered new binding: System info dump - CTRL+9
01:40:17.761 [JavaFX Application Thread] DEBUG Input                - Registered new binding: Restart - CTRL+R
01:40:17.763 [JavaFX Application Thread] DEBUG Input                - Registered new binding: Toggle Debug Camera - CTRL+7
01:40:17.766 [JavaFX Application Thread] DEBUG LoopRunner           - Starting loop
01:40:17.766 [JavaFX Application Thread] DEBUG LoopRunner           - Initializing JavaFX AnimationTimerLoop
01:40:17.770 [JavaFX Application Thread] DEBUG GameApplicationServi - Starting new game
01:40:17.771 [JavaFX Application Thread] DEBUG Input                - Clearing active input actions
01:40:17.781 [JavaFX Application Thread] DEBUG GameApplicationServi - Removing overlay from FXGLStartupScene and adding to FXGLLoadingScene
01:40:17.782 [JavaFX Application Thread] DEBUG PrimaryStageWindow   - FXGLStartupScene -> FXGLLoadingScene
01:40:17.782 [JavaFX Application Thread] DEBUG GameApplicationServi - Clearing previous game
01:40:17.782 [JavaFX Application Thread] DEBUG GameScene            - Clearing game scene
01:40:17.782 [JavaFX Application Thread] DEBUG GameWorld            - Clearing game world
01:40:17.782 [JavaFX Application Thread] DEBUG PhysicsWorld         - Clearing physics world
01:40:17.784 [FXGL Background Thread 4 ] DEBUG FXGLApplication      - Initializing game
01:40:17.785 [JavaFX Application Thread] DEBUG FXGLApplication      - Registering font factories with UI factory
01:40:18.109 [FXGL Background Thread 4 ] INFO  FXGLApplication      - Game initialization took: 0.325 sec
01:40:18.110 [JavaFX Application Thread] DEBUG Input                - Clearing active input actions
01:40:18.119 [JavaFX Application Thread] DEBUG GameApplicationServi - Removing overlay from FXGLLoadingScene and adding to GameScene
01:40:18.119 [JavaFX Application Thread] DEBUG PrimaryStageWindow   - FXGLLoadingScene -> GameScene
01:40:18.378 [FXGL Background Thread 2 ] INFO  UpdaterService       - Your current version:  17.3
01:40:18.378 [FXGL Background Thread 2 ] INFO  UpdaterService       - Latest stable version: 21.1
01:40:20.057 [JavaFX Application Thread] DEBUG FXGLApplication      - Exiting FXGL
01:40:20.057 [JavaFX Application Thread] DEBUG LoopRunner           - Stopping loop
01:40:20.057 [JavaFX Application Thread] DEBUG SystemBundleService  - Saving FXGL system data
01:40:20.059 [JavaFX Application Thread] DEBUG FileSystemAccess     - Writing to: C:\Users\gabor\IdeaProjects\Restaurant_S\system\fxgl.bundle
01:40:20.059 [JavaFX Application Thread] DEBUG Async                - Shutting down background threads
01:40:20.060 [JavaFX Application Thread] DEBUG PrimaryStageWindow   - Closing main window
01:40:20.075 [JavaFX Application Thread] DEBUG Logger               - Closing Logger
