07:23:09.811 [main                     ] DEBUG Logger               - Configured Logger
07:23:09.834 [main                     ] DEBUG GameApplication      - Logging settings
Title: Restaurante
Version: 0.0
Width: 700
Height: 500
Fullscreen: false
Intro: false
Profiling: false
Single step:false
App Mode: DEVELOPER
Menu Key: ESCAPE
Stage Style: DECORATED
Scene Factory: class com.almasb.fxgl.app.scene.SceneFactory

07:23:10.184 [JavaFX Application Thread] DEBUG FXGLApplication      - Initializing FXGL
07:23:10.187 [JavaFX Application Thread] INFO  Engine               - FXGL-17.3 (30.03.2023 11.49) on LINUX (J:21.0.5 FX:21)
07:23:10.187 [JavaFX Application Thread] DEBUG Engine               - JRE Vendor Name: Red Hat, Inc.
07:23:10.187 [JavaFX Application Thread] DEBUG Engine               - Running on OS: Linux version 6.10.8-200.fc40.x86_64
07:23:10.187 [JavaFX Application Thread] DEBUG Engine               - Architecture: amd64
07:23:10.187 [JavaFX Application Thread] INFO  Engine               - Source code and latest versions at: https://github.com/AlmasB/FXGL
07:23:10.187 [JavaFX Application Thread] INFO  Engine               -       Ask questions and discuss at: https://github.com/AlmasB/FXGL/discussions
07:23:10.187 [JavaFX Application Thread] INFO  Engine               -              Join the FXGL chat at: https://gitter.im/AlmasB/FXGL
07:23:10.244 [JavaFX Application Thread] DEBUG PrimaryStageWindow   - Creating a JavaFX scene
07:23:10.292 [JavaFX Application Thread] DEBUG PrimaryStageWindow   - Target settings size: 700.0 x 500.0
07:23:10.292 [JavaFX Application Thread] DEBUG PrimaryStageWindow   - Scaled scene size:    700.0 x 500.0
07:23:10.292 [JavaFX Application Thread] DEBUG PrimaryStageWindow   - Scaled ratio: (1.0, 1.0)
07:23:10.293 [JavaFX Application Thread] DEBUG PrimaryStageWindow   - Set initial scene to FXGLStartupScene
07:23:10.295 [JavaFX Application Thread] DEBUG PrimaryStageWindow   - Opening main window
07:23:10.318 [JavaFX Application Thread] DEBUG PrimaryStageWindow   - Window border size: (0.0, 35.0)
07:23:10.318 [JavaFX Application Thread] DEBUG PrimaryStageWindow   - Scaled size: 700.0 x 465.0
07:23:10.318 [JavaFX Application Thread] DEBUG PrimaryStageWindow   - Scaled ratio: (1.0, 0.93)
07:23:10.318 [JavaFX Application Thread] DEBUG PrimaryStageWindow   - Scene size: 700.0 x 500.0
07:23:10.318 [JavaFX Application Thread] DEBUG PrimaryStageWindow   - Stage size: 700.0 x 500.0
07:23:10.325 [FXGL Background Thread 1 ] DEBUG Engine               - Initializing environment variables
07:23:10.345 [FXGL Background Thread 1 ] DEBUG FXGLAssetLoaderServi - User app class for loading assets: class com.simulador.app.Main
07:23:10.345 [FXGL Background Thread 1 ] DEBUG GameApplicationServi - Applying CSS: fxgl_dark.css
07:23:10.346 [FXGL Background Thread 1 ] DEBUG FXGLAssetLoaderServi - Loading from file system: jar:file:/home/zulito420/.m2/repository/com/github/almasb/fxgl/17.3/fxgl-17.3.jar!/fxglassets/ui/css/fxgl_dark.css
07:23:10.371 [FXGL Background Thread 1 ] DEBUG GameApplicationServi - Initializing application scenes
07:23:10.397 [FXGL Background Thread 1 ] DEBUG GameWorld            - Game world initialized
07:23:10.424 [FXGL Background Thread 1 ] DEBUG PhysicsWorld         - Physics world initialized: appHeight=500, physics.ppm=50.0
07:23:10.424 [FXGL Background Thread 1 ] DEBUG PhysicsWorld         - Using strategy: BRUTE_FORCE
07:23:10.427 [FXGL Background Thread 1 ] DEBUG GameScene            - Game scene initialized: 700x500
07:23:10.433 [FXGL Background Thread 1 ] WARN  FXGL.DefaultMenu     - FXGLDefaultMenu is not designed for resolutions < 800x600
07:23:10.434 [FXGL Background Thread 1 ] DEBUG FXGL.DefaultMenu     - createMenuBodyGameMenu()
07:23:10.442 [FXGL Background Thread 1 ] DEBUG FXGL.DefaultMenu     - createOptionsMenu()
07:23:10.448 [FXGL Background Thread 1 ] DEBUG FXGLAssetLoaderServi - Loading from file system: jar:file:/home/zulito420/.m2/repository/com/github/almasb/fxgl/17.3/fxgl-17.3.jar!/fxglassets/textures/particles/smoke.png
07:23:10.503 [FXGL Background Thread 1 ] DEBUG FXGLAssetLoaderServi - Loading from file system: jar:file:/home/zulito420/.m2/repository/com/github/almasb/fxgl/17.3/fxgl-17.3.jar!/fxglassets/textures/particles/trace_horizontal.png
07:23:10.518 [FXGL Background Thread 1 ] DEBUG GameApplicationServi - Application scenes initialized
07:23:10.526 [FXGL Background Thread 1 ] DEBUG SystemBundleService  - Loading FXGL system data
07:23:10.527 [FXGL Background Thread 1 ] DEBUG FileSystemAccess     - Reading from: /home/zulito420/Documentos/ProgramacionConcurrente/Restaurant_S/system/fxgl.bundle
07:23:10.528 [FXGL Background Thread 1 ] DEBUG SystemBundleService  - Bundle FXGL: {}
07:23:10.529 [FXGL Background Thread 1 ] DEBUG UpdaterService       - Checking for updates
07:23:10.531 [FXGL Background Thread 4 ] DEBUG FXGLApplication      - Loading fonts
07:23:10.531 [FXGL Background Thread 4 ] DEBUG FXGLAssetLoaderServi - Loading from file system: jar:file:/home/zulito420/.m2/repository/com/github/almasb/fxgl/17.3/fxgl-17.3.jar!/fxglassets/ui/fonts/VarelaRound-Regular.ttf
07:23:10.531 [FXGL Background Thread 1 ] DEBUG FXGLApplication      - Loading default localization
07:23:10.531 [FXGL Background Thread 1 ] DEBUG FXGLAssetLoaderServi - Loading from file system: jar:file:/home/zulito420/.m2/repository/com/github/almasb/fxgl/17.3/fxgl-17.3.jar!/fxglassets/languages/english.lang
07:23:10.538 [FXGL Background Thread 4 ] DEBUG FXGLAssetLoaderServi - Loading from file system: jar:file:/home/zulito420/.m2/repository/com/github/almasb/fxgl/17.3/fxgl-17.3.jar!/fxglassets/ui/fonts/Abel-Regular.ttf
07:23:10.541 [FXGL Background Thread 4 ] DEBUG FXGLAssetLoaderServi - Loading from file system: jar:file:/home/zulito420/.m2/repository/com/github/almasb/fxgl/17.3/fxgl-17.3.jar!/fxglassets/ui/fonts/TerminalLandMono-Regular.otf
07:23:10.543 [FXGL Background Thread 4 ] DEBUG FXGLAssetLoaderServi - Loading from file system: jar:file:/home/zulito420/.m2/repository/com/github/almasb/fxgl/17.3/fxgl-17.3.jar!/fxglassets/ui/fonts/Courier-Prime.ttf
07:23:10.546 [JavaFX Application Thread] DEBUG FXGLApplication      - Registering font factories with UI factory
07:23:10.548 [FXGL Background Thread 1 ] INFO  FXGLApplication      - FXGL initialization took: 0.223 sec
07:23:10.548 [JavaFX Application Thread] DEBUG FXGLAssetLoaderServi - Loading from file system: jar:file:/home/zulito420/.m2/repository/com/github/almasb/fxgl/17.3/fxgl-17.3.jar!/fxglassets/textures/fxgl_icon.png
07:23:10.565 [JavaFX Application Thread] DEBUG FXGLAssetLoaderServi - Loading from file system: jar:file:/home/zulito420/.m2/repository/com/github/almasb/fxgl/17.3/fxgl-17.3.jar!/fxglassets/textures/fxgl_default_cursor.png
07:23:10.572 [JavaFX Application Thread] DEBUG Input                - Registered new binding: Screenshot - CTRL+8
07:23:10.572 [JavaFX Application Thread] DEBUG Input                - Registered new binding: System info dump - CTRL+9
07:23:10.573 [JavaFX Application Thread] DEBUG Input                - Registered new binding: Restart - CTRL+R
07:23:10.573 [JavaFX Application Thread] DEBUG Input                - Registered new binding: Toggle Debug Camera - CTRL+7
07:23:10.575 [JavaFX Application Thread] DEBUG LoopRunner           - Starting loop
07:23:10.575 [JavaFX Application Thread] DEBUG LoopRunner           - Initializing JavaFX AnimationTimerLoop
07:23:10.576 [JavaFX Application Thread] DEBUG GameApplicationServi - Starting new game
07:23:10.576 [JavaFX Application Thread] DEBUG Input                - Clearing active input actions
07:23:10.582 [JavaFX Application Thread] DEBUG GameApplicationServi - Removing overlay from FXGLStartupScene and adding to FXGLLoadingScene
07:23:10.582 [JavaFX Application Thread] DEBUG PrimaryStageWindow   - FXGLStartupScene -> FXGLLoadingScene
07:23:10.582 [JavaFX Application Thread] DEBUG GameApplicationServi - Clearing previous game
07:23:10.582 [JavaFX Application Thread] DEBUG GameScene            - Clearing game scene
07:23:10.583 [JavaFX Application Thread] DEBUG GameWorld            - Clearing game world
07:23:10.583 [JavaFX Application Thread] DEBUG PhysicsWorld         - Clearing physics world
07:23:10.584 [FXGL Background Thread 1 ] DEBUG FXGLApplication      - Initializing game
07:23:10.687 [JavaFX Application Thread] DEBUG LoopRunner           - Stopping loop
07:23:10.689 [JavaFX Application Thread] FATAL FXGLApplication      - Uncaught Exception:
java.lang.RuntimeException: Initialization failed
	at com.almasb.fxgl.app.FXGLApplication$InitAppTask.failed(FXGLApplication.kt:343)
	at javafx.concurrent.Task.setState(Task.java:710)
	at javafx.concurrent.Task$TaskCallable.lambda$call$2(Task.java:1429)
	at com.sun.javafx.application.PlatformImpl.lambda$runLater$10(PlatformImpl.java:456)
	at java.base/java.security.AccessController.doPrivileged(AccessController.java:400)
	at com.sun.javafx.application.PlatformImpl.lambda$runLater$11(PlatformImpl.java:455)
	at com.sun.glass.ui.InvokeLaterDispatcher$Future.run(InvokeLaterDispatcher.java:95)
	at com.sun.glass.ui.gtk.GtkApplication._runLoop(Native Method)
	at com.sun.glass.ui.gtk.GtkApplication.lambda$runLoop$10(GtkApplication.java:263)
	at java.base/java.lang.Thread.run(Thread.java:1583)
Caused by: java.lang.IllegalArgumentException: Table number must be greater than 0.
	at com.simulador.entities.Table.<init>(Table.java:15)
	at com.simulador.controllers.RestaurantController.spawnTable(RestaurantController.java:37)
	at java.base/jdk.internal.reflect.DirectMethodHandleAccessor.invoke(DirectMethodHandleAccessor.java:103)
	at java.base/java.lang.reflect.Method.invoke(Method.java:580)
	at com.almasb.fxgl.core.reflect.ReflectionUtils.call(ReflectionUtils.java:104)
	at com.almasb.fxgl.core.reflect.ReflectionUtils.lambda$mapToFunction$3(ReflectionUtils.java:111)
	at com.almasb.fxgl.entity.GameWorld$create$2.invoke(GameWorld.kt:430)
	at com.almasb.fxgl.entity.GameWorld$create$2.invoke(GameWorld.kt:430)
	at com.almasb.fxgl.core.util.DSLKt.tryCatchRoot(DSL.kt:34)
	at com.almasb.fxgl.entity.GameWorld.create(GameWorld.kt:430)
	at com.almasb.fxgl.entity.GameWorld.spawn(GameWorld.kt:396)
	at com.simulador.app.Main.initializeTables(Main.java:173)
	at com.simulador.app.Main.initializeGameElements(Main.java:152)
	at com.simulador.app.Main.initGame(Main.java:65)
	at com.almasb.fxgl.app.FXGLApplication$InitAppTask.initGame(FXGLApplication.kt:339)
	at com.almasb.fxgl.app.FXGLApplication$InitAppTask.call(FXGLApplication.kt:319)
	at com.almasb.fxgl.app.FXGLApplication$InitAppTask.call(FXGLApplication.kt:311)
	at javafx.concurrent.Task$TaskCallable.call(Task.java:1399)
	at java.base/java.util.concurrent.FutureTask.run(FutureTask.java:317)
	at java.base/java.util.concurrent.Executors$RunnableAdapter.call(Executors.java:572)
	at java.base/java.util.concurrent.FutureTask.run(FutureTask.java:317)
	at java.base/java.util.concurrent.ThreadPoolExecutor.runWorker(ThreadPoolExecutor.java:1144)
	at java.base/java.util.concurrent.ThreadPoolExecutor$Worker.run(ThreadPoolExecutor.java:642)
	... 1 more

07:23:10.690 [JavaFX Application Thread] FATAL FXGLApplication      - Application will now exit
07:23:10.710 [JavaFX Application Thread] DEBUG PrimaryStageWindow   - Push state: ErrorSubScene
07:23:10.710 [JavaFX Application Thread] DEBUG Input                - Clearing active input actions
07:23:10.718 [JavaFX Application Thread] DEBUG GameApplicationServi - Removing overlay from FXGLLoadingScene and adding to ErrorSubScene
07:23:10.718 [JavaFX Application Thread] DEBUG PrimaryStageWindow   - FXGLLoadingScene -> ErrorSubScene
07:23:10.988 [FXGL Background Thread 2 ] INFO  UpdaterService       - Your current version:  17.3
07:23:10.989 [FXGL Background Thread 2 ] INFO  UpdaterService       - Latest stable version: 21.1
07:23:12.758 [JavaFX Application Thread] DEBUG FXGLApplication      - Exiting FXGL
07:23:12.758 [JavaFX Application Thread] DEBUG Async                - Shutting down background threads
07:23:12.758 [JavaFX Application Thread] DEBUG PrimaryStageWindow   - Closing main window
07:23:12.762 [JavaFX Application Thread] DEBUG Logger               - Closing Logger
