07:35:47.634 [main                     ] DEBUG Logger               - Configured Logger
07:35:47.647 [main                     ] DEBUG GameApplication      - Logging settings
Title: Restaurante
Version: 0.0
Width: 700
Height: 500
Fullscreen: false
Intro: false
Profiling: false
Single step:false
App Mode: DEVELOPER
Menu Key: ESCAPE
Stage Style: DECORATED
Scene Factory: class com.almasb.fxgl.app.scene.SceneFactory

07:35:47.973 [JavaFX Application Thread] DEBUG FXGLApplication      - Initializing FXGL
07:35:47.974 [JavaFX Application Thread] INFO  Engine               - FXGL-17.3 (30.03.2023 11.49) on LINUX (J:21.0.5 FX:21)
07:35:47.975 [JavaFX Application Thread] DEBUG Engine               - JRE Vendor Name: Red Hat, Inc.
07:35:47.975 [JavaFX Application Thread] DEBUG Engine               - Running on OS: Linux version 6.10.8-200.fc40.x86_64
07:35:47.975 [JavaFX Application Thread] DEBUG Engine               - Architecture: amd64
07:35:47.975 [JavaFX Application Thread] INFO  Engine               - Source code and latest versions at: https://github.com/AlmasB/FXGL
07:35:47.975 [JavaFX Application Thread] INFO  Engine               -       Ask questions and discuss at: https://github.com/AlmasB/FXGL/discussions
07:35:47.975 [JavaFX Application Thread] INFO  Engine               -              Join the FXGL chat at: https://gitter.im/AlmasB/FXGL
07:35:48.028 [JavaFX Application Thread] DEBUG PrimaryStageWindow   - Creating a JavaFX scene
07:35:48.071 [JavaFX Application Thread] DEBUG PrimaryStageWindow   - Target settings size: 700.0 x 500.0
07:35:48.071 [JavaFX Application Thread] DEBUG PrimaryStageWindow   - Scaled scene size:    700.0 x 500.0
07:35:48.071 [JavaFX Application Thread] DEBUG PrimaryStageWindow   - Scaled ratio: (1.0, 1.0)
07:35:48.072 [JavaFX Application Thread] DEBUG PrimaryStageWindow   - Set initial scene to FXGLStartupScene
07:35:48.073 [JavaFX Application Thread] DEBUG PrimaryStageWindow   - Opening main window
07:35:48.093 [JavaFX Application Thread] DEBUG PrimaryStageWindow   - Window border size: (0.0, 35.0)
07:35:48.093 [JavaFX Application Thread] DEBUG PrimaryStageWindow   - Scaled size: 700.0 x 465.0
07:35:48.093 [JavaFX Application Thread] DEBUG PrimaryStageWindow   - Scaled ratio: (1.0, 0.93)
07:35:48.094 [JavaFX Application Thread] DEBUG PrimaryStageWindow   - Scene size: 700.0 x 500.0
07:35:48.094 [JavaFX Application Thread] DEBUG PrimaryStageWindow   - Stage size: 700.0 x 500.0
07:35:48.099 [FXGL Background Thread 1 ] DEBUG Engine               - Initializing environment variables
07:35:48.121 [FXGL Background Thread 1 ] DEBUG FXGLAssetLoaderServi - User app class for loading assets: class com.simulador.app.Main
07:35:48.121 [FXGL Background Thread 1 ] DEBUG GameApplicationServi - Applying CSS: fxgl_dark.css
07:35:48.121 [FXGL Background Thread 1 ] DEBUG FXGLAssetLoaderServi - Loading from file system: jar:file:/home/zulito420/.m2/repository/com/github/almasb/fxgl/17.3/fxgl-17.3.jar!/fxglassets/ui/css/fxgl_dark.css
07:35:48.147 [FXGL Background Thread 1 ] DEBUG GameApplicationServi - Initializing application scenes
07:35:48.169 [FXGL Background Thread 1 ] DEBUG GameWorld            - Game world initialized
07:35:48.196 [FXGL Background Thread 1 ] DEBUG PhysicsWorld         - Physics world initialized: appHeight=500, physics.ppm=50.0
07:35:48.196 [FXGL Background Thread 1 ] DEBUG PhysicsWorld         - Using strategy: BRUTE_FORCE
07:35:48.198 [FXGL Background Thread 1 ] DEBUG GameScene            - Game scene initialized: 700x500
07:35:48.205 [FXGL Background Thread 1 ] WARN  FXGL.DefaultMenu     - FXGLDefaultMenu is not designed for resolutions < 800x600
07:35:48.205 [FXGL Background Thread 1 ] DEBUG FXGL.DefaultMenu     - createMenuBodyGameMenu()
07:35:48.213 [FXGL Background Thread 1 ] DEBUG FXGL.DefaultMenu     - createOptionsMenu()
07:35:48.218 [FXGL Background Thread 1 ] DEBUG FXGLAssetLoaderServi - Loading from file system: jar:file:/home/zulito420/.m2/repository/com/github/almasb/fxgl/17.3/fxgl-17.3.jar!/fxglassets/textures/particles/smoke.png
07:35:48.263 [FXGL Background Thread 1 ] DEBUG FXGLAssetLoaderServi - Loading from file system: jar:file:/home/zulito420/.m2/repository/com/github/almasb/fxgl/17.3/fxgl-17.3.jar!/fxglassets/textures/particles/trace_horizontal.png
07:35:48.276 [FXGL Background Thread 1 ] DEBUG GameApplicationServi - Application scenes initialized
07:35:48.283 [FXGL Background Thread 1 ] DEBUG SystemBundleService  - Loading FXGL system data
07:35:48.284 [FXGL Background Thread 1 ] DEBUG FileSystemAccess     - Reading from: /home/zulito420/Documentos/ProgramacionConcurrente/Restaurant_S/system/fxgl.bundle
07:35:48.286 [FXGL Background Thread 1 ] DEBUG SystemBundleService  - Bundle FXGL: {}
07:35:48.286 [FXGL Background Thread 1 ] DEBUG UpdaterService       - Checking for updates
07:35:48.288 [FXGL Background Thread 4 ] DEBUG FXGLApplication      - Loading fonts
07:35:48.288 [FXGL Background Thread 4 ] DEBUG FXGLAssetLoaderServi - Loading from file system: jar:file:/home/zulito420/.m2/repository/com/github/almasb/fxgl/17.3/fxgl-17.3.jar!/fxglassets/ui/fonts/VarelaRound-Regular.ttf
07:35:48.288 [FXGL Background Thread 1 ] DEBUG FXGLApplication      - Loading default localization
07:35:48.289 [FXGL Background Thread 1 ] DEBUG FXGLAssetLoaderServi - Loading from file system: jar:file:/home/zulito420/.m2/repository/com/github/almasb/fxgl/17.3/fxgl-17.3.jar!/fxglassets/languages/english.lang
07:35:48.295 [FXGL Background Thread 4 ] DEBUG FXGLAssetLoaderServi - Loading from file system: jar:file:/home/zulito420/.m2/repository/com/github/almasb/fxgl/17.3/fxgl-17.3.jar!/fxglassets/ui/fonts/Abel-Regular.ttf
07:35:48.296 [FXGL Background Thread 4 ] DEBUG FXGLAssetLoaderServi - Loading from file system: jar:file:/home/zulito420/.m2/repository/com/github/almasb/fxgl/17.3/fxgl-17.3.jar!/fxglassets/ui/fonts/TerminalLandMono-Regular.otf
07:35:48.297 [FXGL Background Thread 4 ] DEBUG FXGLAssetLoaderServi - Loading from file system: jar:file:/home/zulito420/.m2/repository/com/github/almasb/fxgl/17.3/fxgl-17.3.jar!/fxglassets/ui/fonts/Courier-Prime.ttf
07:35:48.301 [JavaFX Application Thread] DEBUG FXGLApplication      - Registering font factories with UI factory
07:35:48.303 [FXGL Background Thread 1 ] INFO  FXGLApplication      - FXGL initialization took: 0.204 sec
07:35:48.304 [JavaFX Application Thread] DEBUG FXGLAssetLoaderServi - Loading from file system: jar:file:/home/zulito420/.m2/repository/com/github/almasb/fxgl/17.3/fxgl-17.3.jar!/fxglassets/textures/fxgl_icon.png
07:35:48.331 [JavaFX Application Thread] DEBUG FXGLAssetLoaderServi - Loading from file system: jar:file:/home/zulito420/.m2/repository/com/github/almasb/fxgl/17.3/fxgl-17.3.jar!/fxglassets/textures/fxgl_default_cursor.png
07:35:48.339 [JavaFX Application Thread] DEBUG Input                - Registered new binding: Screenshot - CTRL+8
07:35:48.340 [JavaFX Application Thread] DEBUG Input                - Registered new binding: System info dump - CTRL+9
07:35:48.340 [JavaFX Application Thread] DEBUG Input                - Registered new binding: Restart - CTRL+R
07:35:48.341 [JavaFX Application Thread] DEBUG Input                - Registered new binding: Toggle Debug Camera - CTRL+7
07:35:48.343 [JavaFX Application Thread] DEBUG LoopRunner           - Starting loop
07:35:48.343 [JavaFX Application Thread] DEBUG LoopRunner           - Initializing JavaFX AnimationTimerLoop
07:35:48.344 [JavaFX Application Thread] DEBUG GameApplicationServi - Starting new game
07:35:48.344 [JavaFX Application Thread] DEBUG Input                - Clearing active input actions
07:35:48.354 [JavaFX Application Thread] DEBUG GameApplicationServi - Removing overlay from FXGLStartupScene and adding to FXGLLoadingScene
07:35:48.354 [JavaFX Application Thread] DEBUG PrimaryStageWindow   - FXGLStartupScene -> FXGLLoadingScene
07:35:48.354 [JavaFX Application Thread] DEBUG GameApplicationServi - Clearing previous game
07:35:48.354 [JavaFX Application Thread] DEBUG GameScene            - Clearing game scene
07:35:48.354 [JavaFX Application Thread] DEBUG GameWorld            - Clearing game world
07:35:48.355 [JavaFX Application Thread] DEBUG PhysicsWorld         - Clearing physics world
07:35:48.356 [FXGL Background Thread 1 ] DEBUG FXGLApplication      - Initializing game
07:35:48.471 [FXGL Background Thread 1 ] INFO  FXGLApplication      - Game initialization took: 0.115 sec
07:35:48.474 [JavaFX Application Thread] DEBUG Input                - Clearing active input actions
07:35:48.483 [JavaFX Application Thread] DEBUG GameApplicationServi - Removing overlay from FXGLLoadingScene and adding to GameScene
07:35:48.483 [JavaFX Application Thread] DEBUG PrimaryStageWindow   - FXGLLoadingScene -> GameScene
07:35:48.636 [FXGL Background Thread 2 ] INFO  UpdaterService       - Your current version:  17.3
07:35:48.637 [FXGL Background Thread 2 ] INFO  UpdaterService       - Latest stable version: 21.1
07:35:51.287 [FXGL Background Thread 3 ] DEBUG Engine               - Logging environment variables
07:35:51.288 [FXGL Background Thread 3 ] DEBUG Engine               - achievements: []
07:35:51.288 [FXGL Background Thread 3 ] DEBUG Engine               - actualHeight: 465.0
07:35:51.288 [FXGL Background Thread 3 ] DEBUG Engine               - actualHeightProperty: ReadOnlyDoubleProperty [value: 495.0]
07:35:51.288 [FXGL Background Thread 3 ] DEBUG Engine               - actualWidth: 700.0
07:35:51.288 [FXGL Background Thread 3 ] DEBUG Engine               - actualWidthProperty: ReadOnlyDoubleProperty [value: 700.0]
07:35:51.288 [FXGL Background Thread 3 ] DEBUG Engine               - appIcon: fxgl_icon.png
07:35:51.288 [FXGL Background Thread 3 ] DEBUG Engine               - applicationMode: DEVELOPER
07:35:51.288 [FXGL Background Thread 3 ] DEBUG Engine               - cSSList: [fxgl_dark.css]
07:35:51.288 [FXGL Background Thread 3 ] DEBUG Engine               - collisionDetectionStrategy: BRUTE_FORCE
07:35:51.288 [FXGL Background Thread 3 ] DEBUG Engine               - configClass: Optional.empty
07:35:51.288 [FXGL Background Thread 3 ] DEBUG Engine               - credits: []
07:35:51.289 [FXGL Background Thread 3 ] DEBUG Engine               - defaultCursor: CursorInfo(imageName=fxgl_default_cursor.png, hotspotX=7.0, hotspotY=6.0)
07:35:51.289 [FXGL Background Thread 3 ] DEBUG Engine               - devBBoxColorProperty: ObjectProperty [value: 0xff0000ff]
07:35:51.289 [FXGL Background Thread 3 ] DEBUG Engine               - devEnableDebugCameraProperty: BooleanProperty [value: false]
07:35:51.289 [FXGL Background Thread 3 ] DEBUG Engine               - devSensorColorProperty: ObjectProperty [value: 0xffff00ff]
07:35:51.289 [FXGL Background Thread 3 ] DEBUG Engine               - devShowBBoxProperty: BooleanProperty [value: false]
07:35:51.289 [FXGL Background Thread 3 ] DEBUG Engine               - devShowPositionProperty: BooleanProperty [value: false]
07:35:51.289 [FXGL Background Thread 3 ] DEBUG Engine               - enabledMenuItems: []
07:35:51.289 [FXGL Background Thread 3 ] DEBUG Engine               - engineServices: [class com.almasb.fxgl.app.services.FXGLAssetLoaderService, class com.almasb.fxgl.app.FXGLApplication$GameApplicationService, class com.almasb.fxgl.app.services.FXGLDialogService, class com.almasb.fxgl.app.services.IOTaskExecutorService, class com.almasb.fxgl.io.FileSystemService, class com.almasb.fxgl.localization.LocalizationService, class com.almasb.fxgl.app.services.SystemBundleService, class com.almasb.fxgl.profile.SaveLoadService, class com.almasb.fxgl.ui.FXGLUIFactoryServiceProvider, class com.almasb.fxgl.ui.FXGLDialogFactoryServiceProvider, class com.almasb.fxgl.audio.AudioPlayer, class com.almasb.fxgl.notification.impl.NotificationServiceProvider, class com.almasb.fxgl.achievement.AchievementService, class com.almasb.fxgl.cutscene.CutsceneService, class com.almasb.fxgl.minigames.MiniGameService, class com.almasb.fxgl.net.NetService, class com.almasb.fxgl.app.services.UpdaterService, class com.almasb.fxgl.dev.DevService]
07:35:51.289 [FXGL Background Thread 3 ] DEBUG Engine               - fontGame: Abel-Regular.ttf
07:35:51.289 [FXGL Background Thread 3 ] DEBUG Engine               - fontMono: TerminalLandMono-Regular.otf
07:35:51.289 [FXGL Background Thread 3 ] DEBUG Engine               - fontSizeScaleUI: 1.0
07:35:51.289 [FXGL Background Thread 3 ] DEBUG Engine               - fontText: Courier-Prime.ttf
07:35:51.289 [FXGL Background Thread 3 ] DEBUG Engine               - fontUI: VarelaRound-Regular.ttf
07:35:51.289 [FXGL Background Thread 3 ] DEBUG Engine               - fullScreen: BooleanProperty [value: false]
07:35:51.289 [FXGL Background Thread 3 ] DEBUG Engine               - gameDifficulty: MEDIUM
07:35:51.289 [FXGL Background Thread 3 ] DEBUG Engine               - gameDifficultyProperty: ObjectProperty [value: MEDIUM]
07:35:51.290 [FXGL Background Thread 3 ] DEBUG Engine               - globalMusicVolume: 0.5
07:35:51.290 [FXGL Background Thread 3 ] DEBUG Engine               - globalMusicVolumeProperty: DoubleProperty [value: 0.5]
07:35:51.290 [FXGL Background Thread 3 ] DEBUG Engine               - globalSoundVolume: 0.5
07:35:51.290 [FXGL Background Thread 3 ] DEBUG Engine               - globalSoundVolumeProperty: DoubleProperty [value: 0.5]
07:35:51.290 [FXGL Background Thread 3 ] DEBUG Engine               - height: 500
07:35:51.290 [FXGL Background Thread 3 ] DEBUG Engine               - is3D: false
07:35:51.290 [FXGL Background Thread 3 ] DEBUG Engine               - isAndroid: false
07:35:51.290 [FXGL Background Thread 3 ] DEBUG Engine               - isBrowser: false
07:35:51.290 [FXGL Background Thread 3 ] DEBUG Engine               - isClickFeedbackEnabled: false
07:35:51.290 [FXGL Background Thread 3 ] DEBUG Engine               - isCloseConfirmation: false
07:35:51.290 [FXGL Background Thread 3 ] DEBUG Engine               - isDesktop: true
07:35:51.290 [FXGL Background Thread 3 ] DEBUG Engine               - isDeveloperMenuEnabled: false
07:35:51.290 [FXGL Background Thread 3 ] DEBUG Engine               - isEmbedded: false
07:35:51.290 [FXGL Background Thread 3 ] DEBUG Engine               - isEntityPreloadEnabled: true
07:35:51.290 [FXGL Background Thread 3 ] DEBUG Engine               - isExperimentalTiledLargeMap: false
07:35:51.290 [FXGL Background Thread 3 ] DEBUG Engine               - isFileSystemWriteAllowed: true
07:35:51.290 [FXGL Background Thread 3 ] DEBUG Engine               - isFullScreenAllowed: false
07:35:51.290 [FXGL Background Thread 3 ] DEBUG Engine               - isFullScreenFromStart: false
07:35:51.290 [FXGL Background Thread 3 ] DEBUG Engine               - isGameMenuEnabled: true
07:35:51.290 [FXGL Background Thread 3 ] DEBUG Engine               - isIOS: false
07:35:51.290 [FXGL Background Thread 3 ] DEBUG Engine               - isIntroEnabled: false
07:35:51.290 [FXGL Background Thread 3 ] DEBUG Engine               - isLinux: true
07:35:51.291 [FXGL Background Thread 3 ] DEBUG Engine               - isMac: false
07:35:51.291 [FXGL Background Thread 3 ] DEBUG Engine               - isMainMenuEnabled: false
07:35:51.291 [FXGL Background Thread 3 ] DEBUG Engine               - isManualResizeEnabled: false
07:35:51.291 [FXGL Background Thread 3 ] DEBUG Engine               - isMobile: false
07:35:51.291 [FXGL Background Thread 3 ] DEBUG Engine               - isNative: false
07:35:51.291 [FXGL Background Thread 3 ] DEBUG Engine               - isPauseMusicWhenMinimized: true
07:35:51.291 [FXGL Background Thread 3 ] DEBUG Engine               - isPreserveResizeRatio: false
07:35:51.291 [FXGL Background Thread 3 ] DEBUG Engine               - isProfilingEnabled: false
07:35:51.291 [FXGL Background Thread 3 ] DEBUG Engine               - isScaleAffectedOnResize: true
07:35:51.291 [FXGL Background Thread 3 ] DEBUG Engine               - isSingleStep: false
07:35:51.291 [FXGL Background Thread 3 ] DEBUG Engine               - isUserProfileEnabled: false
07:35:51.291 [FXGL Background Thread 3 ] DEBUG Engine               - isWindows: false
07:35:51.291 [FXGL Background Thread 3 ] DEBUG Engine               - language: ObjectProperty [value: ENGLISH]
07:35:51.291 [FXGL Background Thread 3 ] DEBUG Engine               - menuKey: ESCAPE
07:35:51.291 [FXGL Background Thread 3 ] DEBUG Engine               - mouseSensitivity: 0.2
07:35:51.291 [FXGL Background Thread 3 ] DEBUG Engine               - notificationViewClass: class com.almasb.fxgl.notification.view.XboxNotificationView
07:35:51.291 [FXGL Background Thread 3 ] DEBUG Engine               - pixelsPerMeter: 50.0
07:35:51.291 [FXGL Background Thread 3 ] DEBUG Engine               - platform: LINUX
07:35:51.291 [FXGL Background Thread 3 ] DEBUG Engine               - prefHeightProperty: ReadOnlyDoubleProperty [value: 500.0]
07:35:51.291 [FXGL Background Thread 3 ] DEBUG Engine               - prefWidthProperty: ReadOnlyDoubleProperty [value: 700.0]
07:35:51.291 [FXGL Background Thread 3 ] DEBUG Engine               - profileDir: profiles/
07:35:51.291 [FXGL Background Thread 3 ] DEBUG Engine               - profileName: StringProperty [value: DEFAULT]
07:35:51.291 [FXGL Background Thread 3 ] DEBUG Engine               - randomSeed: -1
07:35:51.291 [FXGL Background Thread 3 ] DEBUG Engine               - runtimeInfo: RuntimeInfo(platform=LINUX, version=17.3, build=30.03.2023 11.49)
07:35:51.291 [FXGL Background Thread 3 ] DEBUG Engine               - saveFileExt: sav
07:35:51.291 [FXGL Background Thread 3 ] DEBUG Engine               - scaledHeightProp$fxgl: DoubleProperty [bound, value: 495.0]
07:35:51.291 [FXGL Background Thread 3 ] DEBUG Engine               - scaledWidthProp$fxgl: DoubleProperty [bound, value: 700.0]
07:35:51.291 [FXGL Background Thread 3 ] DEBUG Engine               - sceneFactory: com.almasb.fxgl.app.scene.SceneFactory@abb7297
07:35:51.291 [FXGL Background Thread 3 ] DEBUG Engine               - secondsIn24h: 60
07:35:51.292 [FXGL Background Thread 3 ] DEBUG Engine               - soundMenuBack: menu/back.wav
07:35:51.292 [FXGL Background Thread 3 ] DEBUG Engine               - soundMenuPress: menu/press.wav
07:35:51.292 [FXGL Background Thread 3 ] DEBUG Engine               - soundMenuSelect: menu/select.wav
07:35:51.292 [FXGL Background Thread 3 ] DEBUG Engine               - soundNotification: core/notification.wav
07:35:51.292 [FXGL Background Thread 3 ] DEBUG Engine               - stageStyle: DECORATED
07:35:51.292 [FXGL Background Thread 3 ] DEBUG Engine               - supportedLanguages: [ENGLISH, FRENCH, GERMAN, HUNGARIAN, RUSSIAN]
07:35:51.292 [FXGL Background Thread 3 ] DEBUG Engine               - ticksPerSecond: -1
07:35:51.292 [FXGL Background Thread 3 ] DEBUG Engine               - title: Restaurante
07:35:51.292 [FXGL Background Thread 3 ] DEBUG Engine               - urlGithub: https://github.com/AlmasB/FXGL
07:35:51.292 [FXGL Background Thread 3 ] DEBUG Engine               - urlLeaderboard: http://fxgl-top.herokuapp.com/
07:35:51.292 [FXGL Background Thread 3 ] DEBUG Engine               - urlPOM: https://raw.githubusercontent.com/AlmasB/FXGL/release/README.md
07:35:51.292 [FXGL Background Thread 3 ] DEBUG Engine               - userAppClass: class com.simulador.app.Main
07:35:51.292 [FXGL Background Thread 3 ] DEBUG Engine               - version: 0.0
07:35:51.292 [FXGL Background Thread 3 ] DEBUG Engine               - versionCheckDays: 7
07:35:51.292 [FXGL Background Thread 3 ] DEBUG Engine               - width: 700
07:35:51.292 [FXGL Background Thread 3 ] DEBUG Engine               - Logging services
07:35:51.292 [FXGL Background Thread 3 ] DEBUG Engine               - class com.almasb.fxgl.app.services.FXGLAssetLoaderService
07:35:51.292 [FXGL Background Thread 3 ] DEBUG Engine               - class com.almasb.fxgl.app.FXGLApplication$GameApplicationService
07:35:51.292 [FXGL Background Thread 3 ] DEBUG Engine               - class com.almasb.fxgl.app.services.FXGLDialogService
07:35:51.292 [FXGL Background Thread 3 ] DEBUG Engine               - class com.almasb.fxgl.app.services.IOTaskExecutorService
07:35:51.292 [FXGL Background Thread 3 ] DEBUG Engine               - class com.almasb.fxgl.io.FileSystemService
07:35:51.292 [FXGL Background Thread 3 ] DEBUG Engine               - class com.almasb.fxgl.localization.LocalizationService
07:35:51.292 [FXGL Background Thread 3 ] DEBUG Engine               - class com.almasb.fxgl.app.services.SystemBundleService
07:35:51.292 [FXGL Background Thread 3 ] DEBUG Engine               - class com.almasb.fxgl.profile.SaveLoadService
07:35:51.292 [FXGL Background Thread 3 ] DEBUG Engine               - class com.almasb.fxgl.ui.FXGLUIFactoryServiceProvider
07:35:51.292 [FXGL Background Thread 3 ] DEBUG Engine               - class com.almasb.fxgl.ui.FXGLDialogFactoryServiceProvider
07:35:51.292 [FXGL Background Thread 3 ] DEBUG Engine               - class com.almasb.fxgl.audio.AudioPlayer
07:35:51.292 [FXGL Background Thread 3 ] DEBUG Engine               - class com.almasb.fxgl.notification.impl.NotificationServiceProvider
07:35:51.292 [FXGL Background Thread 3 ] DEBUG Engine               - class com.almasb.fxgl.achievement.AchievementService
07:35:51.292 [FXGL Background Thread 3 ] DEBUG Engine               - class com.almasb.fxgl.cutscene.CutsceneService
07:35:51.292 [FXGL Background Thread 3 ] DEBUG Engine               - class com.almasb.fxgl.minigames.MiniGameService
07:35:51.292 [FXGL Background Thread 3 ] DEBUG Engine               - class com.almasb.fxgl.net.NetService
07:35:51.292 [FXGL Background Thread 3 ] DEBUG Engine               - class com.almasb.fxgl.app.services.UpdaterService
07:35:51.292 [FXGL Background Thread 3 ] DEBUG Engine               - class com.almasb.fxgl.dev.DevService
07:37:27.595 [JavaFX Application Thread] DEBUG FXGLApplication      - Exiting FXGL
07:37:27.595 [JavaFX Application Thread] DEBUG LoopRunner           - Stopping loop
07:37:27.595 [JavaFX Application Thread] DEBUG SystemBundleService  - Saving FXGL system data
07:37:27.597 [JavaFX Application Thread] DEBUG FileSystemAccess     - Writing to: /home/zulito420/Documentos/ProgramacionConcurrente/Restaurant_S/system/fxgl.bundle
07:37:27.598 [JavaFX Application Thread] DEBUG Async                - Shutting down background threads
07:37:27.598 [JavaFX Application Thread] DEBUG PrimaryStageWindow   - Closing main window
07:37:27.599 [JavaFX Application Thread] DEBUG Logger               - Closing Logger
