20:59:38.148 [main                     ] DEBUG Logger               - Configured Logger
20:59:38.175 [main                     ] DEBUG GameApplication      - Logging settings
Title: Restaurante
Version: 0.0
Width: 1000
Height: 700
Fullscreen: false
Intro: false
Profiling: false
Single step:false
App Mode: DEVELOPER
Menu Key: ESCAPE
Stage Style: DECORATED
Scene Factory: class com.almasb.fxgl.app.scene.SceneFactory

20:59:39.383 [JavaFX Application Thread] DEBUG FXGLApplication      - Initializing FXGL
20:59:39.386 [JavaFX Application Thread] INFO  Engine               - FXGL-17.3 (30.03.2023 11.49) on WINDOWS (J:23.0.1 FX:21)
20:59:39.386 [JavaFX Application Thread] DEBUG Engine               - JRE Vendor Name: Oracle Corporation
20:59:39.386 [JavaFX Application Thread] DEBUG Engine               - Running on OS: Windows 11 version 10.0
20:59:39.386 [JavaFX Application Thread] DEBUG Engine               - Architecture: amd64
20:59:39.386 [JavaFX Application Thread] INFO  Engine               - Source code and latest versions at: https://github.com/AlmasB/FXGL
20:59:39.386 [JavaFX Application Thread] INFO  Engine               -       Ask questions and discuss at: https://github.com/AlmasB/FXGL/discussions
20:59:39.386 [JavaFX Application Thread] INFO  Engine               -              Join the FXGL chat at: https://gitter.im/AlmasB/FXGL
20:59:39.503 [JavaFX Application Thread] DEBUG PrimaryStageWindow   - Creating a JavaFX scene
20:59:39.592 [JavaFX Application Thread] DEBUG PrimaryStageWindow   - Target settings size: 1000.0 x 700.0
20:59:39.592 [JavaFX Application Thread] DEBUG PrimaryStageWindow   - Scaled scene size:    1000.0 x 700.0
20:59:39.593 [JavaFX Application Thread] DEBUG PrimaryStageWindow   - Scaled ratio: (1.0, 1.0)
20:59:39.594 [JavaFX Application Thread] DEBUG PrimaryStageWindow   - Set initial scene to FXGLStartupScene
20:59:39.598 [JavaFX Application Thread] DEBUG PrimaryStageWindow   - Opening main window
20:59:39.733 [JavaFX Application Thread] DEBUG PrimaryStageWindow   - Window border size: (16.0, 39.0)
20:59:39.733 [JavaFX Application Thread] DEBUG PrimaryStageWindow   - Scaled size: 1000.0 x 700.0
20:59:39.733 [JavaFX Application Thread] DEBUG PrimaryStageWindow   - Scaled ratio: (1.0, 1.0)
20:59:39.733 [JavaFX Application Thread] DEBUG PrimaryStageWindow   - Scene size: 1000.0 x 700.0
20:59:39.734 [JavaFX Application Thread] DEBUG PrimaryStageWindow   - Stage size: 1016.0 x 739.0
20:59:39.740 [FXGL Background Thread 1 ] DEBUG Engine               - Initializing environment variables
20:59:39.796 [FXGL Background Thread 1 ] DEBUG FXGLAssetLoaderServi - User app class for loading assets: class com.simulador.app.Main
20:59:39.796 [FXGL Background Thread 1 ] DEBUG GameApplicationServi - Applying CSS: fxgl_dark.css
20:59:39.797 [FXGL Background Thread 1 ] DEBUG FXGLAssetLoaderServi - Loading from file system: jar:file:/C:/Users/gabor/.m2/repository/com/github/almasb/fxgl/17.3/fxgl-17.3.jar!/fxglassets/ui/css/fxgl_dark.css
20:59:39.847 [FXGL Background Thread 1 ] DEBUG GameApplicationServi - Initializing application scenes
20:59:39.892 [FXGL Background Thread 1 ] DEBUG GameWorld            - Game world initialized
20:59:39.944 [FXGL Background Thread 1 ] DEBUG PhysicsWorld         - Physics world initialized: appHeight=700, physics.ppm=50.0
20:59:39.945 [FXGL Background Thread 1 ] DEBUG PhysicsWorld         - Using strategy: BRUTE_FORCE
20:59:39.948 [FXGL Background Thread 1 ] DEBUG GameScene            - Game scene initialized: 1000x700
20:59:39.959 [FXGL Background Thread 1 ] DEBUG FXGL.DefaultMenu     - createMenuBodyGameMenu()
20:59:39.975 [FXGL Background Thread 1 ] DEBUG FXGL.DefaultMenu     - createOptionsMenu()
20:59:39.983 [FXGL Background Thread 1 ] DEBUG FXGLAssetLoaderServi - Loading from file system: jar:file:/C:/Users/gabor/.m2/repository/com/github/almasb/fxgl/17.3/fxgl-17.3.jar!/fxglassets/textures/particles/smoke.png
20:59:40.064 [FXGL Background Thread 1 ] DEBUG FXGLAssetLoaderServi - Loading from file system: jar:file:/C:/Users/gabor/.m2/repository/com/github/almasb/fxgl/17.3/fxgl-17.3.jar!/fxglassets/textures/particles/trace_horizontal.png
20:59:40.079 [FXGL Background Thread 1 ] DEBUG GameApplicationServi - Application scenes initialized
20:59:40.092 [FXGL Background Thread 1 ] DEBUG SystemBundleService  - Loading FXGL system data
20:59:40.093 [FXGL Background Thread 1 ] DEBUG FileSystemAccess     - Reading from: C:\Users\gabor\IdeaProjects\SIMULADOR-GABO\system\fxgl.bundle
20:59:40.097 [FXGL Background Thread 1 ] DEBUG SystemBundleService  - Bundle FXGL: {}
20:59:40.097 [FXGL Background Thread 1 ] DEBUG UpdaterService       - Checking for updates
20:59:40.100 [FXGL Background Thread 4 ] DEBUG FXGLApplication      - Loading fonts
20:59:40.100 [FXGL Background Thread 1 ] DEBUG FXGLApplication      - Loading default localization
20:59:40.100 [FXGL Background Thread 4 ] DEBUG FXGLAssetLoaderServi - Loading from file system: jar:file:/C:/Users/gabor/.m2/repository/com/github/almasb/fxgl/17.3/fxgl-17.3.jar!/fxglassets/ui/fonts/VarelaRound-Regular.ttf
20:59:40.100 [FXGL Background Thread 1 ] DEBUG FXGLAssetLoaderServi - Loading from file system: jar:file:/C:/Users/gabor/.m2/repository/com/github/almasb/fxgl/17.3/fxgl-17.3.jar!/fxglassets/languages/english.lang
20:59:40.130 [FXGL Background Thread 4 ] DEBUG FXGLAssetLoaderServi - Loading from file system: jar:file:/C:/Users/gabor/.m2/repository/com/github/almasb/fxgl/17.3/fxgl-17.3.jar!/fxglassets/ui/fonts/Abel-Regular.ttf
20:59:40.134 [FXGL Background Thread 1 ] INFO  FXGLApplication      - FXGL initialization took: 0.394 sec
20:59:40.136 [JavaFX Application Thread] DEBUG FXGLAssetLoaderServi - Loading from file system: jar:file:/C:/Users/gabor/.m2/repository/com/github/almasb/fxgl/17.3/fxgl-17.3.jar!/fxglassets/textures/fxgl_icon.png
20:59:40.146 [FXGL Background Thread 4 ] DEBUG FXGLAssetLoaderServi - Loading from file system: jar:file:/C:/Users/gabor/.m2/repository/com/github/almasb/fxgl/17.3/fxgl-17.3.jar!/fxglassets/ui/fonts/TerminalLandMono-Regular.otf
20:59:40.155 [JavaFX Application Thread] DEBUG FXGLAssetLoaderServi - Loading from file system: jar:file:/C:/Users/gabor/.m2/repository/com/github/almasb/fxgl/17.3/fxgl-17.3.jar!/fxglassets/textures/fxgl_default_cursor.png
20:59:40.162 [FXGL Background Thread 4 ] DEBUG FXGLAssetLoaderServi - Loading from file system: jar:file:/C:/Users/gabor/.m2/repository/com/github/almasb/fxgl/17.3/fxgl-17.3.jar!/fxglassets/ui/fonts/Courier-Prime.ttf
20:59:40.165 [JavaFX Application Thread] DEBUG Input                - Registered new binding: Screenshot - CTRL+8
20:59:40.166 [JavaFX Application Thread] DEBUG Input                - Registered new binding: System info dump - CTRL+9
20:59:40.167 [JavaFX Application Thread] DEBUG Input                - Registered new binding: Restart - CTRL+R
20:59:40.168 [JavaFX Application Thread] DEBUG Input                - Registered new binding: Toggle Debug Camera - CTRL+7
20:59:40.171 [JavaFX Application Thread] DEBUG LoopRunner           - Starting loop
20:59:40.171 [JavaFX Application Thread] DEBUG LoopRunner           - Initializing JavaFX AnimationTimerLoop
20:59:40.173 [JavaFX Application Thread] DEBUG GameApplicationServi - Starting new game
20:59:40.174 [JavaFX Application Thread] DEBUG Input                - Clearing active input actions
20:59:40.185 [JavaFX Application Thread] DEBUG GameApplicationServi - Removing overlay from FXGLStartupScene and adding to FXGLLoadingScene
20:59:40.186 [JavaFX Application Thread] DEBUG PrimaryStageWindow   - FXGLStartupScene -> FXGLLoadingScene
20:59:40.186 [JavaFX Application Thread] DEBUG GameApplicationServi - Clearing previous game
20:59:40.186 [JavaFX Application Thread] DEBUG GameScene            - Clearing game scene
20:59:40.186 [JavaFX Application Thread] DEBUG GameWorld            - Clearing game world
20:59:40.186 [JavaFX Application Thread] DEBUG PhysicsWorld         - Clearing physics world
20:59:40.188 [JavaFX Application Thread] DEBUG FXGLApplication      - Registering font factories with UI factory
20:59:40.188 [FXGL Background Thread 4 ] DEBUG FXGLApplication      - Initializing game
20:59:40.388 [FXGL Background Thread 4 ] INFO  FXGLApplication      - Game initialization took: 0.199 sec
20:59:40.388 [JavaFX Application Thread] DEBUG Input                - Clearing active input actions
20:59:40.396 [JavaFX Application Thread] DEBUG GameApplicationServi - Removing overlay from FXGLLoadingScene and adding to GameScene
20:59:40.396 [JavaFX Application Thread] DEBUG PrimaryStageWindow   - FXGLLoadingScene -> GameScene
20:59:40.938 [FXGL Background Thread 2 ] INFO  UpdaterService       - Your current version:  17.3
20:59:40.938 [FXGL Background Thread 2 ] INFO  UpdaterService       - Latest stable version: 21.1
20:59:43.099 [FXGL Background Thread 3 ] DEBUG Engine               - Logging environment variables
20:59:43.099 [FXGL Background Thread 3 ] DEBUG Engine               - achievements: []
20:59:43.099 [FXGL Background Thread 3 ] DEBUG Engine               - actualHeight: 700.0
20:59:43.099 [FXGL Background Thread 3 ] DEBUG Engine               - actualHeightProperty: ReadOnlyDoubleProperty [value: 700.0]
20:59:43.099 [FXGL Background Thread 3 ] DEBUG Engine               - actualWidth: 1000.0
20:59:43.099 [FXGL Background Thread 3 ] DEBUG Engine               - actualWidthProperty: ReadOnlyDoubleProperty [value: 1000.0]
20:59:43.099 [FXGL Background Thread 3 ] DEBUG Engine               - appIcon: fxgl_icon.png
20:59:43.099 [FXGL Background Thread 3 ] DEBUG Engine               - applicationMode: DEVELOPER
20:59:43.099 [FXGL Background Thread 3 ] DEBUG Engine               - cSSList: [fxgl_dark.css]
20:59:43.099 [FXGL Background Thread 3 ] DEBUG Engine               - collisionDetectionStrategy: BRUTE_FORCE
20:59:43.099 [FXGL Background Thread 3 ] DEBUG Engine               - configClass: Optional.empty
20:59:43.100 [FXGL Background Thread 3 ] DEBUG Engine               - credits: []
20:59:43.100 [FXGL Background Thread 3 ] DEBUG Engine               - defaultCursor: CursorInfo(imageName=fxgl_default_cursor.png, hotspotX=7.0, hotspotY=6.0)
20:59:43.100 [FXGL Background Thread 3 ] DEBUG Engine               - devBBoxColorProperty: ObjectProperty [value: 0xff0000ff]
20:59:43.100 [FXGL Background Thread 3 ] DEBUG Engine               - devEnableDebugCameraProperty: BooleanProperty [value: false]
20:59:43.100 [FXGL Background Thread 3 ] DEBUG Engine               - devSensorColorProperty: ObjectProperty [value: 0xffff00ff]
20:59:43.100 [FXGL Background Thread 3 ] DEBUG Engine               - devShowBBoxProperty: BooleanProperty [value: false]
20:59:43.100 [FXGL Background Thread 3 ] DEBUG Engine               - devShowPositionProperty: BooleanProperty [value: false]
20:59:43.100 [FXGL Background Thread 3 ] DEBUG Engine               - enabledMenuItems: []
20:59:43.100 [FXGL Background Thread 3 ] DEBUG Engine               - engineServices: [class com.almasb.fxgl.app.services.FXGLAssetLoaderService, class com.almasb.fxgl.app.FXGLApplication$GameApplicationService, class com.almasb.fxgl.app.services.FXGLDialogService, class com.almasb.fxgl.app.services.IOTaskExecutorService, class com.almasb.fxgl.io.FileSystemService, class com.almasb.fxgl.localization.LocalizationService, class com.almasb.fxgl.app.services.SystemBundleService, class com.almasb.fxgl.profile.SaveLoadService, class com.almasb.fxgl.ui.FXGLUIFactoryServiceProvider, class com.almasb.fxgl.ui.FXGLDialogFactoryServiceProvider, class com.almasb.fxgl.audio.AudioPlayer, class com.almasb.fxgl.notification.impl.NotificationServiceProvider, class com.almasb.fxgl.achievement.AchievementService, class com.almasb.fxgl.cutscene.CutsceneService, class com.almasb.fxgl.minigames.MiniGameService, class com.almasb.fxgl.net.NetService, class com.almasb.fxgl.app.services.UpdaterService, class com.almasb.fxgl.dev.DevService]
20:59:43.100 [FXGL Background Thread 3 ] DEBUG Engine               - fontGame: Abel-Regular.ttf
20:59:43.100 [FXGL Background Thread 3 ] DEBUG Engine               - fontMono: TerminalLandMono-Regular.otf
20:59:43.100 [FXGL Background Thread 3 ] DEBUG Engine               - fontSizeScaleUI: 1.0
20:59:43.100 [FXGL Background Thread 3 ] DEBUG Engine               - fontText: Courier-Prime.ttf
20:59:43.100 [FXGL Background Thread 3 ] DEBUG Engine               - fontUI: VarelaRound-Regular.ttf
20:59:43.100 [FXGL Background Thread 3 ] DEBUG Engine               - fullScreen: BooleanProperty [value: false]
20:59:43.100 [FXGL Background Thread 3 ] DEBUG Engine               - gameDifficulty: MEDIUM
20:59:43.100 [FXGL Background Thread 3 ] DEBUG Engine               - gameDifficultyProperty: ObjectProperty [value: MEDIUM]
20:59:43.100 [FXGL Background Thread 3 ] DEBUG Engine               - globalMusicVolume: 0.5
20:59:43.100 [FXGL Background Thread 3 ] DEBUG Engine               - globalMusicVolumeProperty: DoubleProperty [value: 0.5]
20:59:43.100 [FXGL Background Thread 3 ] DEBUG Engine               - globalSoundVolume: 0.5
20:59:43.100 [FXGL Background Thread 3 ] DEBUG Engine               - globalSoundVolumeProperty: DoubleProperty [value: 0.5]
20:59:43.100 [FXGL Background Thread 3 ] DEBUG Engine               - height: 700
20:59:43.100 [FXGL Background Thread 3 ] DEBUG Engine               - is3D: false
20:59:43.100 [FXGL Background Thread 3 ] DEBUG Engine               - isAndroid: false
20:59:43.100 [FXGL Background Thread 3 ] DEBUG Engine               - isBrowser: false
20:59:43.100 [FXGL Background Thread 3 ] DEBUG Engine               - isClickFeedbackEnabled: false
20:59:43.101 [FXGL Background Thread 3 ] DEBUG Engine               - isCloseConfirmation: false
20:59:43.101 [FXGL Background Thread 3 ] DEBUG Engine               - isDesktop: true
20:59:43.101 [FXGL Background Thread 3 ] DEBUG Engine               - isDeveloperMenuEnabled: false
20:59:43.101 [FXGL Background Thread 3 ] DEBUG Engine               - isEmbedded: false
20:59:43.101 [FXGL Background Thread 3 ] DEBUG Engine               - isEntityPreloadEnabled: true
20:59:43.101 [FXGL Background Thread 3 ] DEBUG Engine               - isExperimentalTiledLargeMap: false
20:59:43.101 [FXGL Background Thread 3 ] DEBUG Engine               - isFileSystemWriteAllowed: true
20:59:43.101 [FXGL Background Thread 3 ] DEBUG Engine               - isFullScreenAllowed: false
20:59:43.101 [FXGL Background Thread 3 ] DEBUG Engine               - isFullScreenFromStart: false
20:59:43.101 [FXGL Background Thread 3 ] DEBUG Engine               - isGameMenuEnabled: true
20:59:43.101 [FXGL Background Thread 3 ] DEBUG Engine               - isIOS: false
20:59:43.101 [FXGL Background Thread 3 ] DEBUG Engine               - isIntroEnabled: false
20:59:43.101 [FXGL Background Thread 3 ] DEBUG Engine               - isLinux: false
20:59:43.101 [FXGL Background Thread 3 ] DEBUG Engine               - isMac: false
20:59:43.101 [FXGL Background Thread 3 ] DEBUG Engine               - isMainMenuEnabled: false
20:59:43.101 [FXGL Background Thread 3 ] DEBUG Engine               - isManualResizeEnabled: false
20:59:43.101 [FXGL Background Thread 3 ] DEBUG Engine               - isMobile: false
20:59:43.101 [FXGL Background Thread 3 ] DEBUG Engine               - isNative: false
20:59:43.101 [FXGL Background Thread 3 ] DEBUG Engine               - isPauseMusicWhenMinimized: true
20:59:43.101 [FXGL Background Thread 3 ] DEBUG Engine               - isPreserveResizeRatio: false
20:59:43.101 [FXGL Background Thread 3 ] DEBUG Engine               - isProfilingEnabled: false
20:59:43.101 [FXGL Background Thread 3 ] DEBUG Engine               - isScaleAffectedOnResize: true
20:59:43.101 [FXGL Background Thread 3 ] DEBUG Engine               - isSingleStep: false
20:59:43.101 [FXGL Background Thread 3 ] DEBUG Engine               - isUserProfileEnabled: false
20:59:43.101 [FXGL Background Thread 3 ] DEBUG Engine               - isWindows: true
20:59:43.101 [FXGL Background Thread 3 ] DEBUG Engine               - language: ObjectProperty [value: ENGLISH]
20:59:43.101 [FXGL Background Thread 3 ] DEBUG Engine               - menuKey: ESCAPE
20:59:43.101 [FXGL Background Thread 3 ] DEBUG Engine               - mouseSensitivity: 0.2
20:59:43.101 [FXGL Background Thread 3 ] DEBUG Engine               - notificationViewClass: class com.almasb.fxgl.notification.view.XboxNotificationView
20:59:43.101 [FXGL Background Thread 3 ] DEBUG Engine               - pixelsPerMeter: 50.0
20:59:43.101 [FXGL Background Thread 3 ] DEBUG Engine               - platform: WINDOWS
20:59:43.101 [FXGL Background Thread 3 ] DEBUG Engine               - prefHeightProperty: ReadOnlyDoubleProperty [value: 700.0]
20:59:43.101 [FXGL Background Thread 3 ] DEBUG Engine               - prefWidthProperty: ReadOnlyDoubleProperty [value: 1000.0]
20:59:43.101 [FXGL Background Thread 3 ] DEBUG Engine               - profileDir: profiles/
20:59:43.101 [FXGL Background Thread 3 ] DEBUG Engine               - profileName: StringProperty [value: DEFAULT]
20:59:43.101 [FXGL Background Thread 3 ] DEBUG Engine               - randomSeed: -1
20:59:43.102 [FXGL Background Thread 3 ] DEBUG Engine               - runtimeInfo: RuntimeInfo(platform=WINDOWS, version=17.3, build=30.03.2023 11.49)
20:59:43.102 [FXGL Background Thread 3 ] DEBUG Engine               - saveFileExt: sav
20:59:43.102 [FXGL Background Thread 3 ] DEBUG Engine               - scaledHeightProp$fxgl: DoubleProperty [bound, value: 700.0]
20:59:43.102 [FXGL Background Thread 3 ] DEBUG Engine               - scaledWidthProp$fxgl: DoubleProperty [bound, value: 1000.0]
20:59:43.102 [FXGL Background Thread 3 ] DEBUG Engine               - sceneFactory: com.almasb.fxgl.app.scene.SceneFactory@19c44400
20:59:43.102 [FXGL Background Thread 3 ] DEBUG Engine               - secondsIn24h: 60
20:59:43.102 [FXGL Background Thread 3 ] DEBUG Engine               - soundMenuBack: menu/back.wav
20:59:43.102 [FXGL Background Thread 3 ] DEBUG Engine               - soundMenuPress: menu/press.wav
20:59:43.102 [FXGL Background Thread 3 ] DEBUG Engine               - soundMenuSelect: menu/select.wav
20:59:43.102 [FXGL Background Thread 3 ] DEBUG Engine               - soundNotification: core/notification.wav
20:59:43.102 [FXGL Background Thread 3 ] DEBUG Engine               - stageStyle: DECORATED
20:59:43.102 [FXGL Background Thread 3 ] DEBUG Engine               - supportedLanguages: [ENGLISH, FRENCH, GERMAN, HUNGARIAN, RUSSIAN]
20:59:43.102 [FXGL Background Thread 3 ] DEBUG Engine               - ticksPerSecond: -1
20:59:43.102 [FXGL Background Thread 3 ] DEBUG Engine               - title: Restaurante
20:59:43.102 [FXGL Background Thread 3 ] DEBUG Engine               - urlGithub: https://github.com/AlmasB/FXGL
20:59:43.102 [FXGL Background Thread 3 ] DEBUG Engine               - urlLeaderboard: http://fxgl-top.herokuapp.com/
20:59:43.102 [FXGL Background Thread 3 ] DEBUG Engine               - urlPOM: https://raw.githubusercontent.com/AlmasB/FXGL/release/README.md
20:59:43.102 [FXGL Background Thread 3 ] DEBUG Engine               - userAppClass: class com.simulador.app.Main
20:59:43.102 [FXGL Background Thread 3 ] DEBUG Engine               - version: 0.0
20:59:43.102 [FXGL Background Thread 3 ] DEBUG Engine               - versionCheckDays: 7
20:59:43.102 [FXGL Background Thread 3 ] DEBUG Engine               - width: 1000
20:59:43.102 [FXGL Background Thread 3 ] DEBUG Engine               - Logging services
20:59:43.102 [FXGL Background Thread 3 ] DEBUG Engine               - class com.almasb.fxgl.app.services.FXGLAssetLoaderService
20:59:43.102 [FXGL Background Thread 3 ] DEBUG Engine               - class com.almasb.fxgl.app.FXGLApplication$GameApplicationService
20:59:43.102 [FXGL Background Thread 3 ] DEBUG Engine               - class com.almasb.fxgl.app.services.FXGLDialogService
20:59:43.102 [FXGL Background Thread 3 ] DEBUG Engine               - class com.almasb.fxgl.app.services.IOTaskExecutorService
20:59:43.102 [FXGL Background Thread 3 ] DEBUG Engine               - class com.almasb.fxgl.io.FileSystemService
20:59:43.102 [FXGL Background Thread 3 ] DEBUG Engine               - class com.almasb.fxgl.localization.LocalizationService
20:59:43.102 [FXGL Background Thread 3 ] DEBUG Engine               - class com.almasb.fxgl.app.services.SystemBundleService
20:59:43.102 [FXGL Background Thread 3 ] DEBUG Engine               - class com.almasb.fxgl.profile.SaveLoadService
20:59:43.102 [FXGL Background Thread 3 ] DEBUG Engine               - class com.almasb.fxgl.ui.FXGLUIFactoryServiceProvider
20:59:43.102 [FXGL Background Thread 3 ] DEBUG Engine               - class com.almasb.fxgl.ui.FXGLDialogFactoryServiceProvider
20:59:43.102 [FXGL Background Thread 3 ] DEBUG Engine               - class com.almasb.fxgl.audio.AudioPlayer
20:59:43.102 [FXGL Background Thread 3 ] DEBUG Engine               - class com.almasb.fxgl.notification.impl.NotificationServiceProvider
20:59:43.102 [FXGL Background Thread 3 ] DEBUG Engine               - class com.almasb.fxgl.achievement.AchievementService
20:59:43.103 [FXGL Background Thread 3 ] DEBUG Engine               - class com.almasb.fxgl.cutscene.CutsceneService
20:59:43.103 [FXGL Background Thread 3 ] DEBUG Engine               - class com.almasb.fxgl.minigames.MiniGameService
20:59:43.103 [FXGL Background Thread 3 ] DEBUG Engine               - class com.almasb.fxgl.net.NetService
20:59:43.103 [FXGL Background Thread 3 ] DEBUG Engine               - class com.almasb.fxgl.app.services.UpdaterService
20:59:43.103 [FXGL Background Thread 3 ] DEBUG Engine               - class com.almasb.fxgl.dev.DevService
21:01:28.476 [JavaFX Application Thread] DEBUG FXGLApplication      - Exiting FXGL
21:01:28.476 [JavaFX Application Thread] DEBUG LoopRunner           - Stopping loop
21:01:28.476 [JavaFX Application Thread] DEBUG SystemBundleService  - Saving FXGL system data
21:01:28.481 [JavaFX Application Thread] DEBUG FileSystemAccess     - Writing to: C:\Users\gabor\IdeaProjects\SIMULADOR-GABO\system\fxgl.bundle
21:01:28.482 [JavaFX Application Thread] DEBUG Async                - Shutting down background threads
21:01:28.482 [JavaFX Application Thread] DEBUG PrimaryStageWindow   - Closing main window
21:01:28.492 [JavaFX Application Thread] DEBUG Logger               - Closing Logger
